[Error  - 08:01:04.541] Getting token failed: Error: Unknown or unsupported transport “disabled” for address “disabled:”
[Error  - 08:01:34.544] Getting token failed: Error: Unknown or unsupported transport “disabled” for address “disabled:”
[Error  - 08:02:04.548] Getting token failed: Error: Unknown or unsupported transport “disabled” for address “disabled:”
[Error  - 08:02:34.550] Getting token failed: Error: Unknown or unsupported transport “disabled” for address “disabled:”
[Error  - 08:03:04.553] Getting token failed: Error: Unknown or unsupported transport “disabled” for address “disabled:”
[Error  - 08:03:34.559] Getting token failed: Error: Unknown or unsupported transport “disabled” for address “disabled:”
[Error  - 08:04:04.562] Getting token failed: Error: Unknown or unsupported transport “disabled” for address “disabled:”
[Error  - 08:04:34.565] Getting token failed: Error: Unknown or unsupported transport “disabled” for address “disabled:”
[Error  - 08:05:04.568] Getting token failed: Error: Unknown or unsupported transport “disabled” for address “disabled:”
[Error  - 08:05:34.572] Getting token failed: Error: Unknown or unsupported transport “disabled” for address “disabled:”
[Error  - 08:06:04.576] Getting token failed: Error: Unknown or unsupported transport “disabled” for address “disabled:”
[Error  - 08:06:34.580] Getting token failed: Error: Unknown or unsupported transport “disabled” for address “disabled:”
[Error  - 08:07:04.584] Getting token failed: Error: Unknown or unsupported transport “disabled” for address “disabled:”
[Error  - 08:07:34.587] Getting token failed: Error: Unknown or unsupported transport “disabled” for address “disabled:”
[Error  - 08:08:04.600] Getting token failed: Error: Unknown or unsupported transport “disabled” for address “disabled:”
[Error  - 08:08:34.604] Getting token failed: Error: Unknown or unsupported transport “disabled” for address “disabled:”
[Error  - 08:09:04.612] Getting token failed: Error: Unknown or unsupported transport “disabled” for address “disabled:”
[Error  - 08:09:34.615] Getting token failed: Error: Unknown or unsupported transport “disabled” for address “disabled:”
[Error  - 08:10:04.619] Getting token failed: Error: Unknown or unsupported transport “disabled” for address “disabled:”
[Error  - 08:10:34.622] Getting token failed: Error: Unknown or unsupported transport “disabled” for address “disabled:”
[Error  - 08:11:04.623] Getting token failed: Error: Unknown or unsupported transport “disabled” for address “disabled:”
[Error  - 08:11:34.630] Getting token failed: Error: Unknown or unsupported transport “disabled” for address “disabled:”
[Error  - 08:12:04.633] Getting token failed: Error: Unknown or unsupported transport “disabled” for address “disabled:”
[Error  - 08:12:34.638] Getting token failed: Error: Unknown or unsupported transport “disabled” for address “disabled:”
[Error  - 08:13:04.643] Getting token failed: Error: Unknown or unsupported transport “disabled” for address “disabled:”
[Error  - 08:13:34.647] Getting token failed: Error: Unknown or unsupported transport “disabled” for address “disabled:”
[Error  - 08:14:04.652] Getting token failed: Error: Unknown or unsupported transport “disabled” for address “disabled:”
[Error  - 08:14:34.657] Getting token failed: Error: Unknown or unsupported transport “disabled” for address “disabled:”
[Error  - 08:15:04.661] Getting token failed: Error: Unknown or unsupported transport “disabled” for address “disabled:”
[Error  - 08:15:34.665] Getting token failed: Error: Unknown or unsupported transport “disabled” for address “disabled:”
[Error  - 08:16:04.669] Getting token failed: Error: Unknown or unsupported transport “disabled” for address “disabled:”
[Error  - 08:16:34.673] Getting token failed: Error: Unknown or unsupported transport “disabled” for address “disabled:”
[Error  - 08:17:04.679] Getting token failed: Error: Unknown or unsupported transport “disabled” for address “disabled:”
[Error  - 08:17:34.684] Getting token failed: Error: Unknown or unsupported transport “disabled” for address “disabled:”
[Error  - 08:18:04.689] Getting token failed: Error: Unknown or unsupported transport “disabled” for address “disabled:”
[Error  - 08:18:34.692] Getting token failed: Error: Unknown or unsupported transport “disabled” for address “disabled:”
[Error  - 08:19:04.696] Getting token failed: Error: Unknown or unsupported transport “disabled” for address “disabled:”
[Error  - 08:19:34.699] Getting token failed: Error: Unknown or unsupported transport “disabled” for address “disabled:”
[Error  - 08:20:04.703] Getting token failed: Error: Unknown or unsupported transport “disabled” for address “disabled:”
[Error  - 08:20:34.706] Getting token failed: Error: Unknown or unsupported transport “disabled” for address “disabled:”
[Error  - 08:21:04.710] Getting token failed: Error: Unknown or unsupported transport “disabled” for address “disabled:”
[Error  - 08:21:34.712] Getting token failed: Error: Unknown or unsupported transport “disabled” for address “disabled:”
[Error  - 08:22:04.717] Getting token failed: Error: Unknown or unsupported transport “disabled” for address “disabled:”
[Error  - 08:22:34.720] Getting token failed: Error: Unknown or unsupported transport “disabled” for address “disabled:”
[Error  - 08:23:04.732] Getting token failed: Error: Unknown or unsupported transport “disabled” for address “disabled:”
[Error  - 08:23:34.733] Getting token failed: Error: Unknown or unsupported transport “disabled” for address “disabled:”
[Error  - 08:24:04.736] Getting token failed: Error: Unknown or unsupported transport “disabled” for address “disabled:”
[Error  - 08:24:34.741] Getting token failed: Error: Unknown or unsupported transport “disabled” for address “disabled:”
[Error  - 08:25:04.748] Getting token failed: Error: Unknown or unsupported transport “disabled” for address “disabled:”
[Error  - 08:25:34.752] Getting token failed: Error: Unknown or unsupported transport “disabled” for address “disabled:”
[Error  - 08:26:04.755] Getting token failed: Error: Unknown or unsupported transport “disabled” for address “disabled:”
[Error  - 08:26:34.760] Getting token failed: Error: Unknown or unsupported transport “disabled” for address “disabled:”
[Error  - 08:27:04.763] Getting token failed: Error: Unknown or unsupported transport “disabled” for address “disabled:”
[Error  - 08:27:34.768] Getting token failed: Error: Unknown or unsupported transport “disabled” for address “disabled:”
[Error  - 08:28:04.771] Getting token failed: Error: Unknown or unsupported transport “disabled” for address “disabled:”
[Error  - 08:28:34.774] Getting token failed: Error: Unknown or unsupported transport “disabled” for address “disabled:”
[Error  - 08:29:04.779] Getting token failed: Error: Unknown or unsupported transport “disabled” for address “disabled:”
[Error  - 08:29:34.782] Getting token failed: Error: Unknown or unsupported transport “disabled” for address “disabled:”
[Error  - 08:30:04.783] Getting token failed: Error: Unknown or unsupported transport “disabled” for address “disabled:”
[Error  - 08:30:34.789] Getting token failed: Error: Unknown or unsupported transport “disabled” for address “disabled:”
[Error  - 08:31:04.792] Getting token failed: Error: Unknown or unsupported transport “disabled” for address “disabled:”
[Error  - 08:31:34.798] Getting token failed: Error: Unknown or unsupported transport “disabled” for address “disabled:”
[Error  - 08:32:04.804] Getting token failed: Error: Unknown or unsupported transport “disabled” for address “disabled:”
[Error  - 08:32:34.806] Getting token failed: Error: Unknown or unsupported transport “disabled” for address “disabled:”
[Error  - 08:33:04.810] Getting token failed: Error: Unknown or unsupported transport “disabled” for address “disabled:”
[Error  - 08:33:34.813] Getting token failed: Error: Unknown or unsupported transport “disabled” for address “disabled:”
[Error  - 08:34:04.816] Getting token failed: Error: Unknown or unsupported transport “disabled” for address “disabled:”
[Error  - 08:34:34.821] Getting token failed: Error: Unknown or unsupported transport “disabled” for address “disabled:”
[Error  - 08:35:04.826] Getting token failed: Error: Unknown or unsupported transport “disabled” for address “disabled:”
[Error  - 08:35:34.829] Getting token failed: Error: Unknown or unsupported transport “disabled” for address “disabled:”
[Error  - 08:36:04.854] Getting token failed: Error: Unknown or unsupported transport “disabled” for address “disabled:”
[Error  - 08:36:34.858] Getting token failed: Error: Unknown or unsupported transport “disabled” for address “disabled:”
[Error  - 08:37:04.862] Getting token failed: Error: Unknown or unsupported transport “disabled” for address “disabled:”
[Error  - 08:37:34.865] Getting token failed: Error: Unknown or unsupported transport “disabled” for address “disabled:”
[Error  - 08:38:04.868] Getting token failed: Error: Unknown or unsupported transport “disabled” for address “disabled:”
[Error  - 08:38:34.872] Getting token failed: Error: Unknown or unsupported transport “disabled” for address “disabled:”
[Error  - 08:39:04.877] Getting token failed: Error: Unknown or unsupported transport “disabled” for address “disabled:”
[Error  - 08:39:34.881] Getting token failed: Error: Unknown or unsupported transport “disabled” for address “disabled:”
[Error  - 08:40:04.884] Getting token failed: Error: Unknown or unsupported transport “disabled” for address “disabled:”
[Error  - 08:40:34.888] Getting token failed: Error: Unknown or unsupported transport “disabled” for address “disabled:”
[Error  - 08:41:04.890] Getting token failed: Error: Unknown or unsupported transport “disabled” for address “disabled:”
[Error  - 08:41:34.896] Getting token failed: Error: Unknown or unsupported transport “disabled” for address “disabled:”
[Error  - 08:42:04.900] Getting token failed: Error: Unknown or unsupported transport “disabled” for address “disabled:”
[Error  - 08:42:34.903] Getting token failed: Error: Unknown or unsupported transport “disabled” for address “disabled:”
[Error  - 08:43:04.906] Getting token failed: Error: Unknown or unsupported transport “disabled” for address “disabled:”
[Error  - 08:43:34.912] Getting token failed: Error: Unknown or unsupported transport “disabled” for address “disabled:”
[Error  - 08:44:04.915] Getting token failed: Error: Unknown or unsupported transport “disabled” for address “disabled:”
[Error  - 08:44:34.919] Getting token failed: Error: Unknown or unsupported transport “disabled” for address “disabled:”
[Error  - 08:45:04.922] Getting token failed: Error: Unknown or unsupported transport “disabled” for address “disabled:”
[Error  - 08:45:34.926] Getting token failed: Error: Unknown or unsupported transport “disabled” for address “disabled:”
[Error  - 08:46:04.930] Getting token failed: Error: Unknown or unsupported transport “disabled” for address “disabled:”
[Error  - 08:46:34.933] Getting token failed: Error: Unknown or unsupported transport “disabled” for address “disabled:”
[Error  - 08:47:04.937] Getting token failed: Error: Unknown or unsupported transport “disabled” for address “disabled:”
[Error  - 08:47:34.941] Getting token failed: Error: Unknown or unsupported transport “disabled” for address “disabled:”
[Error  - 08:48:04.945] Getting token failed: Error: Unknown or unsupported transport “disabled” for address “disabled:”
[Error  - 08:48:34.949] Getting token failed: Error: Unknown or unsupported transport “disabled” for address “disabled:”
[Error  - 08:49:04.953] Getting token failed: Error: Unknown or unsupported transport “disabled” for address “disabled:”
[Error  - 08:49:34.957] Getting token failed: Error: Unknown or unsupported transport “disabled” for address “disabled:”
[Error  - 08:50:04.961] Getting token failed: Error: Unknown or unsupported transport “disabled” for address “disabled:”
[Error  - 08:50:34.966] Getting token failed: Error: Unknown or unsupported transport “disabled” for address “disabled:”
[Error  - 08:51:04.968] Getting token failed: Error: Unknown or unsupported transport “disabled” for address “disabled:”
[Error  - 08:51:34.972] Getting token failed: Error: Unknown or unsupported transport “disabled” for address “disabled:”
[Error  - 08:52:04.973] Getting token failed: Error: Unknown or unsupported transport “disabled” for address “disabled:”
[Error  - 08:52:34.978] Getting token failed: Error: Unknown or unsupported transport “disabled” for address “disabled:”
[Error  - 08:53:04.982] Getting token failed: Error: Unknown or unsupported transport “disabled” for address “disabled:”
[Error  - 08:53:34.985] Getting token failed: Error: Unknown or unsupported transport “disabled” for address “disabled:”
[Error  - 08:54:04.989] Getting token failed: Error: Unknown or unsupported transport “disabled” for address “disabled:”
[Error  - 08:54:34.993] Getting token failed: Error: Unknown or unsupported transport “disabled” for address “disabled:”
[Error  - 08:55:04.993] Getting token failed: Error: Unknown or unsupported transport “disabled” for address “disabled:”
[Error  - 08:55:34.996] Getting token failed: Error: Unknown or unsupported transport “disabled” for address “disabled:”
[Error  - 08:56:04.999] Getting token failed: Error: Unknown or unsupported transport “disabled” for address “disabled:”
[Error  - 08:56:35.2] Getting token failed: Error: Unknown or unsupported transport “disabled” for address “disabled:”
[Error  - 08:57:05.6] Getting token failed: Error: Unknown or unsupported transport “disabled” for address “disabled:”
[Error  - 08:57:35.9] Getting token failed: Error: Unknown or unsupported transport “disabled” for address “disabled:”
[Error  - 08:58:05.13] Getting token failed: Error: Unknown or unsupported transport “disabled” for address “disabled:”
[Error  - 08:58:35.16] Getting token failed: Error: Unknown or unsupported transport “disabled” for address “disabled:”
[Error  - 08:59:05.21] Getting token failed: Error: Unknown or unsupported transport “disabled” for address “disabled:”
[Error  - 08:59:35.25] Getting token failed: Error: Unknown or unsupported transport “disabled” for address “disabled:”
[Error  - 09:00:05.30] Getting token failed: Error: Unknown or unsupported transport “disabled” for address “disabled:”
[Error  - 09:00:35.34] Getting token failed: Error: Unknown or unsupported transport “disabled” for address “disabled:”
[Error  - 09:01:05.38] Getting token failed: Error: Unknown or unsupported transport “disabled” for address “disabled:”
[Error  - 09:01:35.41] Getting token failed: Error: Unknown or unsupported transport “disabled” for address “disabled:”
[Error  - 09:02:05.43] Getting token failed: Error: Unknown or unsupported transport “disabled” for address “disabled:”
[Error  - 09:02:35.47] Getting token failed: Error: Unknown or unsupported transport “disabled” for address “disabled:”
[Error  - 09:03:05.50] Getting token failed: Error: Unknown or unsupported transport “disabled” for address “disabled:”
[Error  - 09:03:35.54] Getting token failed: Error: Unknown or unsupported transport “disabled” for address “disabled:”
[Error  - 09:04:05.55] Getting token failed: Error: Unknown or unsupported transport “disabled” for address “disabled:”
[Error  - 09:04:35.60] Getting token failed: Error: Unknown or unsupported transport “disabled” for address “disabled:”
[Error  - 09:05:05.70] Getting token failed: Error: Unknown or unsupported transport “disabled” for address “disabled:”
[Error  - 09:05:35.71] Getting token failed: Error: Unknown or unsupported transport “disabled” for address “disabled:”
[Error  - 09:06:05.76] Getting token failed: Error: Unknown or unsupported transport “disabled” for address “disabled:”
[Error  - 09:06:35.77] Getting token failed: Error: Unknown or unsupported transport “disabled” for address “disabled:”
[Error  - 09:07:05.79] Getting token failed: Error: Unknown or unsupported transport “disabled” for address “disabled:”
[Error  - 09:07:35.81] Getting token failed: Error: Unknown or unsupported transport “disabled” for address “disabled:”
[Error  - 09:08:05.86] Getting token failed: Error: Unknown or unsupported transport “disabled” for address “disabled:”
[Error  - 09:08:35.90] Getting token failed: Error: Unknown or unsupported transport “disabled” for address “disabled:”
[Error  - 09:09:05.92] Getting token failed: Error: Unknown or unsupported transport “disabled” for address “disabled:”
[Error  - 09:09:35.95] Getting token failed: Error: Unknown or unsupported transport “disabled” for address “disabled:”
[Error  - 09:10:05.100] Getting token failed: Error: Unknown or unsupported transport “disabled” for address “disabled:”
[Error  - 09:10:35.101] Getting token failed: Error: Unknown or unsupported transport “disabled” for address “disabled:”
[Error  - 09:11:05.105] Getting token failed: Error: Unknown or unsupported transport “disabled” for address “disabled:”
[Error  - 09:11:35.106] Getting token failed: Error: Unknown or unsupported transport “disabled” for address “disabled:”
[Error  - 09:12:05.110] Getting token failed: Error: Unknown or unsupported transport “disabled” for address “disabled:”
[Error  - 09:12:35.114] Getting token failed: Error: Unknown or unsupported transport “disabled” for address “disabled:”
[Error  - 09:13:05.117] Getting token failed: Error: Unknown or unsupported transport “disabled” for address “disabled:”
[Error  - 09:13:35.119] Getting token failed: Error: Unknown or unsupported transport “disabled” for address “disabled:”
[Error  - 09:14:05.120] Getting token failed: Error: Unknown or unsupported transport “disabled” for address “disabled:”
[Error  - 09:14:35.124] Getting token failed: Error: Unknown or unsupported transport “disabled” for address “disabled:”
[Error  - 09:15:05.129] Getting token failed: Error: Unknown or unsupported transport “disabled” for address “disabled:”
[Error  - 09:15:35.131] Getting token failed: Error: Unknown or unsupported transport “disabled” for address “disabled:”
[Error  - 09:16:05.133] Getting token failed: Error: Unknown or unsupported transport “disabled” for address “disabled:”
[Error  - 09:16:35.135] Getting token failed: Error: Unknown or unsupported transport “disabled” for address “disabled:”
[Error  - 09:17:05.136] Getting token failed: Error: Unknown or unsupported transport “disabled” for address “disabled:”
[Error  - 09:17:35.137] Getting token failed: Error: Unknown or unsupported transport “disabled” for address “disabled:”
[Error  - 09:18:05.140] Getting token failed: Error: Unknown or unsupported transport “disabled” for address “disabled:”
[Error  - 09:18:35.142] Getting token failed: Error: Unknown or unsupported transport “disabled” for address “disabled:”
[Error  - 09:19:05.146] Getting token failed: Error: Unknown or unsupported transport “disabled” for address “disabled:”
[Error  - 09:19:35.149] Getting token failed: Error: Unknown or unsupported transport “disabled” for address “disabled:”
[Error  - 09:20:05.154] Getting token failed: Error: Unknown or unsupported transport “disabled” for address “disabled:”
[Error  - 09:20:35.158] Getting token failed: Error: Unknown or unsupported transport “disabled” for address “disabled:”
[Error  - 09:21:05.160] Getting token failed: Error: Unknown or unsupported transport “disabled” for address “disabled:”
[Error  - 09:21:35.163] Getting token failed: Error: Unknown or unsupported transport “disabled” for address “disabled:”
[Error  - 09:22:05.168] Getting token failed: Error: Unknown or unsupported transport “disabled” for address “disabled:”
[Error  - 09:22:35.171] Getting token failed: Error: Unknown or unsupported transport “disabled” for address “disabled:”
[Error  - 09:23:05.173] Getting token failed: Error: Unknown or unsupported transport “disabled” for address “disabled:”
[Error  - 09:23:35.175] Getting token failed: Error: Unknown or unsupported transport “disabled” for address “disabled:”
[Error  - 09:24:05.178] Getting token failed: Error: Unknown or unsupported transport “disabled” for address “disabled:”
[Error  - 09:24:35.181] Getting token failed: Error: Unknown or unsupported transport “disabled” for address “disabled:”
[Error  - 09:25:05.183] Getting token failed: Error: Unknown or unsupported transport “disabled” for address “disabled:”
[Error  - 09:25:35.185] Getting token failed: Error: Unknown or unsupported transport “disabled” for address “disabled:”
[Error  - 09:26:05.185] Getting token failed: Error: Unknown or unsupported transport “disabled” for address “disabled:”
[Error  - 09:26:35.187] Getting token failed: Error: Unknown or unsupported transport “disabled” for address “disabled:”
[Error  - 09:27:05.190] Getting token failed: Error: Unknown or unsupported transport “disabled” for address “disabled:”
[Error  - 09:27:35.193] Getting token failed: Error: Unknown or unsupported transport “disabled” for address “disabled:”
[Error  - 09:28:05.198] Getting token failed: Error: Unknown or unsupported transport “disabled” for address “disabled:”
[Error  - 09:28:35.203] Getting token failed: Error: Unknown or unsupported transport “disabled” for address “disabled:”
[Error  - 09:29:05.206] Getting token failed: Error: Unknown or unsupported transport “disabled” for address “disabled:”
[Error  - 09:29:35.207] Getting token failed: Error: Unknown or unsupported transport “disabled” for address “disabled:”
[Error  - 09:30:05.209] Getting token failed: Error: Unknown or unsupported transport “disabled” for address “disabled:”
[Error  - 09:30:35.213] Getting token failed: Error: Unknown or unsupported transport “disabled” for address “disabled:”
[Error  - 09:31:05.214] Getting token failed: Error: Unknown or unsupported transport “disabled” for address “disabled:”
[Error  - 09:31:35.215] Getting token failed: Error: Unknown or unsupported transport “disabled” for address “disabled:”
[Error  - 09:32:05.216] Getting token failed: Error: Unknown or unsupported transport “disabled” for address “disabled:”
[Error  - 09:32:35.216] Getting token failed: Error: Unknown or unsupported transport “disabled” for address “disabled:”
[Info  - 09:32:58.398] Logging in...
[Error  - 09:33:05.220] Getting token failed: Error: Unknown or unsupported transport “disabled” for address “disabled:”
[Error  - 09:33:35.223] Getting token failed: Error: Unknown or unsupported transport “disabled” for address “disabled:”
[Error  - 09:34:05.224] Getting token failed: Error: Unknown or unsupported transport “disabled” for address “disabled:”
[Error  - 09:34:35.225] Getting token failed: Error: Unknown or unsupported transport “disabled” for address “disabled:”
[Error  - 09:35:05.230] Getting token failed: Error: Unknown or unsupported transport “disabled” for address “disabled:”
[Error  - 09:35:35.231] Getting token failed: Error: Unknown or unsupported transport “disabled” for address “disabled:”
[Error  - 09:36:05.235] Getting token failed: Error: Unknown or unsupported transport “disabled” for address “disabled:”
[Error  - 09:36:35.238] Getting token failed: Error: Unknown or unsupported transport “disabled” for address “disabled:”
[Error  - 09:37:05.240] Getting token failed: Error: Unknown or unsupported transport “disabled” for address “disabled:”
[Error  - 09:37:35.241] Getting token failed: Error: Unknown or unsupported transport “disabled” for address “disabled:”
[Error  - 09:38:05.242] Getting token failed: Error: Unknown or unsupported transport “disabled” for address “disabled:”
[Error  - 09:38:35.250] Getting token failed: Error: Unknown or unsupported transport “disabled” for address “disabled:”
[Error  - 09:39:05.251] Getting token failed: Error: Unknown or unsupported transport “disabled” for address “disabled:”
[Error  - 09:39:35.254] Getting token failed: Error: Unknown or unsupported transport “disabled” for address “disabled:”
[Info  - 09:39:36.993] Logging in...
[Error  - 09:40:05.255] Getting token failed: Error: Unknown or unsupported transport “disabled” for address “disabled:”
[Info  - 09:40:24.3] Logging in...
[Error  - 09:40:35.257] Getting token failed: Error: Unknown or unsupported transport “disabled” for address “disabled:”
[Info  - 09:40:44.490] Logging in...
[Error  - 09:41:05.261] Getting token failed: Error: Unknown or unsupported transport “disabled” for address “disabled:”
[Error  - 09:41:35.263] Getting token failed: Error: Unknown or unsupported transport “disabled” for address “disabled:”
[Error  - 09:42:05.268] Getting token failed: Error: Unknown or unsupported transport “disabled” for address “disabled:”
[Error  - 09:42:35.273] Getting token failed: Error: Unknown or unsupported transport “disabled” for address “disabled:”
[Info  - 09:42:39.3] Treating input as token
[Info  - 09:42:39.5] Getting user info...
[Info  - 09:42:39.10] Getting user info...
[Info  - 09:42:39.11] Getting user info...
[Info  - 09:42:39.11] Getting user info...
[Error  - 09:42:39.499] Getting account info failed: Unauthorized
[Error  - 09:42:39.499] Unauthorized
[Error  - 09:42:39.500] Error: network error
[Error  - 09:42:39.508] Getting account info failed: Unauthorized
[Error  - 09:42:39.508] Unauthorized
[Error  - 09:42:39.508] Error: network error
[Error  - 09:42:39.518] Getting account info failed: Unauthorized
[Error  - 09:42:39.518] Unauthorized
[Error  - 09:42:39.518] Error: network error
[Error  - 09:42:39.758] Getting account info failed: Unauthorized
[Error  - 09:42:39.759] Unauthorized
[Error  - 09:42:39.759] Error: network error
[Error  - 09:43:05.276] Getting token failed: Error: Unknown or unsupported transport “disabled” for address “disabled:”
[Info  - 09:43:21.385] Logging in...
[Info  - 09:43:31.213] Treating input as token
[Info  - 09:43:31.213] Getting user info...
[Error  - 09:43:31.689] Getting account info failed: Unauthorized
[Error  - 09:43:31.689] Unauthorized
[Error  - 09:43:31.690] Error: network error
[Error  - 09:43:35.279] Getting token failed: Error: Unknown or unsupported transport “disabled” for address “disabled:”
[Info  - 09:43:40.504] Logging in...
[Info  - 09:43:54.533] Treating input as token
[Info  - 09:43:54.533] Getting user info...
[Error  - 09:43:54.991] Getting account info failed: Unauthorized
[Error  - 09:43:54.991] Unauthorized
[Error  - 09:43:54.991] Error: network error
[Error  - 09:44:05.281] Getting token failed: Error: Unknown or unsupported transport “disabled” for address “disabled:”
[Error  - 09:44:35.283] Getting token failed: Error: Unknown or unsupported transport “disabled” for address “disabled:”
[Error  - 09:45:05.287] Getting token failed: Error: Unknown or unsupported transport “disabled” for address “disabled:”
[Error  - 09:45:35.291] Getting token failed: Error: Unknown or unsupported transport “disabled” for address “disabled:”
[Error  - 09:46:05.296] Getting token failed: Error: Unknown or unsupported transport “disabled” for address “disabled:”
[Error  - 09:46:35.299] Getting token failed: Error: Unknown or unsupported transport “disabled” for address “disabled:”
[Error  - 09:47:05.304] Getting token failed: Error: Unknown or unsupported transport “disabled” for address “disabled:”
[Error  - 09:47:35.308] Getting token failed: Error: Unknown or unsupported transport “disabled” for address “disabled:”
[Error  - 09:48:05.311] Getting token failed: Error: Unknown or unsupported transport “disabled” for address “disabled:”
[Error  - 09:48:35.316] Getting token failed: Error: Unknown or unsupported transport “disabled” for address “disabled:”
[Error  - 09:49:05.319] Getting token failed: Error: Unknown or unsupported transport “disabled” for address “disabled:”
[Error  - 09:49:35.320] Getting token failed: Error: Unknown or unsupported transport “disabled” for address “disabled:”
[Error  - 09:50:05.322] Getting token failed: Error: Unknown or unsupported transport “disabled” for address “disabled:”
[Error  - 09:50:35.326] Getting token failed: Error: Unknown or unsupported transport “disabled” for address “disabled:”
[Error  - 09:51:05.328] Getting token failed: Error: Unknown or unsupported transport “disabled” for address “disabled:”
[Error  - 09:51:35.329] Getting token failed: Error: Unknown or unsupported transport “disabled” for address “disabled:”
[Error  - 09:52:05.332] Getting token failed: Error: Unknown or unsupported transport “disabled” for address “disabled:”
[Error  - 09:52:35.336] Getting token failed: Error: Unknown or unsupported transport “disabled” for address “disabled:”
[Error  - 09:53:05.340] Getting token failed: Error: Unknown or unsupported transport “disabled” for address “disabled:”
[Error  - 09:53:35.340] Getting token failed: Error: Unknown or unsupported transport “disabled” for address “disabled:”
[Error  - 09:54:05.342] Getting token failed: Error: Unknown or unsupported transport “disabled” for address “disabled:”
[Error  - 09:54:35.344] Getting token failed: Error: Unknown or unsupported transport “disabled” for address “disabled:”
[Error  - 09:55:05.349] Getting token failed: Error: Unknown or unsupported transport “disabled” for address “disabled:”
[Error  - 09:55:35.350] Getting token failed: Error: Unknown or unsupported transport “disabled” for address “disabled:”
[Error  - 09:56:05.351] Getting token failed: Error: Unknown or unsupported transport “disabled” for address “disabled:”
[Error  - 09:56:35.356] Getting token failed: Error: Unknown or unsupported transport “disabled” for address “disabled:”
[Error  - 09:57:05.357] Getting token failed: Error: Unknown or unsupported transport “disabled” for address “disabled:”
[Error  - 09:57:35.362] Getting token failed: Error: Unknown or unsupported transport “disabled” for address “disabled:”
[Error  - 09:58:05.366] Getting token failed: Error: Unknown or unsupported transport “disabled” for address “disabled:”
[Error  - 09:58:35.368] Getting token failed: Error: Unknown or unsupported transport “disabled” for address “disabled:”
[Error  - 09:59:05.369] Getting token failed: Error: Unknown or unsupported transport “disabled” for address “disabled:”
[Error  - 09:59:35.375] Getting token failed: Error: Unknown or unsupported transport “disabled” for address “disabled:”
[Error  - 10:00:05.378] Getting token failed: Error: Unknown or unsupported transport “disabled” for address “disabled:”
[Error  - 10:00:35.382] Getting token failed: Error: Unknown or unsupported transport “disabled” for address “disabled:”
[Error  - 10:01:05.387] Getting token failed: Error: Unknown or unsupported transport “disabled” for address “disabled:”
[Error  - 10:01:35.391] Getting token failed: Error: Unknown or unsupported transport “disabled” for address “disabled:”
[Error  - 10:02:05.393] Getting token failed: Error: Unknown or unsupported transport “disabled” for address “disabled:”
[Error  - 10:02:35.397] Getting token failed: Error: Unknown or unsupported transport “disabled” for address “disabled:”
[Error  - 10:03:05.399] Getting token failed: Error: Unknown or unsupported transport “disabled” for address “disabled:”
[Error  - 10:03:35.401] Getting token failed: Error: Unknown or unsupported transport “disabled” for address “disabled:”
[Error  - 10:04:05.404] Getting token failed: Error: Unknown or unsupported transport “disabled” for address “disabled:”
[Error  - 10:04:35.409] Getting token failed: Error: Unknown or unsupported transport “disabled” for address “disabled:”
[Error  - 10:05:05.412] Getting token failed: Error: Unknown or unsupported transport “disabled” for address “disabled:”
[Error  - 10:05:35.416] Getting token failed: Error: Unknown or unsupported transport “disabled” for address “disabled:”
[Error  - 10:06:05.419] Getting token failed: Error: Unknown or unsupported transport “disabled” for address “disabled:”
[Error  - 10:06:35.424] Getting token failed: Error: Unknown or unsupported transport “disabled” for address “disabled:”
[Error  - 10:07:05.427] Getting token failed: Error: Unknown or unsupported transport “disabled” for address “disabled:”
[Error  - 10:07:35.429] Getting token failed: Error: Unknown or unsupported transport “disabled” for address “disabled:”
[Error  - 10:08:05.431] Getting token failed: Error: Unknown or unsupported transport “disabled” for address “disabled:”
[Error  - 10:08:35.435] Getting token failed: Error: Unknown or unsupported transport “disabled” for address “disabled:”
[Error  - 10:09:05.441] Getting token failed: Error: Unknown or unsupported transport “disabled” for address “disabled:”
[Error  - 10:09:35.446] Getting token failed: Error: Unknown or unsupported transport “disabled” for address “disabled:”
[Error  - 10:10:05.449] Getting token failed: Error: Unknown or unsupported transport “disabled” for address “disabled:”
[Error  - 10:10:35.453] Getting token failed: Error: Unknown or unsupported transport “disabled” for address “disabled:”
[Error  - 10:11:05.456] Getting token failed: Error: Unknown or unsupported transport “disabled” for address “disabled:”
[Error  - 10:11:35.460] Getting token failed: Error: Unknown or unsupported transport “disabled” for address “disabled:”
[Error  - 10:12:05.464] Getting token failed: Error: Unknown or unsupported transport “disabled” for address “disabled:”
[Error  - 10:12:35.468] Getting token failed: Error: Unknown or unsupported transport “disabled” for address “disabled:”
[Error  - 10:13:05.471] Getting token failed: Error: Unknown or unsupported transport “disabled” for address “disabled:”
[Error  - 10:13:35.472] Getting token failed: Error: Unknown or unsupported transport “disabled” for address “disabled:”
[Error  - 10:14:05.477] Getting token failed: Error: Unknown or unsupported transport “disabled” for address “disabled:”
[Error  - 10:14:35.480] Getting token failed: Error: Unknown or unsupported transport “disabled” for address “disabled:”
[Error  - 10:15:05.484] Getting token failed: Error: Unknown or unsupported transport “disabled” for address “disabled:”
[Error  - 10:15:35.489] Getting token failed: Error: Unknown or unsupported transport “disabled” for address “disabled:”
[Error  - 10:16:05.517] Getting token failed: Error: Unknown or unsupported transport “disabled” for address “disabled:”
[Error  - 10:16:35.520] Getting token failed: Error: Unknown or unsupported transport “disabled” for address “disabled:”
[Error  - 10:17:05.523] Getting token failed: Error: Unknown or unsupported transport “disabled” for address “disabled:”
[Error  - 10:17:35.528] Getting token failed: Error: Unknown or unsupported transport “disabled” for address “disabled:”
[Error  - 10:18:05.533] Getting token failed: Error: Unknown or unsupported transport “disabled” for address “disabled:”
[Error  - 10:18:35.536] Getting token failed: Error: Unknown or unsupported transport “disabled” for address “disabled:”
[Error  - 10:19:05.539] Getting token failed: Error: Unknown or unsupported transport “disabled” for address “disabled:”
[Error  - 10:19:35.543] Getting token failed: Error: Unknown or unsupported transport “disabled” for address “disabled:”
[Error  - 10:20:05.544] Getting token failed: Error: Unknown or unsupported transport “disabled” for address “disabled:”
[Error  - 10:20:35.548] Getting token failed: Error: Unknown or unsupported transport “disabled” for address “disabled:”
[Error  - 10:21:05.553] Getting token failed: Error: Unknown or unsupported transport “disabled” for address “disabled:”
[Error  - 10:21:35.555] Getting token failed: Error: Unknown or unsupported transport “disabled” for address “disabled:”
[Error  - 10:22:05.558] Getting token failed: Error: Unknown or unsupported transport “disabled” for address “disabled:”
[Error  - 10:22:35.562] Getting token failed: Error: Unknown or unsupported transport “disabled” for address “disabled:”
[Error  - 10:23:05.564] Getting token failed: Error: Unknown or unsupported transport “disabled” for address “disabled:”
[Error  - 10:23:35.570] Getting token failed: Error: Unknown or unsupported transport “disabled” for address “disabled:”
[Error  - 10:24:05.579] Getting token failed: Error: Unknown or unsupported transport “disabled” for address “disabled:”
[Info  - 10:24:27.546] Logging in...
[Info  - 10:24:35.119] Treating input as token
[Info  - 10:24:35.119] Getting user info...
[Error  - 10:24:35.584] Getting token failed: Error: Unknown or unsupported transport “disabled” for address “disabled:”
[Error  - 10:24:35.799] Getting account info failed: Unauthorized
[Error  - 10:24:35.799] Unauthorized
[Error  - 10:24:35.800] Error: network error
[Info  - 10:24:47.186] Logging in...
[Info  - 10:25:00.448] Logging in...
[Error  - 10:25:05.587] Getting token failed: Error: Unknown or unsupported transport “disabled” for address “disabled:”
[Error  - 10:25:35.592] Getting token failed: Error: Unknown or unsupported transport “disabled” for address “disabled:”
[Error  - 10:26:05.643] Getting token failed: Error: Unknown or unsupported transport “disabled” for address “disabled:”
