[2020-08-19 11:45:21.479] [sharedprocess] [info] main {"machineId":"70e47962f8db9099b5c32bff5d086a841625d7fc5fd73ad6847e53798bf19d88","windowId":2}
[2020-08-19 11:46:01.499] [sharedprocess] [info] Starting to clean up unused language packs.
[2020-08-21 12:14:05.590] [sharedprocess] [info] Installing extension: ms-ceintl.vscode-language-pack-fr
[2020-08-21 12:14:06.611] [sharedprocess] [info] Downloaded extension: ms-ceintl.vscode-language-pack-fr /opt/lampp/htdocs/file_rouge_gp1/~/root/CachedExtensionVSIXs/ms-ceintl.vscode-language-pack-fr-1.48.3
[2020-08-21 12:14:06.706] [sharedprocess] [info] Extracted extension to /root/.vscode/extensions/.ms-ceintl.vscode-language-pack-fr-1.48.3: ms-ceintl.vscode-language-pack-fr
[2020-08-21 12:14:06.706] [sharedprocess] [info] Renamed to /root/.vscode/extensions/ms-ceintl.vscode-language-pack-fr-1.48.3
[2020-08-21 12:14:06.707] [sharedprocess] [info] Installation completed. ms-ceintl.vscode-language-pack-fr
[2020-08-21 12:14:06.710] [sharedprocess] [info] Extensions installed successfully: ms-ceintl.vscode-language-pack-fr
[2020-08-21 12:14:37.749] [sharedprocess] [info] main {"machineId":"70e47962f8db9099b5c32bff5d086a841625d7fc5fd73ad6847e53798bf19d88","windowId":2}
[2020-08-21 12:15:17.763] [sharedprocess] [info] Starting to clean up unused language packs.
[2020-08-21 12:15:17.767] [sharedprocess] [info] Skipping directory 0efca33a20bf5218eaa314fca17076eb.fr. Language pack still in use.
[2020-08-21 12:17:06.745] [sharedprocess] [info] Installing extension: eamodio.gitlens
[2020-08-21 12:17:08.733] [sharedprocess] [info] Downloaded extension: eamodio.gitlens /opt/lampp/htdocs/file_rouge_gp1/~/root/CachedExtensionVSIXs/eamodio.gitlens-10.2.2
[2020-08-21 12:17:08.984] [sharedprocess] [info] Extracted extension to /root/.vscode/extensions/.eamodio.gitlens-10.2.2: eamodio.gitlens
[2020-08-21 12:17:08.984] [sharedprocess] [info] Renamed to /root/.vscode/extensions/eamodio.gitlens-10.2.2
[2020-08-21 12:17:08.988] [sharedprocess] [info] Installation completed. eamodio.gitlens
[2020-08-21 12:17:08.997] [sharedprocess] [info] Extensions installed successfully: eamodio.gitlens
[2020-08-21 12:17:49.945] [sharedprocess] [info] Installing extension: huizhou.githd
[2020-08-21 12:17:51.124] [sharedprocess] [info] Downloaded extension: huizhou.githd /opt/lampp/htdocs/file_rouge_gp1/~/root/CachedExtensionVSIXs/huizhou.githd-2.2.4
[2020-08-21 12:17:51.196] [sharedprocess] [info] Extracted extension to /root/.vscode/extensions/.huizhou.githd-2.2.4: huizhou.githd
[2020-08-21 12:17:51.196] [sharedprocess] [info] Renamed to /root/.vscode/extensions/huizhou.githd-2.2.4
[2020-08-21 12:17:51.197] [sharedprocess] [info] Installation completed. huizhou.githd
[2020-08-21 12:17:51.200] [sharedprocess] [info] Extensions installed successfully: huizhou.githd
[2020-08-21 12:18:49.163] [sharedprocess] [info] Installing extension: donjayamanne.git-extension-pack
[2020-08-21 12:18:49.588] [sharedprocess] [info] Downloaded extension: donjayamanne.git-extension-pack /opt/lampp/htdocs/file_rouge_gp1/~/root/CachedExtensionVSIXs/donjayamanne.git-extension-pack-0.1.3
[2020-08-21 12:18:49.615] [sharedprocess] [info] Extracted extension to /root/.vscode/extensions/.donjayamanne.git-extension-pack-0.1.3: donjayamanne.git-extension-pack
[2020-08-21 12:18:49.616] [sharedprocess] [info] Renamed to /root/.vscode/extensions/donjayamanne.git-extension-pack-0.1.3
[2020-08-21 12:18:49.616] [sharedprocess] [info] Installation completed. donjayamanne.git-extension-pack
[2020-08-21 12:18:49.988] [sharedprocess] [info] Installing extension: donjayamanne.githistory
[2020-08-21 12:18:49.990] [sharedprocess] [info] Installing extension: alefragnani.project-manager
[2020-08-21 12:18:49.990] [sharedprocess] [info] Installing extension: codezombiech.gitignore
[2020-08-21 12:18:49.991] [sharedprocess] [info] Installing extension: ziyasal.vscode-open-in-github
[2020-08-21 12:18:50.733] [sharedprocess] [info] Downloaded extension: donjayamanne.githistory /opt/lampp/htdocs/file_rouge_gp1/~/root/CachedExtensionVSIXs/donjayamanne.githistory-0.6.9
[2020-08-21 12:18:50.815] [sharedprocess] [info] Extracted extension to /root/.vscode/extensions/.donjayamanne.githistory-0.6.9: donjayamanne.githistory
[2020-08-21 12:18:50.815] [sharedprocess] [info] Renamed to /root/.vscode/extensions/donjayamanne.githistory-0.6.9
[2020-08-21 12:18:50.816] [sharedprocess] [info] Installation completed. donjayamanne.githistory
[2020-08-21 12:18:50.819] [sharedprocess] [info] Extensions installed successfully: donjayamanne.githistory
[2020-08-21 12:18:53.080] [sharedprocess] [info] Downloaded extension: ziyasal.vscode-open-in-github /opt/lampp/htdocs/file_rouge_gp1/~/root/CachedExtensionVSIXs/ziyasal.vscode-open-in-github-1.3.6
[2020-08-21 12:18:53.178] [sharedprocess] [info] Extracted extension to /root/.vscode/extensions/.ziyasal.vscode-open-in-github-1.3.6: ziyasal.vscode-open-in-github
[2020-08-21 12:18:53.178] [sharedprocess] [info] Renamed to /root/.vscode/extensions/ziyasal.vscode-open-in-github-1.3.6
[2020-08-21 12:18:53.179] [sharedprocess] [info] Installation completed. ziyasal.vscode-open-in-github
[2020-08-21 12:18:53.183] [sharedprocess] [info] Extensions installed successfully: ziyasal.vscode-open-in-github
[2020-08-21 12:18:54.075] [sharedprocess] [info] Downloaded extension: codezombiech.gitignore /opt/lampp/htdocs/file_rouge_gp1/~/root/CachedExtensionVSIXs/codezombiech.gitignore-0.6.0
[2020-08-21 12:18:54.725] [sharedprocess] [info] Extracted extension to /root/.vscode/extensions/.codezombiech.gitignore-0.6.0: codezombiech.gitignore
[2020-08-21 12:18:54.725] [sharedprocess] [info] Renamed to /root/.vscode/extensions/codezombiech.gitignore-0.6.0
[2020-08-21 12:18:54.725] [sharedprocess] [info] Installation completed. codezombiech.gitignore
[2020-08-21 12:18:54.729] [sharedprocess] [info] Extensions installed successfully: codezombiech.gitignore
[2020-08-21 12:18:56.648] [sharedprocess] [info] Downloaded extension: alefragnani.project-manager /opt/lampp/htdocs/file_rouge_gp1/~/root/CachedExtensionVSIXs/alefragnani.project-manager-11.2.0
[2020-08-21 12:18:56.722] [sharedprocess] [info] Extracted extension to /root/.vscode/extensions/.alefragnani.project-manager-11.2.0: alefragnani.project-manager
[2020-08-21 12:18:56.722] [sharedprocess] [info] Renamed to /root/.vscode/extensions/alefragnani.project-manager-11.2.0
[2020-08-21 12:18:56.722] [sharedprocess] [info] Installation completed. alefragnani.project-manager
[2020-08-21 12:18:56.725] [sharedprocess] [info] Extensions installed successfully: alefragnani.project-manager
[2020-08-21 12:18:56.725] [sharedprocess] [info] Extensions installed successfully: donjayamanne.git-extension-pack
