Looking for git in: git
Using git 2.17.1 from git
> git rev-parse --show-toplevel
> git rev-parse --git-dir
Open repository: /opt/lampp/htdocs/file_rouge_gp1
> git status -z -u
> git symbolic-ref --short HEAD
> git rev-parse ldab
> git rev-parse --symbolic-full-name ldab@{u}
> git rev-list --left-right ldab...refs/remotes/origin/ldab
> git for-each-ref --sort -committerdate --format %(refname) %(objectname)
> git remote --verbose
> git config --get commit.template
> git check-ignore -v -z --stdin
> git show --textconv :src/Entity/User.php
> git ls-files --stage -- /opt/lampp/htdocs/file_rouge_gp1/src/Entity/User.php
> git cat-file -s babcc7c60dcfd81459ce703dc95184f7221b097e
> git status -z -u
> git symbolic-ref --short HEAD
> git rev-parse ldab
> git rev-parse --symbolic-full-name ldab@{u}
> git rev-list --left-right ldab...refs/remotes/origin/ldab
> git for-each-ref --sort -committerdate --format %(refname) %(objectname)
> git remote --verbose
> git config --get commit.template
> git status -z -u
> git symbolic-ref --short HEAD
> git rev-parse ldab
> git rev-parse --symbolic-full-name ldab@{u}
> git rev-list --left-right ldab...refs/remotes/origin/ldab
> git for-each-ref --sort -committerdate --format %(refname) %(objectname)
> git remote --verbose
> git config --get commit.template
> git status -z -u
> git symbolic-ref --short HEAD
> git rev-parse ldab
> git rev-parse --symbolic-full-name ldab@{u}
> git rev-list --left-right ldab...refs/remotes/origin/ldab
> git for-each-ref --sort -committerdate --format %(refname) %(objectname)
> git remote --verbose
> git config --get commit.template
> git status -z -u
> git symbolic-ref --short HEAD
> git rev-parse ldab
> git rev-parse --symbolic-full-name ldab@{u}
> git rev-list --left-right ldab...refs/remotes/origin/ldab
> git for-each-ref --sort -committerdate --format %(refname) %(objectname)
> git remote --verbose
> git config --get commit.template
> git status -z -u
> git ls-files --stage -- /opt/lampp/htdocs/file_rouge_gp1/src/Entity/User.php
> git cat-file -s 1e6a22376d32debfc8ec405fe899fd683af03103
> git show --textconv :src/Entity/User.php
> git symbolic-ref --short HEAD
> git rev-parse ldab
> git rev-parse --symbolic-full-name ldab@{u}
> git rev-list --left-right ldab...refs/remotes/origin/ldab
> git for-each-ref --sort -committerdate --format %(refname) %(objectname)
> git remote --verbose
> git config --get commit.template
> git status -z -u
> git symbolic-ref --short HEAD
> git rev-parse ldab
> git rev-parse --symbolic-full-name ldab@{u}
> git rev-list --left-right ldab...refs/remotes/origin/ldab
> git for-each-ref --sort -committerdate --format %(refname) %(objectname)
> git remote --verbose
> git config --get commit.template
> git check-ignore -v -z --stdin
> git show --textconv :src/Repository/ProfilRepository.php
> git ls-files --stage -- /opt/lampp/htdocs/file_rouge_gp1/src/Repository/ProfilRepository.php
> git cat-file -s 6779aee516012af0900f900e4494bab302e9010d
> git check-ignore -v -z --stdin
> git check-ignore -v -z --stdin
> git check-ignore -v -z --stdin
> git check-ignore -v -z --stdin
> git check-ignore -v -z --stdin
> git check-ignore -v -z --stdin
> git show --textconv :vendor/autoload.php
> git ls-files --stage -- /opt/lampp/htdocs/file_rouge_gp1/vendor/autoload.php
> git cat-file -s 76a690b877d166e72f9e23fc9631f1960151e027
> git check-ignore -v -z --stdin
> git check-ignore -v -z --stdin
> git show --textconv :vendor/doctrine/doctrine-migrations-bundle/DoctrineMigrationsBundle.php
> git ls-files --stage -- /opt/lampp/htdocs/file_rouge_gp1/vendor/doctrine/doctrine-migrations-bundle/DoctrineMigrationsBundle.php
> git cat-file -s 090de1edd5f38d235145c9745d939049aef4161f
> git check-ignore -v -z --stdin
> git check-ignore -v -z --stdin
> git check-ignore -v -z --stdin
> git check-ignore -v -z --stdin
> git show --textconv :src/Kernel.php
> git ls-files --stage -- /opt/lampp/htdocs/file_rouge_gp1/src/Kernel.php
> git cat-file -s b0168617ab493ae59c477a5dabbc6e8205aa8a90
> git check-ignore -v -z --stdin
> git check-ignore -v -z --stdin
> git check-ignore -v -z --stdin
> git check-ignore -v -z --stdin
> git check-ignore -v -z --stdin
> git check-ignore -v -z --stdin
> git check-ignore -v -z --stdin
> git check-ignore -v -z --stdin
> git check-ignore -v -z --stdin
> git check-ignore -v -z --stdin
> git check-ignore -v -z --stdin
> git check-ignore -v -z --stdin
> git check-ignore -v -z --stdin
> git check-ignore -v -z --stdin
> git check-ignore -v -z --stdin
> git check-ignore -v -z --stdin
> git check-ignore -v -z --stdin
> git check-ignore -v -z --stdin
> git check-ignore -v -z --stdin
> git show --textconv :vendor/api-platform/core/src/Security/EventListener/DenyAccessListener.php
> git ls-files --stage -- /opt/lampp/htdocs/file_rouge_gp1/vendor/api-platform/core/src/Security/EventListener/DenyAccessListener.php
> git cat-file -s c4a307a06d3a86b691daa36a88e06ea3439417ee
> git check-ignore -v -z --stdin
> git check-ignore -v -z --stdin
> git check-ignore -v -z --stdin
> git check-ignore -v -z --stdin
> git check-ignore -v -z --stdin
> git show --textconv :vendor/api-platform/core/src/Api/FormatMatcher.php
> git ls-files --stage -- /opt/lampp/htdocs/file_rouge_gp1/vendor/api-platform/core/src/Api/FormatMatcher.php
> git cat-file -s fabb23fa70349c7c52f7df0fad2d311591612fd6
> git show --textconv :vendor/api-platform/core/src/Api/FormatsProviderInterface.php
> git ls-files --stage -- /opt/lampp/htdocs/file_rouge_gp1/vendor/api-platform/core/src/Api/FormatsProviderInterface.php
> git cat-file -s ea979141a28be2cb0d42f03cb8544868cb28b7c1
> git check-ignore -v -z --stdin
> git show --textconv :vendor/api-platform/core/src/DataPersister/DataPersisterInterface.php
> git ls-files --stage -- /opt/lampp/htdocs/file_rouge_gp1/vendor/api-platform/core/src/DataPersister/DataPersisterInterface.php
> git cat-file -s a8ab88c04c8fc3ad8ea936e9103ffb86c7fcc45c
> git check-ignore -v -z --stdin
> git show --textconv :vendor/api-platform/core/src/DataProvider/Pagination.php
> git ls-files --stage -- /opt/lampp/htdocs/file_rouge_gp1/vendor/api-platform/core/src/DataProvider/Pagination.php
> git cat-file -s aeab11b3e81a152118dfb0969e132c32887d3a8d
> git check-ignore -v -z --stdin
> git show --textconv :vendor/api-platform/core/src/DataProvider/SerializerAwareDataProviderTrait.php
> git ls-files --stage -- /opt/lampp/htdocs/file_rouge_gp1/vendor/api-platform/core/src/DataProvider/SerializerAwareDataProviderTrait.php
> git cat-file -s 014012bad08b69fc1421bb557e84939c95179f96
> git check-ignore -v -z --stdin
> git check-ignore -v -z --stdin
> git show --textconv :vendor/api-platform/core/src/DataTransformer/DataTransformerInterface.php
> git ls-files --stage -- /opt/lampp/htdocs/file_rouge_gp1/vendor/api-platform/core/src/DataTransformer/DataTransformerInterface.php
> git cat-file -s 156c0ffe4377c2f650ba0440c4309436dc71f16e
> git check-ignore -v -z --stdin
> git check-ignore -v -z --stdin
> git show --textconv :config/packages/api_platform.yaml
> git ls-files --stage -- /opt/lampp/htdocs/file_rouge_gp1/config/packages/api_platform.yaml
> git cat-file -s 2eb7b4c58f6ef947a08d68ead61ca37b9ac47a64
> git log --format=%H%n%aN%n%aE%n%at%n%ct%n%P%n%B -z -n21 -- /opt/lampp/htdocs/file_rouge_gp1/config/packages/api_platform.yaml
> git check-ignore -v -z --stdin
> git check-ignore -v -z --stdin
> git check-ignore -v -z --stdin
> git show --textconv :config/services.yaml
> git ls-files --stage -- /opt/lampp/htdocs/file_rouge_gp1/config/services.yaml
> git cat-file -s 337b2b0847c9e74c18177d24ed4861466eccb110
> git status -z -u
> git symbolic-ref --short HEAD
> git rev-parse ldab
> git rev-parse --symbolic-full-name ldab@{u}
> git rev-list --left-right ldab...refs/remotes/origin/ldab
> git for-each-ref --sort -committerdate --format %(refname) %(objectname)
> git remote --verbose
> git config --get commit.template
> git check-ignore -v -z --stdin
> git show --textconv :config/packages/api_platform.yaml
> git ls-files --stage -- /opt/lampp/htdocs/file_rouge_gp1/config/packages/api_platform.yaml
> git cat-file -s 2eb7b4c58f6ef947a08d68ead61ca37b9ac47a64
> git status -z -u
> git symbolic-ref --short HEAD
> git rev-parse ldab
> git rev-parse --symbolic-full-name ldab@{u}
> git rev-list --left-right ldab...refs/remotes/origin/ldab
> git for-each-ref --sort -committerdate --format %(refname) %(objectname)
> git remote --verbose
> git config --get commit.template
> git status -z -u
> git symbolic-ref --short HEAD
> git rev-parse ldab
> git rev-parse --symbolic-full-name ldab@{u}
> git rev-list --left-right ldab...refs/remotes/origin/ldab
> git for-each-ref --sort -committerdate --format %(refname) %(objectname)
> git remote --verbose
> git config --get commit.template
> git status -z -u
> git symbolic-ref --short HEAD
> git rev-parse ldab
> git rev-parse --symbolic-full-name ldab@{u}
> git rev-list --left-right ldab...refs/remotes/origin/ldab
> git for-each-ref --sort -committerdate --format %(refname) %(objectname)
> git remote --verbose
> git config --get commit.template
> git show --textconv :src/Entity/User.php
> git ls-files --stage -- /opt/lampp/htdocs/file_rouge_gp1/src/Entity/User.php
> git cat-file -s 1e6a22376d32debfc8ec405fe899fd683af03103
> git check-ignore -v -z --stdin
> git show --textconv :migrations/Version20200720134857.php
> git ls-files --stage -- /opt/lampp/htdocs/file_rouge_gp1/migrations/Version20200720134857.php
> git cat-file -s 3b5ac1071c8359d989606d2c836c9e4b4c878f77
> git show --textconv :migrations/Version20200723131554.php
> git ls-files --stage -- /opt/lampp/htdocs/file_rouge_gp1/migrations/Version20200723131554.php
> git show --textconv :src/Entity/User.php
> git ls-files --stage -- /opt/lampp/htdocs/file_rouge_gp1/src/Entity/User.php
> git cat-file -s 1e6a22376d32debfc8ec405fe899fd683af03103
> git show --textconv :migrations/Version20200721030559.php
> git ls-files --stage -- /opt/lampp/htdocs/file_rouge_gp1/migrations/Version20200721030559.php
> git cat-file -s e3abd54bcb21bb9f185f79d7d45c64d02159231f
> git show --textconv :src/Entity/User.php
> git ls-files --stage -- /opt/lampp/htdocs/file_rouge_gp1/src/Entity/User.php
> git cat-file -s 1e6a22376d32debfc8ec405fe899fd683af03103
> git show --textconv :migrations/Version20200720134857.php
> git ls-files --stage -- /opt/lampp/htdocs/file_rouge_gp1/migrations/Version20200720134857.php
> git cat-file -s 3b5ac1071c8359d989606d2c836c9e4b4c878f77
> git show --textconv :src/Entity/User.php
> git ls-files --stage -- /opt/lampp/htdocs/file_rouge_gp1/src/Entity/User.php
> git cat-file -s 1e6a22376d32debfc8ec405fe899fd683af03103
> git show --textconv :config/packages/api_platform.yaml
> git ls-files --stage -- /opt/lampp/htdocs/file_rouge_gp1/config/packages/api_platform.yaml
> git cat-file -s 2eb7b4c58f6ef947a08d68ead61ca37b9ac47a64
