Looking for git in: git
Using git 2.17.1 from git
> git rev-parse --show-toplevel
> git rev-parse --git-dir
Open repository: /opt/lampp/htdocs/file_rouge_gp1
> git status -z -u
> git symbolic-ref --short HEAD
> git rev-parse ldab
> git rev-parse --symbolic-full-name ldab@{u}
> git rev-list --left-right ldab...refs/remotes/origin/ldab
> git for-each-ref --sort -committerdate --format %(refname) %(objectname)
> git remote --verbose
> git config --get commit.template
> git show --textconv :config/packages/api_platform.yaml
> git ls-files --stage -- /opt/lampp/htdocs/file_rouge_gp1/config/packages/api_platform.yaml
> git cat-file -s 2eb7b4c58f6ef947a08d68ead61ca37b9ac47a64
> git check-ignore -v -z --stdin
> git status -z -u
> git symbolic-ref --short HEAD
> git rev-parse ldab
> git rev-parse --symbolic-full-name ldab@{u}
> git rev-list --left-right ldab...refs/remotes/origin/ldab
> git for-each-ref --sort -committerdate --format %(refname) %(objectname)
> git remote --verbose
> git config --get commit.template
> git status -z -u
> git symbolic-ref --short HEAD
> git rev-parse ldab
> git rev-parse --symbolic-full-name ldab@{u}
> git rev-list --left-right ldab...refs/remotes/origin/ldab
> git for-each-ref --sort -committerdate --format %(refname) %(objectname)
> git remote --verbose
> git config --get commit.template
> git check-ignore -v -z --stdin
> git show --textconv :.env
> git ls-files --stage -- /opt/lampp/htdocs/file_rouge_gp1/.env
> git cat-file -s 569a73cc552ac194851391d92897363857a4662b
> git show --textconv :src/Entity/User.php
> git ls-files --stage -- /opt/lampp/htdocs/file_rouge_gp1/src/Entity/User.php
> git cat-file -s 1e6a22376d32debfc8ec405fe899fd683af03103
> git show --textconv :config/packages/api_platform.yaml
> git ls-files --stage -- /opt/lampp/htdocs/file_rouge_gp1/config/packages/api_platform.yaml
> git cat-file -s 2eb7b4c58f6ef947a08d68ead61ca37b9ac47a64
> git show --textconv :src/Entity/User.php
> git ls-files --stage -- /opt/lampp/htdocs/file_rouge_gp1/src/Entity/User.php
> git cat-file -s 1e6a22376d32debfc8ec405fe899fd683af03103
> git show --textconv :config/packages/api_platform.yaml
> git ls-files --stage -- /opt/lampp/htdocs/file_rouge_gp1/config/packages/api_platform.yaml
> git cat-file -s 2eb7b4c58f6ef947a08d68ead61ca37b9ac47a64
> git show --textconv :src/Entity/User.php
> git ls-files --stage -- /opt/lampp/htdocs/file_rouge_gp1/src/Entity/User.php
> git cat-file -s 1e6a22376d32debfc8ec405fe899fd683af03103
> git show --textconv :config/packages/api_platform.yaml
> git ls-files --stage -- /opt/lampp/htdocs/file_rouge_gp1/config/packages/api_platform.yaml
> git cat-file -s 2eb7b4c58f6ef947a08d68ead61ca37b9ac47a64
> git show --textconv :src/Entity/User.php
> git ls-files --stage -- /opt/lampp/htdocs/file_rouge_gp1/src/Entity/User.php
> git cat-file -s 1e6a22376d32debfc8ec405fe899fd683af03103
> git show --textconv :config/packages/api_platform.yaml
> git ls-files --stage -- /opt/lampp/htdocs/file_rouge_gp1/config/packages/api_platform.yaml
> git cat-file -s 2eb7b4c58f6ef947a08d68ead61ca37b9ac47a64
> git show --textconv :src/Entity/User.php
> git ls-files --stage -- /opt/lampp/htdocs/file_rouge_gp1/src/Entity/User.php
> git cat-file -s 1e6a22376d32debfc8ec405fe899fd683af03103
> git show --textconv :config/packages/api_platform.yaml
> git ls-files --stage -- /opt/lampp/htdocs/file_rouge_gp1/config/packages/api_platform.yaml
> git cat-file -s 2eb7b4c58f6ef947a08d68ead61ca37b9ac47a64
> git show --textconv :src/Entity/User.php
> git ls-files --stage -- /opt/lampp/htdocs/file_rouge_gp1/src/Entity/User.php
> git cat-file -s 1e6a22376d32debfc8ec405fe899fd683af03103
> git show --textconv :.env
> git ls-files --stage -- /opt/lampp/htdocs/file_rouge_gp1/.env
> git cat-file -s 569a73cc552ac194851391d92897363857a4662b
> git show --textconv :src/Entity/User.php
> git ls-files --stage -- /opt/lampp/htdocs/file_rouge_gp1/src/Entity/User.php
> git cat-file -s 1e6a22376d32debfc8ec405fe899fd683af03103
> git show --textconv :src/Entity/Profil.php
> git ls-files --stage -- /opt/lampp/htdocs/file_rouge_gp1/src/Entity/Profil.php
> git cat-file -s 069696ad9c98f8c9e14ca0862d738c3b5e0903f0
> git check-ignore -v -z --stdin
> git show --textconv :src/Controller/ApprenantController.php
> git ls-files --stage -- /opt/lampp/htdocs/file_rouge_gp1/src/Controller/ApprenantController.php
> git show --textconv :src/Entity/User.php
> git ls-files --stage -- /opt/lampp/htdocs/file_rouge_gp1/src/Entity/User.php
> git cat-file -s 1e6a22376d32debfc8ec405fe899fd683af03103
> git show --textconv :src/Controller/ApprenantController.php
> git ls-files --stage -- /opt/lampp/htdocs/file_rouge_gp1/src/Controller/ApprenantController.php
> git show --textconv :src/Entity/User.php
> git ls-files --stage -- /opt/lampp/htdocs/file_rouge_gp1/src/Entity/User.php
> git cat-file -s 1e6a22376d32debfc8ec405fe899fd683af03103
> git show --textconv :src/Controller/ApprenantController.php
> git ls-files --stage -- /opt/lampp/htdocs/file_rouge_gp1/src/Controller/ApprenantController.php
> git show --textconv :src/Entity/User.php
> git ls-files --stage -- /opt/lampp/htdocs/file_rouge_gp1/src/Entity/User.php
> git cat-file -s 1e6a22376d32debfc8ec405fe899fd683af03103
> git show --textconv :src/Controller/ApprenantController.php
> git ls-files --stage -- /opt/lampp/htdocs/file_rouge_gp1/src/Controller/ApprenantController.php
> git log --format=%H%n%aN%n%aE%n%at%n%ct%n%P%n%B -z -n21 -- /opt/lampp/htdocs/file_rouge_gp1/src/Controller/ApprenantController.php
> git check-ignore -v -z --stdin
> git show --textconv :src/Repository/UserRepository.php
> git ls-files --stage -- /opt/lampp/htdocs/file_rouge_gp1/src/Repository/UserRepository.php
> git cat-file -s 1a389759a51dab57c2bf666c2274f5a592231b70
> git show --textconv :src/Controller/ApprenantController.php
> git ls-files --stage -- /opt/lampp/htdocs/file_rouge_gp1/src/Controller/ApprenantController.php
> git show --textconv :src/Repository/UserRepository.php
> git ls-files --stage -- /opt/lampp/htdocs/file_rouge_gp1/src/Repository/UserRepository.php
> git cat-file -s 1a389759a51dab57c2bf666c2274f5a592231b70
> git show --textconv :src/Controller/ApprenantController.php
> git ls-files --stage -- /opt/lampp/htdocs/file_rouge_gp1/src/Controller/ApprenantController.php
> git show --textconv :src/Entity/User.php
> git ls-files --stage -- /opt/lampp/htdocs/file_rouge_gp1/src/Entity/User.php
> git cat-file -s 1e6a22376d32debfc8ec405fe899fd683af03103
> git show --textconv :src/Controller/ApprenantController.php
> git ls-files --stage -- /opt/lampp/htdocs/file_rouge_gp1/src/Controller/ApprenantController.php
> git show --textconv :src/Entity/User.php
> git ls-files --stage -- /opt/lampp/htdocs/file_rouge_gp1/src/Entity/User.php
> git cat-file -s 1e6a22376d32debfc8ec405fe899fd683af03103
> git show --textconv :src/Controller/ApprenantController.php
> git ls-files --stage -- /opt/lampp/htdocs/file_rouge_gp1/src/Controller/ApprenantController.php
> git show --textconv :src/Entity/User.php
> git ls-files --stage -- /opt/lampp/htdocs/file_rouge_gp1/src/Entity/User.php
> git cat-file -s 1e6a22376d32debfc8ec405fe899fd683af03103
> git check-ignore -v -z --stdin
> git show --textconv :src/DataFixtures/AppFixtures.php
> git ls-files --stage -- /opt/lampp/htdocs/file_rouge_gp1/src/DataFixtures/AppFixtures.php
> git cat-file -s f54f415c6830912343d41967bdaa0b3b64db4ad0
> git show --textconv :src/Repository/UserRepository.php
> git ls-files --stage -- /opt/lampp/htdocs/file_rouge_gp1/src/Repository/UserRepository.php
> git cat-file -s 1a389759a51dab57c2bf666c2274f5a592231b70
> git show --textconv :src/Entity/User.php
> git ls-files --stage -- /opt/lampp/htdocs/file_rouge_gp1/src/Entity/User.php
> git cat-file -s 1e6a22376d32debfc8ec405fe899fd683af03103
> git show --textconv :src/Controller/ApprenantController.php
> git ls-files --stage -- /opt/lampp/htdocs/file_rouge_gp1/src/Controller/ApprenantController.php
> git show --textconv :src/Entity/User.php
> git ls-files --stage -- /opt/lampp/htdocs/file_rouge_gp1/src/Entity/User.php
> git cat-file -s 1e6a22376d32debfc8ec405fe899fd683af03103
> git show --textconv :src/Controller/ApprenantController.php
> git ls-files --stage -- /opt/lampp/htdocs/file_rouge_gp1/src/Controller/ApprenantController.php
> git show --textconv :src/Repository/UserRepository.php
> git ls-files --stage -- /opt/lampp/htdocs/file_rouge_gp1/src/Repository/UserRepository.php
> git cat-file -s 1a389759a51dab57c2bf666c2274f5a592231b70
> git show --textconv :src/Controller/ApprenantController.php
> git ls-files --stage -- /opt/lampp/htdocs/file_rouge_gp1/src/Controller/ApprenantController.php
> git show --textconv :src/Repository/UserRepository.php
> git ls-files --stage -- /opt/lampp/htdocs/file_rouge_gp1/src/Repository/UserRepository.php
> git cat-file -s 1a389759a51dab57c2bf666c2274f5a592231b70
> git show --textconv :src/Entity/User.php
> git ls-files --stage -- /opt/lampp/htdocs/file_rouge_gp1/src/Entity/User.php
> git cat-file -s 1e6a22376d32debfc8ec405fe899fd683af03103
> git show --textconv :src/Controller/ApprenantController.php
> git ls-files --stage -- /opt/lampp/htdocs/file_rouge_gp1/src/Controller/ApprenantController.php
> git show --textconv :src/Entity/User.php
> git ls-files --stage -- /opt/lampp/htdocs/file_rouge_gp1/src/Entity/User.php
> git cat-file -s 1e6a22376d32debfc8ec405fe899fd683af03103
> git show --textconv :src/Repository/UserRepository.php
> git ls-files --stage -- /opt/lampp/htdocs/file_rouge_gp1/src/Repository/UserRepository.php
> git cat-file -s 1a389759a51dab57c2bf666c2274f5a592231b70
> git show --textconv :src/Entity/User.php
> git ls-files --stage -- /opt/lampp/htdocs/file_rouge_gp1/src/Entity/User.php
> git cat-file -s 1e6a22376d32debfc8ec405fe899fd683af03103
> git show --textconv :src/Controller/ApprenantController.php
> git ls-files --stage -- /opt/lampp/htdocs/file_rouge_gp1/src/Controller/ApprenantController.php
> git show --textconv :src/Entity/User.php
> git ls-files --stage -- /opt/lampp/htdocs/file_rouge_gp1/src/Entity/User.php
> git cat-file -s 1e6a22376d32debfc8ec405fe899fd683af03103
> git show --textconv :src/Controller/ApprenantController.php
> git ls-files --stage -- /opt/lampp/htdocs/file_rouge_gp1/src/Controller/ApprenantController.php
> git show --textconv :src/Entity/User.php
> git ls-files --stage -- /opt/lampp/htdocs/file_rouge_gp1/src/Entity/User.php
> git cat-file -s 1e6a22376d32debfc8ec405fe899fd683af03103
> git show --textconv :config/packages/security.yaml
> git ls-files --stage -- /opt/lampp/htdocs/file_rouge_gp1/config/packages/security.yaml
> git cat-file -s e76199daf9b5069241d3d963f4052fbc4f1c53a6
> git show --textconv :src/Entity/User.php
> git ls-files --stage -- /opt/lampp/htdocs/file_rouge_gp1/src/Entity/User.php
> git cat-file -s 1e6a22376d32debfc8ec405fe899fd683af03103
> git ls-files --stage -- /opt/lampp/htdocs/file_rouge_gp1/src/Entity/User.php
> git cat-file -s 1e6a22376d32debfc8ec405fe899fd683af03103
> git show --textconv HEAD:src/Entity/User.php
> git ls-tree -l HEAD -- /opt/lampp/htdocs/file_rouge_gp1/src/Entity/User.php
> git hash-object --stdin -w --path src/Entity/User.php
> git show -s --format=%H%n%aN%n%aE%n%at%n%ct%n%P%n%B -z HEAD
> git ls-tree -l HEAD -- src/Entity/User.php
> git update-index  --cacheinfo 100644 c65b1219733b77cb9fdbb24b45499ca734d8ed3b
 src/Entity/User.php
Ignoring path 
> git status -z -u
> git symbolic-ref --short HEAD
> git rev-parse ldab
> git rev-parse --symbolic-full-name ldab@{u}
> git rev-list --left-right ldab...refs/remotes/origin/ldab
> git for-each-ref --sort -committerdate --format %(refname) %(objectname)
> git remote --verbose
> git config --get commit.template
> git ls-files --stage -- /opt/lampp/htdocs/file_rouge_gp1/src/Entity/User.php
> git cat-file -s c65b1219733b77cb9fdbb24b45499ca734d8ed3b
> git show --textconv :src/Entity/User.php
> git status -z -u
> git ls-files --stage -- /opt/lampp/htdocs/file_rouge_gp1/src/Entity/User.php
> git ls-files --stage -- /opt/lampp/htdocs/file_rouge_gp1/src/Entity/User.php
> git cat-file -s c65b1219733b77cb9fdbb24b45499ca734d8ed3b
> git cat-file -s c65b1219733b77cb9fdbb24b45499ca734d8ed3b
> git show --textconv :src/Entity/User.php
> git show --textconv :src/Entity/User.php
> git symbolic-ref --short HEAD
> git rev-parse ldab
> git rev-parse --symbolic-full-name ldab@{u}
> git rev-list --left-right ldab...refs/remotes/origin/ldab
> git for-each-ref --sort -committerdate --format %(refname) %(objectname)
> git remote --verbose
> git config --get commit.template
> git ls-files --stage -- /opt/lampp/htdocs/file_rouge_gp1/src/Entity/User.php
> git cat-file -s c65b1219733b77cb9fdbb24b45499ca734d8ed3b
> git ls-files --stage -- /opt/lampp/htdocs/file_rouge_gp1/src/Entity/User.php
> git cat-file -s c65b1219733b77cb9fdbb24b45499ca734d8ed3b
> git ls-files --stage -- /opt/lampp/htdocs/file_rouge_gp1/src/Entity/User.php
> git cat-file -s c65b1219733b77cb9fdbb24b45499ca734d8ed3b
> git ls-files --stage -- /opt/lampp/htdocs/file_rouge_gp1/src/Entity/User.php
> git cat-file -s c65b1219733b77cb9fdbb24b45499ca734d8ed3b
> git ls-files --stage -- /opt/lampp/htdocs/file_rouge_gp1/src/Entity/User.php
> git cat-file -s c65b1219733b77cb9fdbb24b45499ca734d8ed3b
> git ls-files --stage -- /opt/lampp/htdocs/file_rouge_gp1/src/Entity/User.php
> git cat-file -s c65b1219733b77cb9fdbb24b45499ca734d8ed3b
> git ls-files --stage -- /opt/lampp/htdocs/file_rouge_gp1/src/Entity/User.php
> git cat-file -s c65b1219733b77cb9fdbb24b45499ca734d8ed3b
> git ls-files --stage -- /opt/lampp/htdocs/file_rouge_gp1/src/Entity/User.php
> git cat-file -s c65b1219733b77cb9fdbb24b45499ca734d8ed3b
> git show --textconv :config/packages/security.yaml
> git ls-files --stage -- /opt/lampp/htdocs/file_rouge_gp1/config/packages/security.yaml
> git cat-file -s e76199daf9b5069241d3d963f4052fbc4f1c53a6
> git show --textconv :src/Controller/ApprenantController.php
> git ls-files --stage -- /opt/lampp/htdocs/file_rouge_gp1/src/Controller/ApprenantController.php
> git show --textconv :src/Entity/User.php
> git ls-files --stage -- /opt/lampp/htdocs/file_rouge_gp1/src/Entity/User.php
> git cat-file -s c65b1219733b77cb9fdbb24b45499ca734d8ed3b
> git show --textconv :src/Controller/ApprenantController.php
> git ls-files --stage -- /opt/lampp/htdocs/file_rouge_gp1/src/Controller/ApprenantController.php
> git show --textconv :config/packages/security.yaml
> git ls-files --stage -- /opt/lampp/htdocs/file_rouge_gp1/config/packages/security.yaml
> git cat-file -s e76199daf9b5069241d3d963f4052fbc4f1c53a6
> git show --textconv :src/Controller/ApprenantController.php
> git ls-files --stage -- /opt/lampp/htdocs/file_rouge_gp1/src/Controller/ApprenantController.php
> git check-ignore -v -z --stdin
> git show --textconv :src/Controller/FormateurController.php
> git ls-files --stage -- /opt/lampp/htdocs/file_rouge_gp1/src/Controller/FormateurController.php
> git show --textconv :src/Entity/User.php
> git ls-files --stage -- /opt/lampp/htdocs/file_rouge_gp1/src/Entity/User.php
> git cat-file -s c65b1219733b77cb9fdbb24b45499ca734d8ed3b
> git show --textconv :src/Controller/FormateurController.php
> git ls-files --stage -- /opt/lampp/htdocs/file_rouge_gp1/src/Controller/FormateurController.php
> git show --textconv :src/Entity/User.php
> git ls-files --stage -- /opt/lampp/htdocs/file_rouge_gp1/src/Entity/User.php
> git cat-file -s c65b1219733b77cb9fdbb24b45499ca734d8ed3b
> git check-ignore -v -z --stdin
> git show --textconv :src/Controller/FormateurController.php
> git ls-files --stage -- /opt/lampp/htdocs/file_rouge_gp1/src/Controller/FormateurController.php
> git show --textconv :src/Controller/AdminController.php
> git ls-files --stage -- /opt/lampp/htdocs/file_rouge_gp1/src/Controller/AdminController.php
> git show --textconv :src/Entity/User.php
> git ls-files --stage -- /opt/lampp/htdocs/file_rouge_gp1/src/Entity/User.php
> git cat-file -s c65b1219733b77cb9fdbb24b45499ca734d8ed3b
> git show --textconv :src/Controller/ApprenantController.php
> git ls-files --stage -- /opt/lampp/htdocs/file_rouge_gp1/src/Controller/ApprenantController.php
> git show --textconv :src/Repository/UserRepository.php
> git ls-files --stage -- /opt/lampp/htdocs/file_rouge_gp1/src/Repository/UserRepository.php
> git cat-file -s 1a389759a51dab57c2bf666c2274f5a592231b70
> git show --textconv :src/Entity/User.php
> git ls-files --stage -- /opt/lampp/htdocs/file_rouge_gp1/src/Entity/User.php
> git cat-file -s c65b1219733b77cb9fdbb24b45499ca734d8ed3b
> git show --textconv :src/Controller/ApprenantController.php
> git ls-files --stage -- /opt/lampp/htdocs/file_rouge_gp1/src/Controller/ApprenantController.php
> git show --textconv :src/Repository/UserRepository.php
> git ls-files --stage -- /opt/lampp/htdocs/file_rouge_gp1/src/Repository/UserRepository.php
> git cat-file -s 1a389759a51dab57c2bf666c2274f5a592231b70
> git show --textconv :src/Controller/AdminController.php
> git ls-files --stage -- /opt/lampp/htdocs/file_rouge_gp1/src/Controller/AdminController.php
> git show --textconv :src/Repository/UserRepository.php
> git ls-files --stage -- /opt/lampp/htdocs/file_rouge_gp1/src/Repository/UserRepository.php
> git cat-file -s 1a389759a51dab57c2bf666c2274f5a592231b70
> git show --textconv :src/Controller/AdminController.php
> git ls-files --stage -- /opt/lampp/htdocs/file_rouge_gp1/src/Controller/AdminController.php
> git show --textconv :src/Repository/UserRepository.php
> git ls-files --stage -- /opt/lampp/htdocs/file_rouge_gp1/src/Repository/UserRepository.php
> git cat-file -s 1a389759a51dab57c2bf666c2274f5a592231b70
> git show --textconv :src/Controller/ApprenantController.php
> git ls-files --stage -- /opt/lampp/htdocs/file_rouge_gp1/src/Controller/ApprenantController.php
> git show --textconv :src/Entity/User.php
> git ls-files --stage -- /opt/lampp/htdocs/file_rouge_gp1/src/Entity/User.php
> git cat-file -s c65b1219733b77cb9fdbb24b45499ca734d8ed3b
> git show --textconv :src/Controller/ApprenantController.php
> git ls-files --stage -- /opt/lampp/htdocs/file_rouge_gp1/src/Controller/ApprenantController.php
> git show --textconv :src/Entity/User.php
> git ls-files --stage -- /opt/lampp/htdocs/file_rouge_gp1/src/Entity/User.php
> git cat-file -s c65b1219733b77cb9fdbb24b45499ca734d8ed3b
> git show --textconv :src/Controller/ApprenantController.php
> git ls-files --stage -- /opt/lampp/htdocs/file_rouge_gp1/src/Controller/ApprenantController.php
> git show --textconv :src/Entity/User.php
> git ls-files --stage -- /opt/lampp/htdocs/file_rouge_gp1/src/Entity/User.php
> git cat-file -s c65b1219733b77cb9fdbb24b45499ca734d8ed3b
> git show --textconv :src/Controller/ApprenantController.php
> git ls-files --stage -- /opt/lampp/htdocs/file_rouge_gp1/src/Controller/ApprenantController.php
> git show --textconv :src/Entity/User.php
> git ls-files --stage -- /opt/lampp/htdocs/file_rouge_gp1/src/Entity/User.php
> git cat-file -s c65b1219733b77cb9fdbb24b45499ca734d8ed3b
> git show --textconv :src/Controller/ApprenantController.php
> git ls-files --stage -- /opt/lampp/htdocs/file_rouge_gp1/src/Controller/ApprenantController.php
> git show --textconv :src/Entity/User.php
> git ls-files --stage -- /opt/lampp/htdocs/file_rouge_gp1/src/Entity/User.php
> git cat-file -s c65b1219733b77cb9fdbb24b45499ca734d8ed3b
> git show --textconv :src/Controller/ApprenantController.php
> git ls-files --stage -- /opt/lampp/htdocs/file_rouge_gp1/src/Controller/ApprenantController.php
> git show --textconv :src/Entity/User.php
> git ls-files --stage -- /opt/lampp/htdocs/file_rouge_gp1/src/Entity/User.php
> git cat-file -s c65b1219733b77cb9fdbb24b45499ca734d8ed3b
> git show --textconv :src/Controller/ApprenantController.php
> git ls-files --stage -- /opt/lampp/htdocs/file_rouge_gp1/src/Controller/ApprenantController.php
> git show --textconv :src/Entity/User.php
> git ls-files --stage -- /opt/lampp/htdocs/file_rouge_gp1/src/Entity/User.php
> git cat-file -s c65b1219733b77cb9fdbb24b45499ca734d8ed3b
> git show --textconv :src/Controller/ApprenantController.php
> git ls-files --stage -- /opt/lampp/htdocs/file_rouge_gp1/src/Controller/ApprenantController.php
> git show --textconv :src/Entity/User.php
> git ls-files --stage -- /opt/lampp/htdocs/file_rouge_gp1/src/Entity/User.php
> git cat-file -s c65b1219733b77cb9fdbb24b45499ca734d8ed3b
> git show --textconv :src/Controller/ApprenantController.php
> git ls-files --stage -- /opt/lampp/htdocs/file_rouge_gp1/src/Controller/ApprenantController.php
> git show --textconv :src/Controller/FormateurController.php
> git ls-files --stage -- /opt/lampp/htdocs/file_rouge_gp1/src/Controller/FormateurController.php
> git show --textconv :src/Controller/AdminController.php
> git ls-files --stage -- /opt/lampp/htdocs/file_rouge_gp1/src/Controller/AdminController.php
> git show --textconv :src/Repository/UserRepository.php
> git ls-files --stage -- /opt/lampp/htdocs/file_rouge_gp1/src/Repository/UserRepository.php
> git cat-file -s 1a389759a51dab57c2bf666c2274f5a592231b70
> git show --textconv :src/Entity/User.php
> git ls-files --stage -- /opt/lampp/htdocs/file_rouge_gp1/src/Entity/User.php
> git cat-file -s c65b1219733b77cb9fdbb24b45499ca734d8ed3b
> git show --textconv :src/Controller/ApprenantController.php
> git ls-files --stage -- /opt/lampp/htdocs/file_rouge_gp1/src/Controller/ApprenantController.php
> git check-ignore -v -z --stdin
> git show --textconv :src/Controller/UserController.php
> git ls-files --stage -- /opt/lampp/htdocs/file_rouge_gp1/src/Controller/UserController.php
> git show --textconv :src/Entity/User.php
> git ls-files --stage -- /opt/lampp/htdocs/file_rouge_gp1/src/Entity/User.php
> git cat-file -s c65b1219733b77cb9fdbb24b45499ca734d8ed3b
> git show --textconv :src/Controller/AdminController.php
> git ls-files --stage -- /opt/lampp/htdocs/file_rouge_gp1/src/Controller/AdminController.php
> git show --textconv :src/Controller/ApprenantController.php
> git ls-files --stage -- /opt/lampp/htdocs/file_rouge_gp1/src/Controller/ApprenantController.php
> git show --textconv :src/Repository/UserRepository.php
> git ls-files --stage -- /opt/lampp/htdocs/file_rouge_gp1/src/Repository/UserRepository.php
> git cat-file -s 1a389759a51dab57c2bf666c2274f5a592231b70
> git show --textconv :src/Entity/User.php
> git ls-files --stage -- /opt/lampp/htdocs/file_rouge_gp1/src/Entity/User.php
> git cat-file -s c65b1219733b77cb9fdbb24b45499ca734d8ed3b
> git show --textconv :src/Controller/ApprenantController.php
> git ls-files --stage -- /opt/lampp/htdocs/file_rouge_gp1/src/Controller/ApprenantController.php
> git show --textconv :src/Repository/UserRepository.php
> git ls-files --stage -- /opt/lampp/htdocs/file_rouge_gp1/src/Repository/UserRepository.php
> git cat-file -s 1a389759a51dab57c2bf666c2274f5a592231b70
> git show --textconv :src/Controller/AdminController.php
> git ls-files --stage -- /opt/lampp/htdocs/file_rouge_gp1/src/Controller/AdminController.php
> git show --textconv :src/Controller/FormateurController.php
> git ls-files --stage -- /opt/lampp/htdocs/file_rouge_gp1/src/Controller/FormateurController.php
> git show --textconv :src/Controller/ApprenantController.php
> git ls-files --stage -- /opt/lampp/htdocs/file_rouge_gp1/src/Controller/ApprenantController.php
> git show --textconv :src/Repository/UserRepository.php
> git ls-files --stage -- /opt/lampp/htdocs/file_rouge_gp1/src/Repository/UserRepository.php
> git cat-file -s 1a389759a51dab57c2bf666c2274f5a592231b70
> git show --textconv :src/Controller/ApprenantController.php
> git ls-files --stage -- /opt/lampp/htdocs/file_rouge_gp1/src/Controller/ApprenantController.php
> git show --textconv :src/Repository/UserRepository.php
> git ls-files --stage -- /opt/lampp/htdocs/file_rouge_gp1/src/Repository/UserRepository.php
> git cat-file -s 1a389759a51dab57c2bf666c2274f5a592231b70
> git show --textconv :src/Controller/ApprenantController.php
> git ls-files --stage -- /opt/lampp/htdocs/file_rouge_gp1/src/Controller/ApprenantController.php
> git show --textconv :src/Repository/UserRepository.php
> git ls-files --stage -- /opt/lampp/htdocs/file_rouge_gp1/src/Repository/UserRepository.php
> git cat-file -s 1a389759a51dab57c2bf666c2274f5a592231b70
> git show --textconv :src/Controller/AdminController.php
> git ls-files --stage -- /opt/lampp/htdocs/file_rouge_gp1/src/Controller/AdminController.php
> git show --textconv :src/Controller/ApprenantController.php
> git ls-files --stage -- /opt/lampp/htdocs/file_rouge_gp1/src/Controller/ApprenantController.php
> git show --textconv :src/Repository/UserRepository.php
> git ls-files --stage -- /opt/lampp/htdocs/file_rouge_gp1/src/Repository/UserRepository.php
> git cat-file -s 1a389759a51dab57c2bf666c2274f5a592231b70
> git show --textconv :src/Controller/ApprenantController.php
> git ls-files --stage -- /opt/lampp/htdocs/file_rouge_gp1/src/Controller/ApprenantController.php
> git show --textconv :src/Repository/UserRepository.php
> git ls-files --stage -- /opt/lampp/htdocs/file_rouge_gp1/src/Repository/UserRepository.php
> git cat-file -s 1a389759a51dab57c2bf666c2274f5a592231b70
> git show --textconv :src/Controller/ApprenantController.php
> git ls-files --stage -- /opt/lampp/htdocs/file_rouge_gp1/src/Controller/ApprenantController.php
> git show --textconv :src/Repository/UserRepository.php
> git ls-files --stage -- /opt/lampp/htdocs/file_rouge_gp1/src/Repository/UserRepository.php
> git cat-file -s 1a389759a51dab57c2bf666c2274f5a592231b70
> git show --textconv :src/Controller/ApprenantController.php
> git ls-files --stage -- /opt/lampp/htdocs/file_rouge_gp1/src/Controller/ApprenantController.php
> git show --textconv :src/Repository/UserRepository.php
> git ls-files --stage -- /opt/lampp/htdocs/file_rouge_gp1/src/Repository/UserRepository.php
> git cat-file -s 1a389759a51dab57c2bf666c2274f5a592231b70
> git show --textconv :src/Controller/ApprenantController.php
> git ls-files --stage -- /opt/lampp/htdocs/file_rouge_gp1/src/Controller/ApprenantController.php
> git show --textconv :src/Repository/UserRepository.php
> git ls-files --stage -- /opt/lampp/htdocs/file_rouge_gp1/src/Repository/UserRepository.php
> git cat-file -s 1a389759a51dab57c2bf666c2274f5a592231b70
> git show --textconv :src/Controller/ApprenantController.php
> git ls-files --stage -- /opt/lampp/htdocs/file_rouge_gp1/src/Controller/ApprenantController.php
> git show --textconv :src/Controller/FormateurController.php
> git ls-files --stage -- /opt/lampp/htdocs/file_rouge_gp1/src/Controller/FormateurController.php
> git show --textconv :src/Controller/ApprenantController.php
> git ls-files --stage -- /opt/lampp/htdocs/file_rouge_gp1/src/Controller/ApprenantController.php
> git show --textconv :src/Controller/FormateurController.php
> git ls-files --stage -- /opt/lampp/htdocs/file_rouge_gp1/src/Controller/FormateurController.php
> git show --textconv :src/Controller/AdminController.php
> git ls-files --stage -- /opt/lampp/htdocs/file_rouge_gp1/src/Controller/AdminController.php
> git show --textconv :src/Controller/FormateurController.php
> git ls-files --stage -- /opt/lampp/htdocs/file_rouge_gp1/src/Controller/FormateurController.php
> git show --textconv :src/Entity/User.php
> git ls-files --stage -- /opt/lampp/htdocs/file_rouge_gp1/src/Entity/User.php
> git cat-file -s c65b1219733b77cb9fdbb24b45499ca734d8ed3b
> git show --textconv :src/Controller/AdminController.php
> git ls-files --stage -- /opt/lampp/htdocs/file_rouge_gp1/src/Controller/AdminController.php
> git show --textconv :src/Controller/FormateurController.php
> git ls-files --stage -- /opt/lampp/htdocs/file_rouge_gp1/src/Controller/FormateurController.php
> git show --textconv :src/Controller/ApprenantController.php
> git ls-files --stage -- /opt/lampp/htdocs/file_rouge_gp1/src/Controller/ApprenantController.php
> git show --textconv :src/Controller/FormateurController.php
> git ls-files --stage -- /opt/lampp/htdocs/file_rouge_gp1/src/Controller/FormateurController.php
> git show --textconv :src/Controller/ApprenantController.php
> git ls-files --stage -- /opt/lampp/htdocs/file_rouge_gp1/src/Controller/ApprenantController.php
> git show --textconv :src/Controller/FormateurController.php
> git ls-files --stage -- /opt/lampp/htdocs/file_rouge_gp1/src/Controller/FormateurController.php
> git show --textconv :src/Controller/AdminController.php
> git ls-files --stage -- /opt/lampp/htdocs/file_rouge_gp1/src/Controller/AdminController.php
> git show --textconv :src/Controller/FormateurController.php
> git ls-files --stage -- /opt/lampp/htdocs/file_rouge_gp1/src/Controller/FormateurController.php
> git show --textconv :src/Controller/UserController.php
> git ls-files --stage -- /opt/lampp/htdocs/file_rouge_gp1/src/Controller/UserController.php
> git show --textconv :src/Controller/ApprenantController.php
> git ls-files --stage -- /opt/lampp/htdocs/file_rouge_gp1/src/Controller/ApprenantController.php
> git show --textconv :src/Controller/UserController.php
> git ls-files --stage -- /opt/lampp/htdocs/file_rouge_gp1/src/Controller/UserController.php
> git show --textconv :src/Entity/User.php
> git ls-files --stage -- /opt/lampp/htdocs/file_rouge_gp1/src/Entity/User.php
> git cat-file -s c65b1219733b77cb9fdbb24b45499ca734d8ed3b
