Recherche de git dans : git
Utilisation de git 2.17.1 à partir de git
> git rev-parse --git-dir
Open repository: /opt/lampp/htdocs/file_rouge_gp1
> git status -z -u
> git check-ignore -v -z --stdin
> git symbolic-ref --short HEAD
> git rev-parse ldab
> git rev-parse --symbolic-full-name ldab@{u}
> git rev-list --left-right ldab...refs/remotes/origin/ldab
> git for-each-ref --sort -committerdate --format %(refname) %(objectname)
> git remote --verbose
Warning: Failed to watch ref '/opt/lampp/htdocs/file_rouge_gp1/.git/refs/remotes/origin/ldab', is most likely packed.
> git config --get commit.template
> git status -z -u
> git show --textconv :.env
> git ls-files --stage -- /opt/lampp/htdocs/file_rouge_gp1/.env
> git cat-file -s 06198cdaeb4cedc596a7f84662ec5383ba4186d2
> git symbolic-ref --short HEAD
> git rev-parse ldab
> git rev-parse --symbolic-full-name ldab@{u}
> git rev-list --left-right ldab...refs/remotes/origin/ldab
> git for-each-ref --sort -committerdate --format %(refname) %(objectname)
> git remote --verbose
Warning: Failed to watch ref '/opt/lampp/htdocs/file_rouge_gp1/.git/refs/remotes/origin/ldab', is most likely packed.
> git config --get commit.template
> git check-ignore -v -z --stdin
> git check-ignore -v -z --stdin
> git check-ignore -v -z --stdin
> git check-ignore -v -z --stdin
> git check-ignore -v -z --stdin
> git check-ignore -v -z --stdin
> git check-ignore -v -z --stdin
> git check-ignore -v -z --stdin
> git show --textconv :src/Controller/BriefController.php
> git ls-files --stage -- /opt/lampp/htdocs/file_rouge_gp1/src/Controller/BriefController.php
> git cat-file -s 911e6f4f14a5fc38141e42cae9805efe86c07953
> git status -z -u
> git symbolic-ref --short HEAD
> git rev-parse ldab
> git rev-parse --symbolic-full-name ldab@{u}
> git rev-list --left-right ldab...refs/remotes/origin/ldab
> git for-each-ref --sort -committerdate --format %(refname) %(objectname)
> git remote --verbose
Warning: Failed to watch ref '/opt/lampp/htdocs/file_rouge_gp1/.git/refs/remotes/origin/ldab', is most likely packed.
> git config --get commit.template
> git status -z -u
> git symbolic-ref --short HEAD
> git rev-parse ldab
> git rev-parse --symbolic-full-name ldab@{u}
> git rev-list --left-right ldab...refs/remotes/origin/ldab
> git for-each-ref --sort -committerdate --format %(refname) %(objectname)
> git remote --verbose
Warning: Failed to watch ref '/opt/lampp/htdocs/file_rouge_gp1/.git/refs/remotes/origin/ldab', is most likely packed.
> git config --get commit.template
> git show --textconv :src/Controller/BriefController.php
> git ls-files --stage -- /opt/lampp/htdocs/file_rouge_gp1/src/Controller/BriefController.php
> git cat-file -s 911e6f4f14a5fc38141e42cae9805efe86c07953
> git status -z -u
> git symbolic-ref --short HEAD
> git rev-parse ldab
> git rev-parse --symbolic-full-name ldab@{u}
> git rev-list --left-right ldab...refs/remotes/origin/ldab
> git for-each-ref --sort -committerdate --format %(refname) %(objectname)
> git remote --verbose
Warning: Failed to watch ref '/opt/lampp/htdocs/file_rouge_gp1/.git/refs/remotes/origin/ldab', is most likely packed.
> git config --get commit.template
> git show --textconv :src/Entity/Brief.php
> git ls-files --stage -- /opt/lampp/htdocs/file_rouge_gp1/src/Entity/Brief.php
> git cat-file -s f29a67939aafa742c23f9003229bb2e1840f8a03
> git show --textconv :src/Controller/BriefController.php
> git ls-files --stage -- /opt/lampp/htdocs/file_rouge_gp1/src/Controller/BriefController.php
> git cat-file -s 911e6f4f14a5fc38141e42cae9805efe86c07953
> git show --textconv :src/Entity/Brief.php
> git ls-files --stage -- /opt/lampp/htdocs/file_rouge_gp1/src/Entity/Brief.php
> git cat-file -s f29a67939aafa742c23f9003229bb2e1840f8a03
> git show --textconv :src/Controller/BriefController.php
> git ls-files --stage -- /opt/lampp/htdocs/file_rouge_gp1/src/Controller/BriefController.php
> git cat-file -s 911e6f4f14a5fc38141e42cae9805efe86c07953
> git show --textconv :src/Entity/Brief.php
> git ls-files --stage -- /opt/lampp/htdocs/file_rouge_gp1/src/Entity/Brief.php
> git cat-file -s f29a67939aafa742c23f9003229bb2e1840f8a03
> git show --textconv :src/Entity/LivrableAttendu.php
> git ls-files --stage -- /opt/lampp/htdocs/file_rouge_gp1/src/Entity/LivrableAttendu.php
> git cat-file -s ad131c104a3dd89b506aa3ca5ccbf81466616c0f
> git show --textconv :src/Entity/Brief.php
> git ls-files --stage -- /opt/lampp/htdocs/file_rouge_gp1/src/Entity/Brief.php
> git cat-file -s f29a67939aafa742c23f9003229bb2e1840f8a03
> git show --textconv :src/Entity/Ressource.php
> git ls-files --stage -- /opt/lampp/htdocs/file_rouge_gp1/src/Entity/Ressource.php
> git cat-file -s 02f13bd5c32b151588e41499a6dc58a6e2d077ff
> git show --textconv :src/Entity/Brief.php
> git ls-files --stage -- /opt/lampp/htdocs/file_rouge_gp1/src/Entity/Brief.php
> git cat-file -s f29a67939aafa742c23f9003229bb2e1840f8a03
> git show --textconv :src/Entity/PromoBrief.php
> git ls-files --stage -- /opt/lampp/htdocs/file_rouge_gp1/src/Entity/PromoBrief.php
> git cat-file -s 6e6abf0f7f9a70b2e234958d6cc1651a56e882ed
> git show --textconv :src/Entity/Promo.php
> git ls-files --stage -- /opt/lampp/htdocs/file_rouge_gp1/src/Entity/Promo.php
> git cat-file -s 2d79f15f97390fe0e79fdb853bfd2b21903ec505
> git show --textconv :src/Entity/Brief.php
> git ls-files --stage -- /opt/lampp/htdocs/file_rouge_gp1/src/Entity/Brief.php
> git cat-file -s f29a67939aafa742c23f9003229bb2e1840f8a03
> git show --textconv :src/Entity/Referentiel.php
> git ls-files --stage -- /opt/lampp/htdocs/file_rouge_gp1/src/Entity/Referentiel.php
> git cat-file -s 6ea15bb9f43a3aec61b93f569c26e07ad61c1730
> git show --textconv :src/Entity/Brief.php
> git ls-files --stage -- /opt/lampp/htdocs/file_rouge_gp1/src/Entity/Brief.php
> git cat-file -s f29a67939aafa742c23f9003229bb2e1840f8a03
> git show --textconv :src/Entity/Niveau.php
> git ls-files --stage -- /opt/lampp/htdocs/file_rouge_gp1/src/Entity/Niveau.php
> git cat-file -s 479ae12bcd94ccb1bc1f494d386d4850cef23b62
> git show --textconv :src/Entity/Competence.php
> git ls-files --stage -- /opt/lampp/htdocs/file_rouge_gp1/src/Entity/Competence.php
> git cat-file -s 5f22a4ce272d3dabe6d787ec73daf5e8d5f6d701
> git show --textconv :src/Entity/Brief.php
> git ls-files --stage -- /opt/lampp/htdocs/file_rouge_gp1/src/Entity/Brief.php
> git cat-file -s f29a67939aafa742c23f9003229bb2e1840f8a03
> git show --textconv :src/Controller/BriefController.php
> git ls-files --stage -- /opt/lampp/htdocs/file_rouge_gp1/src/Controller/BriefController.php
> git cat-file -s 911e6f4f14a5fc38141e42cae9805efe86c07953
> git show --textconv :src/Entity/Groupe.php
> git ls-files --stage -- /opt/lampp/htdocs/file_rouge_gp1/src/Entity/Groupe.php
> git cat-file -s 7ab35efe6be4fdf7ace203257c48974798ff8afe
> git show --textconv :src/Controller/BriefController.php
> git ls-files --stage -- /opt/lampp/htdocs/file_rouge_gp1/src/Controller/BriefController.php
> git cat-file -s 911e6f4f14a5fc38141e42cae9805efe86c07953
> git show --textconv :src/Entity/Groupe.php
> git ls-files --stage -- /opt/lampp/htdocs/file_rouge_gp1/src/Entity/Groupe.php
> git cat-file -s 7ab35efe6be4fdf7ace203257c48974798ff8afe
> git show --textconv :src/Entity/Apprenant.php
> git ls-files --stage -- /opt/lampp/htdocs/file_rouge_gp1/src/Entity/Apprenant.php
> git cat-file -s def280d9720f394dcea974655d6c98cbfce82bed
> git show --textconv :src/Entity/Groupe.php
> git ls-files --stage -- /opt/lampp/htdocs/file_rouge_gp1/src/Entity/Groupe.php
> git cat-file -s 7ab35efe6be4fdf7ace203257c48974798ff8afe
> git show --textconv :src/Controller/BriefController.php
> git ls-files --stage -- /opt/lampp/htdocs/file_rouge_gp1/src/Controller/BriefController.php
> git cat-file -s 911e6f4f14a5fc38141e42cae9805efe86c07953
