[2020-08-11 19:13:43.224] [exthost] [info] extension host started
[2020-08-11 19:13:43.243] [exthost] [info] ExtensionService#_doActivateExtension vscode.php-language-features {"startup":false,"extensionId":{"value":"vscode.php-language-features","_lower":"vscode.php-language-features"},"activationEvent":"onLanguage:php"}
[2020-08-11 19:13:43.243] [exthost] [info] ExtensionService#loadCommonJSModule file:///snap/code/39/usr/share/code/resources/app/extensions/php-language-features/dist/phpMain
[2020-08-11 19:13:43.260] [exthost] [info] ExtensionService#_doActivateExtension MehediDracula.php-namespace-resolver {"startup":false,"extensionId":{"value":"MehediDracula.php-namespace-resolver","_lower":"mehedidracula.php-namespace-resolver"},"activationEvent":"onLanguage:php"}
[2020-08-11 19:13:43.260] [exthost] [info] ExtensionService#loadCommonJSModule file:///root/.vscode/extensions/mehedidracula.php-namespace-resolver-1.1.8/src/extension
[2020-08-11 19:13:43.269] [exthost] [info] ExtensionService#_doActivateExtension vscode.debug-auto-launch {"startup":true,"extensionId":{"value":"vscode.debug-auto-launch","_lower":"vscode.debug-auto-launch"},"activationEvent":"*"}
[2020-08-11 19:13:43.269] [exthost] [info] ExtensionService#loadCommonJSModule file:///snap/code/39/usr/share/code/resources/app/extensions/debug-auto-launch/dist/extension
[2020-08-11 19:13:43.272] [exthost] [info] ExtensionService#_doActivateExtension vscode.emmet {"startup":true,"extensionId":{"value":"vscode.emmet","_lower":"vscode.emmet"},"activationEvent":"*"}
[2020-08-11 19:13:43.272] [exthost] [info] ExtensionService#loadCommonJSModule file:///snap/code/39/usr/share/code/resources/app/extensions/emmet/dist/extension
[2020-08-11 19:13:43.294] [exthost] [info] ExtensionService#_doActivateExtension vscode.git {"startup":true,"extensionId":{"value":"vscode.github","_lower":"vscode.github"},"activationEvent":"*"}
[2020-08-11 19:13:43.294] [exthost] [info] ExtensionService#loadCommonJSModule file:///snap/code/39/usr/share/code/resources/app/extensions/git/dist/main
[2020-08-11 19:13:43.334] [exthost] [info] ExtensionService#_doActivateExtension vscode.github-authentication {"startup":true,"extensionId":{"value":"vscode.github-authentication","_lower":"vscode.github-authentication"},"activationEvent":"*"}
[2020-08-11 19:13:43.334] [exthost] [info] ExtensionService#loadCommonJSModule file:///snap/code/39/usr/share/code/resources/app/extensions/github-authentication/dist/extension.js
[2020-08-11 19:13:43.342] [exthost] [info] ExtensionService#_doActivateExtension vscode.merge-conflict {"startup":true,"extensionId":{"value":"vscode.merge-conflict","_lower":"vscode.merge-conflict"},"activationEvent":"*"}
[2020-08-11 19:13:43.342] [exthost] [info] ExtensionService#loadCommonJSModule file:///snap/code/39/usr/share/code/resources/app/extensions/merge-conflict/dist/mergeConflictMain
[2020-08-11 19:13:43.345] [exthost] [info] ExtensionService#_doActivateExtension vscode.microsoft-authentication {"startup":true,"extensionId":{"value":"vscode.microsoft-authentication","_lower":"vscode.microsoft-authentication"},"activationEvent":"*"}
[2020-08-11 19:13:43.345] [exthost] [info] ExtensionService#loadCommonJSModule file:///snap/code/39/usr/share/code/resources/app/extensions/microsoft-authentication/dist/extension.js
[2020-08-11 19:13:43.355] [exthost] [info] ExtensionService#_doActivateExtension vscode.search-result {"startup":true,"extensionId":{"value":"vscode.search-result","_lower":"vscode.search-result"},"activationEvent":"*"}
[2020-08-11 19:13:43.355] [exthost] [info] ExtensionService#loadCommonJSModule file:///snap/code/39/usr/share/code/resources/app/extensions/search-result/dist/extension.js
[2020-08-11 19:13:43.451] [exthost] [info] ExtensionService#_doActivateExtension vscode.github {"startup":true,"extensionId":{"value":"vscode.github","_lower":"vscode.github"},"activationEvent":"*"}
[2020-08-11 19:13:43.451] [exthost] [info] ExtensionService#loadCommonJSModule file:///snap/code/39/usr/share/code/resources/app/extensions/github/dist/extension.js
[2020-08-11 19:13:43.507] [exthost] [info] eager extensions activated
