[2020-08-05 23:38:21.298] [exthost] [info] extension host started
[2020-08-05 23:38:21.329] [exthost] [info] ExtensionService#_doActivateExtension vscode.debug-auto-launch {"startup":true,"extensionId":{"value":"vscode.debug-auto-launch","_lower":"vscode.debug-auto-launch"},"activationEvent":"*"}
[2020-08-05 23:38:21.330] [exthost] [info] ExtensionService#loadCommonJSModule file:///snap/code/39/usr/share/code/resources/app/extensions/debug-auto-launch/dist/extension
[2020-08-05 23:38:21.334] [exthost] [info] ExtensionService#_doActivateExtension vscode.emmet {"startup":true,"extensionId":{"value":"vscode.emmet","_lower":"vscode.emmet"},"activationEvent":"*"}
[2020-08-05 23:38:21.334] [exthost] [info] ExtensionService#loadCommonJSModule file:///snap/code/39/usr/share/code/resources/app/extensions/emmet/dist/extension
[2020-08-05 23:38:21.355] [exthost] [info] ExtensionService#_doActivateExtension vscode.git {"startup":true,"extensionId":{"value":"vscode.github","_lower":"vscode.github"},"activationEvent":"*"}
[2020-08-05 23:38:21.355] [exthost] [info] ExtensionService#loadCommonJSModule file:///snap/code/39/usr/share/code/resources/app/extensions/git/dist/main
[2020-08-05 23:38:21.399] [exthost] [info] ExtensionService#_doActivateExtension vscode.github-authentication {"startup":true,"extensionId":{"value":"vscode.github-authentication","_lower":"vscode.github-authentication"},"activationEvent":"*"}
[2020-08-05 23:38:21.399] [exthost] [info] ExtensionService#loadCommonJSModule file:///snap/code/39/usr/share/code/resources/app/extensions/github-authentication/dist/extension.js
[2020-08-05 23:38:21.407] [exthost] [info] ExtensionService#_doActivateExtension vscode.merge-conflict {"startup":true,"extensionId":{"value":"vscode.merge-conflict","_lower":"vscode.merge-conflict"},"activationEvent":"*"}
[2020-08-05 23:38:21.407] [exthost] [info] ExtensionService#loadCommonJSModule file:///snap/code/39/usr/share/code/resources/app/extensions/merge-conflict/dist/mergeConflictMain
[2020-08-05 23:38:21.409] [exthost] [info] ExtensionService#_doActivateExtension vscode.microsoft-authentication {"startup":true,"extensionId":{"value":"vscode.microsoft-authentication","_lower":"vscode.microsoft-authentication"},"activationEvent":"*"}
[2020-08-05 23:38:21.409] [exthost] [info] ExtensionService#loadCommonJSModule file:///snap/code/39/usr/share/code/resources/app/extensions/microsoft-authentication/dist/extension.js
[2020-08-05 23:38:21.416] [exthost] [info] ExtensionService#_doActivateExtension vscode.search-result {"startup":true,"extensionId":{"value":"vscode.search-result","_lower":"vscode.search-result"},"activationEvent":"*"}
[2020-08-05 23:38:21.416] [exthost] [info] ExtensionService#loadCommonJSModule file:///snap/code/39/usr/share/code/resources/app/extensions/search-result/dist/extension.js
[2020-08-05 23:38:21.501] [exthost] [info] ExtensionService#_doActivateExtension vscode.github {"startup":true,"extensionId":{"value":"vscode.github","_lower":"vscode.github"},"activationEvent":"*"}
[2020-08-05 23:38:21.501] [exthost] [info] ExtensionService#loadCommonJSModule file:///snap/code/39/usr/share/code/resources/app/extensions/github/dist/extension.js
[2020-08-05 23:38:21.542] [exthost] [info] eager extensions activated
[2020-08-05 23:38:21.815] [exthost] [info] ExtensionService#_doActivateExtension vscode.configuration-editing {"startup":false,"extensionId":{"value":"vscode.configuration-editing","_lower":"vscode.configuration-editing"},"activationEvent":"onLanguage:json"}
[2020-08-05 23:38:21.815] [exthost] [info] ExtensionService#loadCommonJSModule file:///snap/code/39/usr/share/code/resources/app/extensions/configuration-editing/dist/configurationEditingMain
[2020-08-05 23:38:21.821] [exthost] [info] ExtensionService#_doActivateExtension vscode.extension-editing {"startup":false,"extensionId":{"value":"vscode.extension-editing","_lower":"vscode.extension-editing"},"activationEvent":"onLanguage:json"}
[2020-08-05 23:38:21.821] [exthost] [info] ExtensionService#loadCommonJSModule file:///snap/code/39/usr/share/code/resources/app/extensions/extension-editing/dist/extension
[2020-08-05 23:38:21.831] [exthost] [info] ExtensionService#_doActivateExtension vscode.json-language-features {"startup":false,"extensionId":{"value":"vscode.json-language-features","_lower":"vscode.json-language-features"},"activationEvent":"onLanguage:json"}
[2020-08-05 23:38:21.831] [exthost] [info] ExtensionService#loadCommonJSModule file:///snap/code/39/usr/share/code/resources/app/extensions/json-language-features/client/dist/node/jsonClientMain
[2020-08-05 23:38:21.846] [exthost] [info] ExtensionService#_doActivateExtension ms-vscode.js-debug {"startup":false,"extensionId":{"value":"ms-vscode.js-debug","_lower":"ms-vscode.js-debug"},"activationEvent":"onLanguage:json"}
[2020-08-05 23:38:21.846] [exthost] [info] ExtensionService#loadCommonJSModule file:///snap/code/39/usr/share/code/resources/app/extensions/ms-vscode.js-debug/src/extension.js
[2020-08-05 23:38:22.010] [exthost] [info] ExtensionService#_doActivateExtension vscode.npm {"startup":false,"extensionId":{"value":"vscode.npm","_lower":"vscode.npm"},"activationEvent":"onLanguage:json"}
[2020-08-05 23:38:22.010] [exthost] [info] ExtensionService#loadCommonJSModule file:///snap/code/39/usr/share/code/resources/app/extensions/npm/dist/npmMain
[2020-08-05 23:38:22.017] [exthost] [info] ExtensionService#_doActivateExtension vscode.typescript-language-features {"startup":false,"extensionId":{"value":"vscode.typescript-language-features","_lower":"vscode.typescript-language-features"},"activationEvent":"onLanguage:typescript"}
[2020-08-05 23:38:22.017] [exthost] [info] ExtensionService#loadCommonJSModule file:///snap/code/39/usr/share/code/resources/app/extensions/typescript-language-features/dist/extension
[2020-08-05 23:38:54.185] [exthost] [info] extension host started
[2020-08-05 23:38:54.202] [exthost] [info] ExtensionService#_doActivateExtension vscode.debug-auto-launch {"startup":true,"extensionId":{"value":"vscode.debug-auto-launch","_lower":"vscode.debug-auto-launch"},"activationEvent":"*"}
[2020-08-05 23:38:54.202] [exthost] [info] ExtensionService#loadCommonJSModule file:///snap/code/39/usr/share/code/resources/app/extensions/debug-auto-launch/dist/extension
[2020-08-05 23:38:54.204] [exthost] [info] ExtensionService#_doActivateExtension vscode.emmet {"startup":true,"extensionId":{"value":"vscode.emmet","_lower":"vscode.emmet"},"activationEvent":"*"}
[2020-08-05 23:38:54.204] [exthost] [info] ExtensionService#loadCommonJSModule file:///snap/code/39/usr/share/code/resources/app/extensions/emmet/dist/extension
[2020-08-05 23:38:54.213] [exthost] [info] ExtensionService#_doActivateExtension vscode.git {"startup":true,"extensionId":{"value":"vscode.github","_lower":"vscode.github"},"activationEvent":"*"}
[2020-08-05 23:38:54.213] [exthost] [info] ExtensionService#loadCommonJSModule file:///snap/code/39/usr/share/code/resources/app/extensions/git/dist/main
[2020-08-05 23:38:54.226] [exthost] [info] ExtensionService#_doActivateExtension vscode.github-authentication {"startup":true,"extensionId":{"value":"vscode.github-authentication","_lower":"vscode.github-authentication"},"activationEvent":"*"}
[2020-08-05 23:38:54.226] [exthost] [info] ExtensionService#loadCommonJSModule file:///snap/code/39/usr/share/code/resources/app/extensions/github-authentication/dist/extension.js
[2020-08-05 23:38:54.230] [exthost] [info] ExtensionService#_doActivateExtension vscode.merge-conflict {"startup":true,"extensionId":{"value":"vscode.merge-conflict","_lower":"vscode.merge-conflict"},"activationEvent":"*"}
[2020-08-05 23:38:54.230] [exthost] [info] ExtensionService#loadCommonJSModule file:///snap/code/39/usr/share/code/resources/app/extensions/merge-conflict/dist/mergeConflictMain
[2020-08-05 23:38:54.232] [exthost] [info] ExtensionService#_doActivateExtension vscode.microsoft-authentication {"startup":true,"extensionId":{"value":"vscode.microsoft-authentication","_lower":"vscode.microsoft-authentication"},"activationEvent":"*"}
[2020-08-05 23:38:54.232] [exthost] [info] ExtensionService#loadCommonJSModule file:///snap/code/39/usr/share/code/resources/app/extensions/microsoft-authentication/dist/extension.js
[2020-08-05 23:38:54.236] [exthost] [info] ExtensionService#_doActivateExtension vscode.search-result {"startup":true,"extensionId":{"value":"vscode.search-result","_lower":"vscode.search-result"},"activationEvent":"*"}
[2020-08-05 23:38:54.236] [exthost] [info] ExtensionService#loadCommonJSModule file:///snap/code/39/usr/share/code/resources/app/extensions/search-result/dist/extension.js
[2020-08-05 23:38:54.287] [exthost] [info] ExtensionService#_doActivateExtension vscode.github {"startup":true,"extensionId":{"value":"vscode.github","_lower":"vscode.github"},"activationEvent":"*"}
[2020-08-05 23:38:54.287] [exthost] [info] ExtensionService#loadCommonJSModule file:///snap/code/39/usr/share/code/resources/app/extensions/github/dist/extension.js
[2020-08-05 23:38:54.346] [exthost] [info] eager extensions activated
[2020-08-05 23:39:41.023] [exthost] [info] ExtensionService#_doActivateExtension vscode.php-language-features {"startup":false,"extensionId":{"value":"vscode.php-language-features","_lower":"vscode.php-language-features"},"activationEvent":"onLanguage:php"}
[2020-08-05 23:39:41.023] [exthost] [info] ExtensionService#loadCommonJSModule file:///snap/code/39/usr/share/code/resources/app/extensions/php-language-features/dist/phpMain
[2020-08-06 00:43:18.223] [exthost] [info] ExtensionService#_doActivateExtension MehediDracula.php-namespace-resolver {"startup":false,"extensionId":{"value":"MehediDracula.php-namespace-resolver","_lower":"mehedidracula.php-namespace-resolver"},"activationEvent":"onLanguage:php"}
[2020-08-06 00:43:18.223] [exthost] [info] ExtensionService#loadCommonJSModule file:///root/.vscode/extensions/mehedidracula.php-namespace-resolver-1.1.8/src/extension
[2020-08-06 00:43:18.380] [exthost] [info] ExtensionService#_doActivateExtension vscode.typescript-language-features {"startup":false,"extensionId":{"value":"vscode.typescript-language-features","_lower":"vscode.typescript-language-features"},"activationEvent":"onLanguage:javascript"}
[2020-08-06 00:43:18.380] [exthost] [info] ExtensionService#loadCommonJSModule file:///snap/code/39/usr/share/code/resources/app/extensions/typescript-language-features/dist/extension
