Looking for git in: git
Using git 2.17.1 from git
> git rev-parse --show-toplevel
> git rev-parse --git-dir
Open repository: /opt/lampp/htdocs/file_rouge_gp1
> git status -z -u
> git symbolic-ref --short HEAD
> git rev-parse ldab
> git rev-parse --symbolic-full-name ldab@{u}
> git rev-list --left-right ldab...refs/remotes/origin/ldab
> git for-each-ref --sort -committerdate --format %(refname) %(objectname)
> git remote --verbose
> git config --get commit.template
> git show --textconv :src/Controller/GroupecompetenceController.php
> git ls-files --stage -- /opt/lampp/htdocs/file_rouge_gp1/src/Controller/GroupecompetenceController.php
> git check-ignore -v -z --stdin
> git status -z -u
> git symbolic-ref --short HEAD
> git rev-parse ldab
> git rev-parse --symbolic-full-name ldab@{u}
> git rev-list --left-right ldab...refs/remotes/origin/ldab
> git for-each-ref --sort -committerdate --format %(refname) %(objectname)
> git remote --verbose
> git config --get commit.template
> git show --textconv :src/Security/Voter/GroupecompetenceVoter.php
> git ls-files --stage -- /opt/lampp/htdocs/file_rouge_gp1/src/Security/Voter/GroupecompetenceVoter.php
> git check-ignore -v -z --stdin
> git show --textconv :src/Controller/GroupecompetenceController.php
> git ls-files --stage -- /opt/lampp/htdocs/file_rouge_gp1/src/Controller/GroupecompetenceController.php
> git show --textconv :src/Security/Voter/GroupecompetenceVoter.php
> git ls-files --stage -- /opt/lampp/htdocs/file_rouge_gp1/src/Security/Voter/GroupecompetenceVoter.php
> git show --textconv :src/Controller/GroupecompetenceController.php
> git ls-files --stage -- /opt/lampp/htdocs/file_rouge_gp1/src/Controller/GroupecompetenceController.php
> git show --textconv :src/Security/Voter/GroupecompetenceVoter.php
> git ls-files --stage -- /opt/lampp/htdocs/file_rouge_gp1/src/Security/Voter/GroupecompetenceVoter.php
> git show --textconv :src/Controller/GroupecompetenceController.php
> git ls-files --stage -- /opt/lampp/htdocs/file_rouge_gp1/src/Controller/GroupecompetenceController.php
> git check-ignore -v -z --stdin
> git show --textconv :src/Repository/GroupecompetenceRepository.php
> git ls-files --stage -- /opt/lampp/htdocs/file_rouge_gp1/src/Repository/GroupecompetenceRepository.php
> git cat-file -s b1030e62661ae46d59f0bef362a89458a56bf6da
> git show --textconv :src/Controller/GroupecompetenceController.php
> git ls-files --stage -- /opt/lampp/htdocs/file_rouge_gp1/src/Controller/GroupecompetenceController.php
> git show --textconv :src/Controller/UserController.php
> git ls-files --stage -- /opt/lampp/htdocs/file_rouge_gp1/src/Controller/UserController.php
> git cat-file -s 813271e97f35d496fa6120461e37f9cd62e24cef
> git show --textconv :src/Controller/AdminController.php
> git ls-files --stage -- /opt/lampp/htdocs/file_rouge_gp1/src/Controller/AdminController.php
> git cat-file -s 2fd62e02991eccbae82f95f16c64d18666845cc1
> git show --textconv :src/Controller/GroupecompetenceController.php
> git ls-files --stage -- /opt/lampp/htdocs/file_rouge_gp1/src/Controller/GroupecompetenceController.php
> git show --textconv :src/Repository/GroupecompetenceRepository.php
> git ls-files --stage -- /opt/lampp/htdocs/file_rouge_gp1/src/Repository/GroupecompetenceRepository.php
> git cat-file -s b1030e62661ae46d59f0bef362a89458a56bf6da
> git show --textconv :src/Controller/GroupecompetenceController.php
> git ls-files --stage -- /opt/lampp/htdocs/file_rouge_gp1/src/Controller/GroupecompetenceController.php
> git show --textconv :src/Controller/AdminController.php
> git ls-files --stage -- /opt/lampp/htdocs/file_rouge_gp1/src/Controller/AdminController.php
> git cat-file -s 2fd62e02991eccbae82f95f16c64d18666845cc1
> git show --textconv :src/Controller/GroupecompetenceController.php
> git ls-files --stage -- /opt/lampp/htdocs/file_rouge_gp1/src/Controller/GroupecompetenceController.php
> git show --textconv :src/Entity/Groupecompetence.php
> git ls-files --stage -- /opt/lampp/htdocs/file_rouge_gp1/src/Entity/Groupecompetence.php
> git cat-file -s bd1b1aa1caa478d542262d59d6ead4855b83cb49
> git show --textconv :src/Controller/GroupecompetenceController.php
> git ls-files --stage -- /opt/lampp/htdocs/file_rouge_gp1/src/Controller/GroupecompetenceController.php
> git show --textconv :src/Entity/Groupecompetence.php
> git ls-files --stage -- /opt/lampp/htdocs/file_rouge_gp1/src/Entity/Groupecompetence.php
> git cat-file -s bd1b1aa1caa478d542262d59d6ead4855b83cb49
> git show --textconv :src/Controller/GroupecompetenceController.php
> git ls-files --stage -- /opt/lampp/htdocs/file_rouge_gp1/src/Controller/GroupecompetenceController.php
> git show --textconv :src/Entity/Groupecompetence.php
> git ls-files --stage -- /opt/lampp/htdocs/file_rouge_gp1/src/Entity/Groupecompetence.php
> git cat-file -s bd1b1aa1caa478d542262d59d6ead4855b83cb49
> git show --textconv :src/Controller/GroupecompetenceController.php
> git ls-files --stage -- /opt/lampp/htdocs/file_rouge_gp1/src/Controller/GroupecompetenceController.php
> git show --textconv :src/Entity/Groupecompetence.php
> git ls-files --stage -- /opt/lampp/htdocs/file_rouge_gp1/src/Entity/Groupecompetence.php
> git cat-file -s bd1b1aa1caa478d542262d59d6ead4855b83cb49
> git show --textconv :src/DataFixtures/AppFixtures.php
> git ls-files --stage -- /opt/lampp/htdocs/file_rouge_gp1/src/DataFixtures/AppFixtures.php
> git cat-file -s 40b8680b032c87f736bdc512106423e3a2f7009f
> git show --textconv :src/Entity/Groupecompetence.php
> git ls-files --stage -- /opt/lampp/htdocs/file_rouge_gp1/src/Entity/Groupecompetence.php
> git cat-file -s bd1b1aa1caa478d542262d59d6ead4855b83cb49
> git show --textconv :src/Controller/GroupecompetenceController.php
> git ls-files --stage -- /opt/lampp/htdocs/file_rouge_gp1/src/Controller/GroupecompetenceController.php
> git show --textconv :src/Entity/Groupecompetence.php
> git ls-files --stage -- /opt/lampp/htdocs/file_rouge_gp1/src/Entity/Groupecompetence.php
> git cat-file -s bd1b1aa1caa478d542262d59d6ead4855b83cb49
> git show --textconv :src/Entity/Profil.php
> git ls-files --stage -- /opt/lampp/htdocs/file_rouge_gp1/src/Entity/Profil.php
> git cat-file -s c562996d7afcd80e5e482b9ecc3c283834a16903
> git show --textconv :src/Entity/Groupecompetence.php
> git ls-files --stage -- /opt/lampp/htdocs/file_rouge_gp1/src/Entity/Groupecompetence.php
> git cat-file -s bd1b1aa1caa478d542262d59d6ead4855b83cb49
> git show --textconv :src/Controller/GroupecompetenceController.php
> git ls-files --stage -- /opt/lampp/htdocs/file_rouge_gp1/src/Controller/GroupecompetenceController.php
> git show --textconv :src/DataFixtures/AppFixtures.php
> git ls-files --stage -- /opt/lampp/htdocs/file_rouge_gp1/src/DataFixtures/AppFixtures.php
> git cat-file -s 40b8680b032c87f736bdc512106423e3a2f7009f
> git show --textconv :src/Controller/GroupecompetenceController.php
> git ls-files --stage -- /opt/lampp/htdocs/file_rouge_gp1/src/Controller/GroupecompetenceController.php
> git show --textconv :src/Entity/Groupecompetence.php
> git ls-files --stage -- /opt/lampp/htdocs/file_rouge_gp1/src/Entity/Groupecompetence.php
> git cat-file -s bd1b1aa1caa478d542262d59d6ead4855b83cb49
> git show --textconv :src/Controller/GroupecompetenceController.php
> git ls-files --stage -- /opt/lampp/htdocs/file_rouge_gp1/src/Controller/GroupecompetenceController.php
> git show --textconv :src/Repository/GroupecompetenceRepository.php
> git ls-files --stage -- /opt/lampp/htdocs/file_rouge_gp1/src/Repository/GroupecompetenceRepository.php
> git cat-file -s b1030e62661ae46d59f0bef362a89458a56bf6da
> git show --textconv :src/Controller/GroupecompetenceController.php
> git ls-files --stage -- /opt/lampp/htdocs/file_rouge_gp1/src/Controller/GroupecompetenceController.php
> git show --textconv :src/Repository/GroupecompetenceRepository.php
> git ls-files --stage -- /opt/lampp/htdocs/file_rouge_gp1/src/Repository/GroupecompetenceRepository.php
> git cat-file -s b1030e62661ae46d59f0bef362a89458a56bf6da
> git show --textconv :src/Controller/GroupecompetenceController.php
> git ls-files --stage -- /opt/lampp/htdocs/file_rouge_gp1/src/Controller/GroupecompetenceController.php
> git show --textconv :src/Entity/Groupecompetence.php
> git ls-files --stage -- /opt/lampp/htdocs/file_rouge_gp1/src/Entity/Groupecompetence.php
> git cat-file -s bd1b1aa1caa478d542262d59d6ead4855b83cb49
> git show --textconv :src/Entity/Competence.php
> git ls-files --stage -- /opt/lampp/htdocs/file_rouge_gp1/src/Entity/Competence.php
> git cat-file -s 548d6406f4f0a3864dbb8e9c56d81194a9000bbb
> git show --textconv :src/Entity/Groupecompetence.php
> git ls-files --stage -- /opt/lampp/htdocs/file_rouge_gp1/src/Entity/Groupecompetence.php
> git cat-file -s bd1b1aa1caa478d542262d59d6ead4855b83cb49
> git show --textconv :src/Entity/Competence.php
> git ls-files --stage -- /opt/lampp/htdocs/file_rouge_gp1/src/Entity/Competence.php
> git cat-file -s 548d6406f4f0a3864dbb8e9c56d81194a9000bbb
> git show --textconv :src/Entity/Groupecompetence.php
> git ls-files --stage -- /opt/lampp/htdocs/file_rouge_gp1/src/Entity/Groupecompetence.php
> git cat-file -s bd1b1aa1caa478d542262d59d6ead4855b83cb49
> git show --textconv :src/Entity/User.php
> git ls-files --stage -- /opt/lampp/htdocs/file_rouge_gp1/src/Entity/User.php
> git cat-file -s 669ec1fbd47dac28646e6079aa5315e18322e69e
