[2020-08-22 22:42:43.429] [exthost] [info] extension host started
[2020-08-22 22:42:43.577] [exthost] [info] ExtensionService#_doActivateExtension vscode.microsoft-authentication {"startup":false,"extensionId":{"value":"vscode.microsoft-authentication","_lower":"vscode.microsoft-authentication"},"activationEvent":"onAuthenticationRequest:microsoft"}
[2020-08-22 22:42:43.577] [exthost] [info] ExtensionService#loadCommonJSModule file:///snap/code/41/usr/share/code/resources/app/extensions/microsoft-authentication/dist/extension.js
[2020-08-22 22:42:43.600] [exthost] [info] ExtensionService#_doActivateExtension vscode.github-authentication {"startup":false,"extensionId":{"value":"vscode.github-authentication","_lower":"vscode.github-authentication"},"activationEvent":"onAuthenticationRequest:github"}
[2020-08-22 22:42:43.600] [exthost] [info] ExtensionService#loadCommonJSModule file:///snap/code/41/usr/share/code/resources/app/extensions/github-authentication/dist/extension.js
[2020-08-22 22:42:43.617] [exthost] [info] ExtensionService#_doActivateExtension vscode.php-language-features {"startup":false,"extensionId":{"value":"vscode.php-language-features","_lower":"vscode.php-language-features"},"activationEvent":"onLanguage:php"}
[2020-08-22 22:42:43.617] [exthost] [info] ExtensionService#loadCommonJSModule file:///snap/code/41/usr/share/code/resources/app/extensions/php-language-features/dist/phpMain
[2020-08-22 22:42:43.634] [exthost] [info] ExtensionService#_doActivateExtension MehediDracula.php-namespace-resolver {"startup":false,"extensionId":{"value":"MehediDracula.php-namespace-resolver","_lower":"mehedidracula.php-namespace-resolver"},"activationEvent":"onLanguage:php"}
[2020-08-22 22:42:43.634] [exthost] [info] ExtensionService#loadCommonJSModule file:///root/.vscode/extensions/mehedidracula.php-namespace-resolver-1.1.8/src/extension
[2020-08-22 22:42:43.639] [exthost] [info] ExtensionService#_doActivateExtension vscode.debug-auto-launch {"startup":true,"extensionId":{"value":"vscode.debug-auto-launch","_lower":"vscode.debug-auto-launch"},"activationEvent":"*"}
[2020-08-22 22:42:43.639] [exthost] [info] ExtensionService#loadCommonJSModule file:///snap/code/41/usr/share/code/resources/app/extensions/debug-auto-launch/dist/extension
[2020-08-22 22:42:43.645] [exthost] [info] ExtensionService#_doActivateExtension vscode.emmet {"startup":true,"extensionId":{"value":"vscode.emmet","_lower":"vscode.emmet"},"activationEvent":"*"}
[2020-08-22 22:42:43.645] [exthost] [info] ExtensionService#loadCommonJSModule file:///snap/code/41/usr/share/code/resources/app/extensions/emmet/dist/node/emmetNodeMain
[2020-08-22 22:42:43.664] [exthost] [info] ExtensionService#_doActivateExtension vscode.git {"startup":true,"extensionId":{"value":"vscode.github","_lower":"vscode.github"},"activationEvent":"*"}
[2020-08-22 22:42:43.664] [exthost] [info] ExtensionService#loadCommonJSModule file:///snap/code/41/usr/share/code/resources/app/extensions/git/dist/main
[2020-08-22 22:42:43.712] [exthost] [info] ExtensionService#_doActivateExtension vscode.merge-conflict {"startup":true,"extensionId":{"value":"vscode.merge-conflict","_lower":"vscode.merge-conflict"},"activationEvent":"*"}
[2020-08-22 22:42:43.712] [exthost] [info] ExtensionService#loadCommonJSModule file:///snap/code/41/usr/share/code/resources/app/extensions/merge-conflict/dist/mergeConflictMain
[2020-08-22 22:42:43.716] [exthost] [info] ExtensionService#_doActivateExtension vscode.search-result {"startup":true,"extensionId":{"value":"vscode.search-result","_lower":"vscode.search-result"},"activationEvent":"*"}
[2020-08-22 22:42:43.716] [exthost] [info] ExtensionService#loadCommonJSModule file:///snap/code/41/usr/share/code/resources/app/extensions/search-result/dist/extension.js
[2020-08-22 22:42:43.719] [exthost] [info] ExtensionService#_doActivateExtension alefragnani.project-manager {"startup":true,"extensionId":{"value":"alefragnani.project-manager","_lower":"alefragnani.project-manager"},"activationEvent":"*"}
[2020-08-22 22:42:43.719] [exthost] [info] ExtensionService#loadCommonJSModule file:///root/.vscode/extensions/alefragnani.project-manager-11.2.0/dist/extension
[2020-08-22 22:42:43.727] [exthost] [info] ExtensionService#_doActivateExtension donjayamanne.githistory {"startup":true,"extensionId":{"value":"donjayamanne.githistory","_lower":"donjayamanne.githistory"},"activationEvent":"*"}
[2020-08-22 22:42:43.727] [exthost] [info] ExtensionService#loadCommonJSModule file:///root/.vscode/extensions/donjayamanne.githistory-0.6.9/dist/src/extension
[2020-08-22 22:42:43.754] [exthost] [info] ExtensionService#_doActivateExtension eamodio.gitlens {"startup":true,"extensionId":{"value":"eamodio.gitlens","_lower":"eamodio.gitlens"},"activationEvent":"*"}
[2020-08-22 22:42:43.754] [exthost] [info] ExtensionService#loadCommonJSModule file:///root/.vscode/extensions/eamodio.gitlens-10.2.2/dist/extension
[2020-08-22 22:42:43.773] [exthost] [info] ExtensionService#_doActivateExtension huizhou.githd {"startup":true,"extensionId":{"value":"huizhou.githd","_lower":"huizhou.githd"},"activationEvent":"*"}
[2020-08-22 22:42:43.773] [exthost] [info] ExtensionService#loadCommonJSModule file:///root/.vscode/extensions/huizhou.githd-2.2.4/out/src/extension
[2020-08-22 22:42:44.044] [exthost] [info] ExtensionService#_doActivateExtension vscode.github {"startup":true,"extensionId":{"value":"vscode.github","_lower":"vscode.github"},"activationEvent":"*"}
[2020-08-22 22:42:44.044] [exthost] [info] ExtensionService#loadCommonJSModule file:///snap/code/41/usr/share/code/resources/app/extensions/github/dist/extension.js
[2020-08-22 22:42:44.140] [exthost] [info] eager extensions activated
[2020-08-23 00:42:10.419] [exthost] [info] ExtensionService#_doActivateExtension vscode.configuration-editing {"startup":false,"extensionId":{"value":"vscode.configuration-editing","_lower":"vscode.configuration-editing"},"activationEvent":"onLanguage:jsonc"}
[2020-08-23 00:42:10.429] [exthost] [info] ExtensionService#loadCommonJSModule file:///snap/code/41/usr/share/code/resources/app/extensions/configuration-editing/dist/configurationEditingMain
[2020-08-23 00:42:10.496] [exthost] [info] ExtensionService#_doActivateExtension vscode.json-language-features {"startup":false,"extensionId":{"value":"vscode.json-language-features","_lower":"vscode.json-language-features"},"activationEvent":"onLanguage:jsonc"}
[2020-08-23 00:42:10.496] [exthost] [info] ExtensionService#loadCommonJSModule file:///snap/code/41/usr/share/code/resources/app/extensions/json-language-features/client/dist/node/jsonClientMain
[2020-08-23 00:42:10.536] [exthost] [info] ExtensionService#_doActivateExtension vscode.typescript-language-features {"startup":false,"extensionId":{"value":"vscode.typescript-language-features","_lower":"vscode.typescript-language-features"},"activationEvent":"onLanguage:jsonc"}
[2020-08-23 00:42:10.536] [exthost] [info] ExtensionService#loadCommonJSModule file:///snap/code/41/usr/share/code/resources/app/extensions/typescript-language-features/dist/extension
[2020-08-23 23:20:36.973] [exthost] [info] ExtensionService#_doActivateExtension vscode.extension-editing {"startup":false,"extensionId":{"value":"vscode.extension-editing","_lower":"vscode.extension-editing"},"activationEvent":"onLanguage:typescript"}
[2020-08-23 23:20:36.973] [exthost] [info] ExtensionService#loadCommonJSModule file:///snap/code/41/usr/share/code/resources/app/extensions/extension-editing/dist/extensionEditingMain
[2020-08-23 23:42:25.175] [exthost] [info] ExtensionService#_doActivateExtension Atishay-Jain.All-Autocomplete {"startup":false,"extensionId":{"value":"Atishay-Jain.All-Autocomplete","_lower":"atishay-jain.all-autocomplete"},"activationEvent":"*"}
[2020-08-23 23:42:25.175] [exthost] [info] ExtensionService#loadCommonJSModule file:///root/.vscode/extensions/atishay-jain.all-autocomplete-0.0.23/dist/extension
