git remote show origin -n  (completed in 0.023s)
git log --full-history --pretty=oneline --date-order --decorate=full --skip=0 --max-count=100 ldab --  (completed in 0.039s)
git rev-list --full-history --count ldab --  (completed in 0.06s)
git shortlog -e -s -n HEAD  (completed in 0.033s)
git remote show origin -n  (completed in 0.026s)
git log --full-history --pretty=oneline --date-order --decorate=full --skip=0 --max-count=100 ldab --  (completed in 0.039s)
git rev-list --full-history --count ldab --  (completed in 0.05s)
git shortlog -e -s -n HEAD  (completed in 0.031s)
git remote show origin -n  (completed in 0.017s)
git log --full-history --pretty=oneline --date-order --decorate=full --skip=0 --max-count=100 ldab --follow -- src/Entity/User.php  (completed in 0.028s)
git rev-list --full-history --count ldab -- src/Entity/User.php  (completed in 0.035s)
git shortlog -e -s -n HEAD  (completed in 0.019s)
git show --pretty=oneline --decorate=full --numstat e48b08eac4b69a3ba13f65c52c2f9b90b97a19ea  (completed in 0.368s)
git show --name-status --pretty=oneline -M --first-parent e48b08eac4b69a3ba13f65c52c2f9b90b97a19ea  (completed in 0.018s)
git log --pretty=oneline e48b08eac4b69a3ba13f65c52c2f9b90b97a19ea^1 -n 1 -- src/Entity/User.php  (completed in 0.011s)
git remote show origin -n  (completed in 0.019s)
git log --full-history --pretty=oneline --date-order --decorate=full --skip=0 --max-count=100 ldab --  (completed in 0.027s)
git rev-list --full-history --count ldab --  (completed in 0.035s)
git shortlog -e -s -n HEAD  (completed in 0.029s)
git remote show origin -n  (completed in 0.019s)
git log --full-history --pretty=oneline --date-order --decorate=full --skip=0 --max-count=100 ldab --  (completed in 0.027s)
git rev-list --full-history --count ldab --  (completed in 0.033s)
git shortlog -e -s -n HEAD  (completed in 0.023s)
