Looking for git in: git
Using git 2.17.1 from git
> git rev-parse --git-dir
Open repository: /opt/lampp/htdocs/file_rouge_gp1
> git status -z -u
> git symbolic-ref --short HEAD
> git rev-parse ldab
> git rev-parse --symbolic-full-name ldab@{u}
> git rev-list --left-right ldab...refs/remotes/origin/ldab
> git for-each-ref --sort -committerdate --format %(refname) %(objectname)
> git remote --verbose
> git config --get commit.template
> git show --textconv :src/Controller/PromoController.php
> git ls-files --stage -- /opt/lampp/htdocs/file_rouge_gp1/src/Controller/PromoController.php
> git cat-file -s 4ea20e3c5648cd0e3fdf4d98a05e5a611cbbcb42
> git check-ignore -v -z --stdin
> git status -z -u
> git symbolic-ref --short HEAD
> git rev-parse ldab
> git rev-parse --symbolic-full-name ldab@{u}
> git rev-list --left-right ldab...refs/remotes/origin/ldab
> git for-each-ref --sort -committerdate --format %(refname) %(objectname)
> git remote --verbose
> git config --get commit.template
> git show --textconv :config/services.yaml
> git ls-files --stage -- /opt/lampp/htdocs/file_rouge_gp1/config/services.yaml
> git cat-file -s e7379383dd0f5c0f780c21a3c31cc4c0f6196896
> git show --textconv :src/Controller/PromoController.php
> git ls-files --stage -- /opt/lampp/htdocs/file_rouge_gp1/src/Controller/PromoController.php
> git cat-file -s 4ea20e3c5648cd0e3fdf4d98a05e5a611cbbcb42
> git status -z -u
> git ls-files --stage -- /opt/lampp/htdocs/file_rouge_gp1/src/Controller/PromoController.php
> git cat-file -s 0215489fb83d3d128fa188802b44e99e536e36e4
> git show --textconv :src/Controller/PromoController.php
> git symbolic-ref --short HEAD
> git rev-parse ldab
> git rev-parse --symbolic-full-name ldab@{u}
> git rev-list --left-right ldab...refs/remotes/origin/ldab
> git for-each-ref --sort -committerdate --format %(refname) %(objectname)
> git remote --verbose
> git config --get commit.template
> git status -z -u
> git symbolic-ref --short HEAD
> git rev-parse ldab
> git rev-parse --symbolic-full-name ldab@{u}
> git rev-list --left-right ldab...refs/remotes/origin/ldab
> git for-each-ref --sort -committerdate --format %(refname) %(objectname)
> git remote --verbose
> git config --get commit.template
> git show --textconv :src/Controller/GroupetagController.php
> git ls-files --stage -- /opt/lampp/htdocs/file_rouge_gp1/src/Controller/GroupetagController.php
> git cat-file -s 450c3c2eaa8187bd804719771a439def2b2693d6
> git show --textconv :config/services.yaml
> git ls-files --stage -- /opt/lampp/htdocs/file_rouge_gp1/config/services.yaml
> git cat-file -s e7379383dd0f5c0f780c21a3c31cc4c0f6196896
> git show --textconv :src/Controller/PromoController.php
> git ls-files --stage -- /opt/lampp/htdocs/file_rouge_gp1/src/Controller/PromoController.php
> git cat-file -s 0215489fb83d3d128fa188802b44e99e536e36e4
> git check-ignore -v -z --stdin
> git show --textconv :config/routes/api_platform.yaml
> git ls-files --stage -- /opt/lampp/htdocs/file_rouge_gp1/config/routes/api_platform.yaml
> git cat-file -s 38f11cba851fd17ed81398d13694267eacb21a59
> git show --textconv :src/Controller/PromoController.php
> git ls-files --stage -- /opt/lampp/htdocs/file_rouge_gp1/src/Controller/PromoController.php
> git cat-file -s 0215489fb83d3d128fa188802b44e99e536e36e4
> git show --textconv :src/Security/Voter/ReferentielVoter.php
> git ls-files --stage -- /opt/lampp/htdocs/file_rouge_gp1/src/Security/Voter/ReferentielVoter.php
> git cat-file -s c7c0eb385445c0c43dcc26869b8689ae71475b15
> git check-ignore -v -z --stdin
> git status -z -u
> git symbolic-ref --short HEAD
> git rev-parse ldab
> git rev-parse --symbolic-full-name ldab@{u}
> git rev-list --left-right ldab...refs/remotes/origin/ldab
> git for-each-ref --sort -committerdate --format %(refname) %(objectname)
> git remote --verbose
> git config --get commit.template
> git check-ignore -v -z --stdin
> git show --textconv :src/Entity/Brief.php
> git ls-files --stage -- /opt/lampp/htdocs/file_rouge_gp1/src/Entity/Brief.php
> git check-ignore -v -z --stdin
> git show --textconv :src/Entity/Livrable.php
> git ls-files --stage -- /opt/lampp/htdocs/file_rouge_gp1/src/Entity/Livrable.php
> git show --textconv :src/Entity/LivrableAttendu.php
> git ls-files --stage -- /opt/lampp/htdocs/file_rouge_gp1/src/Entity/LivrableAttendu.php
> git check-ignore -v -z --stdin
> git check-ignore -v -z --stdin
> git check-ignore -v -z --stdin
> git check-ignore -v -z --stdin
> git show --textconv :src/Repository/LivrableRepository.php
> git ls-files --stage -- /opt/lampp/htdocs/file_rouge_gp1/src/Repository/LivrableRepository.php
> git show --textconv :src/Repository/LivrablePartielRepository.php
> git ls-files --stage -- /opt/lampp/htdocs/file_rouge_gp1/src/Repository/LivrablePartielRepository.php
> git show --textconv :src/Repository/LivrableAttenduRepository.php
> git ls-files --stage -- /opt/lampp/htdocs/file_rouge_gp1/src/Repository/LivrableAttenduRepository.php
> git show --textconv :src/Repository/GroupetagRepository.php
> git ls-files --stage -- /opt/lampp/htdocs/file_rouge_gp1/src/Repository/GroupetagRepository.php
> git cat-file -s 36a9381dabad077090f50b468abb48302b5aa132
> git show --textconv :src/Repository/LivrablePartielRepository.php
> git ls-files --stage -- /opt/lampp/htdocs/file_rouge_gp1/src/Repository/LivrablePartielRepository.php
> git show --textconv :src/Repository/LivrableRepository.php
> git ls-files --stage -- /opt/lampp/htdocs/file_rouge_gp1/src/Repository/LivrableRepository.php
> git show --textconv :src/Entity/LivrableAttendu.php
> git ls-files --stage -- /opt/lampp/htdocs/file_rouge_gp1/src/Entity/LivrableAttendu.php
> git show --textconv :src/Entity/Livrable.php
> git ls-files --stage -- /opt/lampp/htdocs/file_rouge_gp1/src/Entity/Livrable.php
> git check-ignore -v -z --stdin
> git show --textconv :src/Entity/LivrableRendu.php
> git ls-files --stage -- /opt/lampp/htdocs/file_rouge_gp1/src/Entity/LivrableRendu.php
> git show --textconv :src/Entity/Brief.php
> git ls-files --stage -- /opt/lampp/htdocs/file_rouge_gp1/src/Entity/Brief.php
> git check-ignore -v -z --stdin
> git show --textconv :src/Entity/Commentaire.php
> git ls-files --stage -- /opt/lampp/htdocs/file_rouge_gp1/src/Entity/Commentaire.php
> git show --textconv :src/Entity/Brief.php
> git ls-files --stage -- /opt/lampp/htdocs/file_rouge_gp1/src/Entity/Brief.php
> git show --textconv :src/Entity/Commentaire.php
> git ls-files --stage -- /opt/lampp/htdocs/file_rouge_gp1/src/Entity/Commentaire.php
> git show --textconv :src/Entity/Brief.php
> git ls-files --stage -- /opt/lampp/htdocs/file_rouge_gp1/src/Entity/Brief.php
> git show --textconv :src/Entity/Commentaire.php
> git ls-files --stage -- /opt/lampp/htdocs/file_rouge_gp1/src/Entity/Commentaire.php
> git show --textconv :src/Entity/Livrable.php
> git ls-files --stage -- /opt/lampp/htdocs/file_rouge_gp1/src/Entity/Livrable.php
> git show --textconv :src/Entity/LivrableRendu.php
> git ls-files --stage -- /opt/lampp/htdocs/file_rouge_gp1/src/Entity/LivrableRendu.php
> git show --textconv :src/Entity/LivrableAttendu.php
> git ls-files --stage -- /opt/lampp/htdocs/file_rouge_gp1/src/Entity/LivrableAttendu.php
> git show --textconv :src/Entity/Commentaire.php
> git ls-files --stage -- /opt/lampp/htdocs/file_rouge_gp1/src/Entity/Commentaire.php
> git show --textconv :src/Entity/Competence.php
> git ls-files --stage -- /opt/lampp/htdocs/file_rouge_gp1/src/Entity/Competence.php
> git cat-file -s f51fa58241ce85223dfdfae536823c13e8d7474a
> git show --textconv :src/Entity/Commentaire.php
> git ls-files --stage -- /opt/lampp/htdocs/file_rouge_gp1/src/Entity/Commentaire.php
> git show --textconv :src/Entity/Competence.php
> git ls-files --stage -- /opt/lampp/htdocs/file_rouge_gp1/src/Entity/Competence.php
> git cat-file -s f51fa58241ce85223dfdfae536823c13e8d7474a
> git show --textconv :src/Entity/Groupe.php
> git ls-files --stage -- /opt/lampp/htdocs/file_rouge_gp1/src/Entity/Groupe.php
> git cat-file -s 0824371ceef6b0e34f08bd99c4c16b32ed3ddd10
> git show --textconv :src/Entity/Formateur.php
> git ls-files --stage -- /opt/lampp/htdocs/file_rouge_gp1/src/Entity/Formateur.php
> git cat-file -s 97a4cf22063b70e0d8254e45c732efd5b2566e6e
> git show --textconv :src/Entity/Commentaire.php
> git ls-files --stage -- /opt/lampp/htdocs/file_rouge_gp1/src/Entity/Commentaire.php
> git show --textconv :src/Entity/Apprenant.php
> git ls-files --stage -- /opt/lampp/htdocs/file_rouge_gp1/src/Entity/Apprenant.php
> git cat-file -s 2082a40ec847c49a17d6ceb5e4a2e6eac3a6d355
> git check-ignore -v -z --stdin
> git check-ignore -v -z --stdin
> git show --textconv :src/Entity/PromoBrief.php
> git ls-files --stage -- /opt/lampp/htdocs/file_rouge_gp1/src/Entity/PromoBrief.php
> git show --textconv :src/Entity/Brief.php
> git ls-files --stage -- /opt/lampp/htdocs/file_rouge_gp1/src/Entity/Brief.php
> git show --textconv :src/Entity/PromoBrief.php
> git ls-files --stage -- /opt/lampp/htdocs/file_rouge_gp1/src/Entity/PromoBrief.php
> git check-ignore -v -z --stdin
> git show --textconv :src/Controller/PromoController.php
> git ls-files --stage -- /opt/lampp/htdocs/file_rouge_gp1/src/Controller/PromoController.php
> git cat-file -s 0215489fb83d3d128fa188802b44e99e536e36e4
> git show --textconv :src/Entity/Referentiel.php
> git ls-files --stage -- /opt/lampp/htdocs/file_rouge_gp1/src/Entity/Referentiel.php
> git cat-file -s 606e9a43b5d5688f773b435189ca78907642197b
> git show --textconv :src/Entity/Groupecompetence.php
> git ls-files --stage -- /opt/lampp/htdocs/file_rouge_gp1/src/Entity/Groupecompetence.php
> git cat-file -s d6d7f5104faeaa8a55c84bc4236c96f61b12d728
> git show --textconv :src/Entity/Profilsortie.php
> git ls-files --stage -- /opt/lampp/htdocs/file_rouge_gp1/src/Entity/Profilsortie.php
> git cat-file -s 086f984a57dd7ef97d5a654b13051c9bc75b7778
