[2020-08-13 21:24:29.069] [exthost] [info] extension host started
[2020-08-13 21:24:29.171] [exthost] [info] ExtensionService#_doActivateExtension vscode.microsoft-authentication {"startup":false,"extensionId":{"value":"vscode.microsoft-authentication","_lower":"vscode.microsoft-authentication"},"activationEvent":"onAuthenticationRequest:microsoft"}
[2020-08-13 21:24:29.171] [exthost] [info] ExtensionService#loadCommonJSModule file:///snap/code/40/usr/share/code/resources/app/extensions/microsoft-authentication/dist/extension.js
[2020-08-13 21:24:29.188] [exthost] [info] ExtensionService#_doActivateExtension vscode.github-authentication {"startup":false,"extensionId":{"value":"vscode.github-authentication","_lower":"vscode.github-authentication"},"activationEvent":"onAuthenticationRequest:github"}
[2020-08-13 21:24:29.188] [exthost] [info] ExtensionService#loadCommonJSModule file:///snap/code/40/usr/share/code/resources/app/extensions/github-authentication/dist/extension.js
[2020-08-13 21:24:29.200] [exthost] [info] ExtensionService#_doActivateExtension vscode.php-language-features {"startup":false,"extensionId":{"value":"vscode.php-language-features","_lower":"vscode.php-language-features"},"activationEvent":"onLanguage:php"}
[2020-08-13 21:24:29.200] [exthost] [info] ExtensionService#loadCommonJSModule file:///snap/code/40/usr/share/code/resources/app/extensions/php-language-features/dist/phpMain
[2020-08-13 21:24:29.216] [exthost] [info] ExtensionService#_doActivateExtension MehediDracula.php-namespace-resolver {"startup":false,"extensionId":{"value":"MehediDracula.php-namespace-resolver","_lower":"mehedidracula.php-namespace-resolver"},"activationEvent":"onLanguage:php"}
[2020-08-13 21:24:29.216] [exthost] [info] ExtensionService#loadCommonJSModule file:///root/.vscode/extensions/mehedidracula.php-namespace-resolver-1.1.8/src/extension
[2020-08-13 21:24:29.224] [exthost] [info] ExtensionService#_doActivateExtension vscode.debug-auto-launch {"startup":true,"extensionId":{"value":"vscode.debug-auto-launch","_lower":"vscode.debug-auto-launch"},"activationEvent":"*"}
[2020-08-13 21:24:29.224] [exthost] [info] ExtensionService#loadCommonJSModule file:///snap/code/40/usr/share/code/resources/app/extensions/debug-auto-launch/dist/extension
[2020-08-13 21:24:29.226] [exthost] [info] ExtensionService#_doActivateExtension vscode.emmet {"startup":true,"extensionId":{"value":"vscode.emmet","_lower":"vscode.emmet"},"activationEvent":"*"}
[2020-08-13 21:24:29.227] [exthost] [info] ExtensionService#loadCommonJSModule file:///snap/code/40/usr/share/code/resources/app/extensions/emmet/dist/node/emmetNodeMain
[2020-08-13 21:24:29.258] [exthost] [info] ExtensionService#_doActivateExtension vscode.git {"startup":true,"extensionId":{"value":"vscode.github","_lower":"vscode.github"},"activationEvent":"*"}
[2020-08-13 21:24:29.258] [exthost] [info] ExtensionService#loadCommonJSModule file:///snap/code/40/usr/share/code/resources/app/extensions/git/dist/main
[2020-08-13 21:24:29.305] [exthost] [info] ExtensionService#_doActivateExtension vscode.merge-conflict {"startup":true,"extensionId":{"value":"vscode.merge-conflict","_lower":"vscode.merge-conflict"},"activationEvent":"*"}
[2020-08-13 21:24:29.305] [exthost] [info] ExtensionService#loadCommonJSModule file:///snap/code/40/usr/share/code/resources/app/extensions/merge-conflict/dist/mergeConflictMain
[2020-08-13 21:24:29.308] [exthost] [info] ExtensionService#_doActivateExtension vscode.search-result {"startup":true,"extensionId":{"value":"vscode.search-result","_lower":"vscode.search-result"},"activationEvent":"*"}
[2020-08-13 21:24:29.308] [exthost] [info] ExtensionService#loadCommonJSModule file:///snap/code/40/usr/share/code/resources/app/extensions/search-result/dist/extension.js
[2020-08-13 21:24:29.940] [exthost] [info] ExtensionService#_doActivateExtension vscode.github {"startup":true,"extensionId":{"value":"vscode.github","_lower":"vscode.github"},"activationEvent":"*"}
[2020-08-13 21:24:29.940] [exthost] [info] ExtensionService#loadCommonJSModule file:///snap/code/40/usr/share/code/resources/app/extensions/github/dist/extension.js
[2020-08-13 21:24:30.020] [exthost] [info] eager extensions activated
