Looking for git in: git
Using git 2.17.1 from git
> git rev-parse --git-dir
Open repository: /opt/lampp/htdocs/file_rouge_gp1
> git status -z -u
> git symbolic-ref --short HEAD
> git rev-parse ldab
> git rev-parse --symbolic-full-name ldab@{u}
> git rev-list --left-right ldab...refs/remotes/origin/ldab
> git for-each-ref --sort -committerdate --format %(refname) %(objectname)
> git remote --verbose
> git config --get commit.template
> git show --textconv :src/Entity/Profilsortie.php
> git ls-files --stage -- /opt/lampp/htdocs/file_rouge_gp1/src/Entity/Profilsortie.php
> git cat-file -s 086f984a57dd7ef97d5a654b13051c9bc75b7778
> git check-ignore -v -z --stdin
> git status -z -u
> git symbolic-ref --short HEAD
> git rev-parse ldab
> git rev-parse --symbolic-full-name ldab@{u}
> git rev-list --left-right ldab...refs/remotes/origin/ldab
> git for-each-ref --sort -committerdate --format %(refname) %(objectname)
> git remote --verbose
> git config --get commit.template
> git show --textconv :src/Entity/Tag.php
> git ls-files --stage -- /opt/lampp/htdocs/file_rouge_gp1/src/Entity/Tag.php
> git cat-file -s a3fc2cb84f365f489dba5a9884dd0fc504befe07
> git show --textconv :src/Entity/Profilsortie.php
> git ls-files --stage -- /opt/lampp/htdocs/file_rouge_gp1/src/Entity/Profilsortie.php
> git cat-file -s 086f984a57dd7ef97d5a654b13051c9bc75b7778
> git check-ignore -v -z --stdin
> git check-ignore -v -z --stdin
> git check-ignore -v -z --stdin
> git check-ignore -v -z --stdin
> git show --textconv :composer.json
> git ls-files --stage -- /opt/lampp/htdocs/file_rouge_gp1/composer.json
> git cat-file -s ca7a6f9cea186cd55b604524ef0bb54641bb40e5
> git show --textconv :composer.lock
> git ls-files --stage -- /opt/lampp/htdocs/file_rouge_gp1/composer.lock
> git cat-file -s c6379ab9a9b9278b456295906b16231bd5e6ed7f
> git show --textconv :src/Entity/Profilsortie.php
> git ls-files --stage -- /opt/lampp/htdocs/file_rouge_gp1/src/Entity/Profilsortie.php
> git cat-file -s 086f984a57dd7ef97d5a654b13051c9bc75b7778
> git check-ignore -v -z --stdin
> git check-ignore -v -z --stdin
> git show --textconv :bin/console
> git ls-files --stage -- /opt/lampp/htdocs/file_rouge_gp1/bin/console
> git cat-file -s 8fe9d4948c71868285c0784e56f10a6ae45d7710
> git check-ignore -v -z --stdin
> git show --textconv :src/Entity/Profilsortie.php
> git ls-files --stage -- /opt/lampp/htdocs/file_rouge_gp1/src/Entity/Profilsortie.php
> git cat-file -s 086f984a57dd7ef97d5a654b13051c9bc75b7778
> git show --textconv :src/DataFixtures/AppFixtures.php
> git ls-files --stage -- /opt/lampp/htdocs/file_rouge_gp1/src/DataFixtures/AppFixtures.php
> git cat-file -s f34aaa7070db2bf4e819c54ae3d9ab1c9fcc1b26
> git check-ignore -v -z --stdin
> git log --format=%H%n%aN%n%aE%n%at%n%ct%n%P%n%B -z -n21 -- /opt/lampp/htdocs/file_rouge_gp1/src/DataFixtures/AppFixtures.php
> git check-ignore -v -z --stdin
> git check-ignore -v -z --stdin
> git show --textconv :config/packages/swiftmailer.yaml
> git ls-files --stage -- /opt/lampp/htdocs/file_rouge_gp1/config/packages/swiftmailer.yaml
> git cat-file -s cae65084a21a2df48b5de0a8932278fa89a787a0
> git show --textconv :config/packages/test/swiftmailer.yaml
> git ls-files --stage -- /opt/lampp/htdocs/file_rouge_gp1/config/packages/test/swiftmailer.yaml
> git cat-file -s f43807805e03e3a6fa94bc1db11a09c4aa9f2f62
> git show --textconv :config/packages/test/framework.yaml
> git ls-files --stage -- /opt/lampp/htdocs/file_rouge_gp1/config/packages/test/framework.yaml
> git cat-file -s d051c840086e3ef5f53f8f6353b31b165e880e4e
> git show --textconv :config/packages/swiftmailer.yaml
> git ls-files --stage -- /opt/lampp/htdocs/file_rouge_gp1/config/packages/swiftmailer.yaml
> git cat-file -s cae65084a21a2df48b5de0a8932278fa89a787a0
> git show --textconv :src/DataFixtures/AppFixtures.php
> git ls-files --stage -- /opt/lampp/htdocs/file_rouge_gp1/src/DataFixtures/AppFixtures.php
> git cat-file -s f34aaa7070db2bf4e819c54ae3d9ab1c9fcc1b26
> git show --textconv :src/Controller/PromoController.php
> git ls-files --stage -- /opt/lampp/htdocs/file_rouge_gp1/src/Controller/PromoController.php
> git cat-file -s 4ea20e3c5648cd0e3fdf4d98a05e5a611cbbcb42
> git show --textconv :src/Controller/ApprenantController.php
> git ls-files --stage -- /opt/lampp/htdocs/file_rouge_gp1/src/Controller/ApprenantController.php
> git cat-file -s 92a02fe881428ee272fef6c19ef57d772e212deb
> git show --textconv :src/Controller/CompetenceController.php
> git ls-files --stage -- /opt/lampp/htdocs/file_rouge_gp1/src/Controller/CompetenceController.php
> git cat-file -s 364929ba13cbd86ca6245cf8a9ed8d4e867575b7
> git show --textconv :src/Controller/PromoController.php
> git ls-files --stage -- /opt/lampp/htdocs/file_rouge_gp1/src/Controller/PromoController.php
> git cat-file -s 4ea20e3c5648cd0e3fdf4d98a05e5a611cbbcb42
> git check-ignore -v -z --stdin
> git show --textconv :var/log/dev.log
> git ls-files --stage -- /opt/lampp/htdocs/file_rouge_gp1/var/log/dev.log
> git cat-file -s 427c3df5852b0970c9340787372b1b96a5aba53d
> git show --textconv :src/Controller/PromoController.php
> git ls-files --stage -- /opt/lampp/htdocs/file_rouge_gp1/src/Controller/PromoController.php
> git cat-file -s 4ea20e3c5648cd0e3fdf4d98a05e5a611cbbcb42
> git show --textconv :src/Entity/Promo.php
> git ls-files --stage -- /opt/lampp/htdocs/file_rouge_gp1/src/Entity/Promo.php
> git cat-file -s 0e547d833ec6efb64eb82e9ed839096fa19caace
> git show --textconv :src/Controller/PromoController.php
> git ls-files --stage -- /opt/lampp/htdocs/file_rouge_gp1/src/Controller/PromoController.php
> git cat-file -s 4ea20e3c5648cd0e3fdf4d98a05e5a611cbbcb42
