Looking for git in: git
Using git 2.17.1 from git
> git rev-parse --show-toplevel
> git rev-parse --git-dir
Open repository: /opt/lampp/htdocs/file_rouge_gp1
> git status -z -u
> git symbolic-ref --short HEAD
> git rev-parse ldab
> git rev-parse --symbolic-full-name ldab@{u}
> git rev-list --left-right ldab...refs/remotes/origin/ldab
> git for-each-ref --sort -committerdate --format %(refname) %(objectname)
> git remote --verbose
> git config --get commit.template
> git show --textconv :src/Entity/Tag.php
> git ls-files --stage -- /opt/lampp/htdocs/file_rouge_gp1/src/Entity/Tag.php
> git cat-file -s d1b13cf4dcc23abcb4be4cf761a443b2cc148ec7
> git check-ignore -v -z --stdin
> git status -z -u
> git symbolic-ref --short HEAD
> git rev-parse ldab
> git rev-parse --symbolic-full-name ldab@{u}
> git rev-list --left-right ldab...refs/remotes/origin/ldab
> git for-each-ref --sort -committerdate --format %(refname) %(objectname)
> git remote --verbose
> git config --get commit.template
> git show --textconv :src/Controller/GroupecompetenceController.php
> git ls-files --stage -- /opt/lampp/htdocs/file_rouge_gp1/src/Controller/GroupecompetenceController.php
> git cat-file -s 87561ddd796280a1e7251cf6fd183d7c376f7044
> git show --textconv :src/Security/Voter/CompetenceVoter.php
> git ls-files --stage -- /opt/lampp/htdocs/file_rouge_gp1/src/Security/Voter/CompetenceVoter.php
> git cat-file -s c538e72bdd27d800d673f3c9ef0ddf846492fd10
> git check-ignore -v -z --stdin
> git show --textconv :src/Controller/CompetenceController.php
> git ls-files --stage -- /opt/lampp/htdocs/file_rouge_gp1/src/Controller/CompetenceController.php
> git cat-file -s 4a039c5cc6cb08c82b930aa9046e3d0d6a2d99e6
> git show --textconv :src/Entity/Tag.php
> git ls-files --stage -- /opt/lampp/htdocs/file_rouge_gp1/src/Entity/Tag.php
> git cat-file -s d1b13cf4dcc23abcb4be4cf761a443b2cc148ec7
> git show --textconv :src/Entity/Groupetag.php
> git ls-files --stage -- /opt/lampp/htdocs/file_rouge_gp1/src/Entity/Groupetag.php
> git cat-file -s b2acc0b3fb9c4d856d073f214beb73a131d669e0
> git show --textconv :src/Controller/CompetenceController.php
> git ls-files --stage -- /opt/lampp/htdocs/file_rouge_gp1/src/Controller/CompetenceController.php
> git cat-file -s 4a039c5cc6cb08c82b930aa9046e3d0d6a2d99e6
> git show --textconv :src/DataFixtures/AppFixtures.php
> git ls-files --stage -- /opt/lampp/htdocs/file_rouge_gp1/src/DataFixtures/AppFixtures.php
> git cat-file -s f34aaa7070db2bf4e819c54ae3d9ab1c9fcc1b26
> git show --textconv :src/Entity/Profil.php
> git ls-files --stage -- /opt/lampp/htdocs/file_rouge_gp1/src/Entity/Profil.php
> git cat-file -s 940f3b294c4c8f018484fa223852d1fd0099d7a2
> git show --textconv :src/Entity/Promo.php
> git ls-files --stage -- /opt/lampp/htdocs/file_rouge_gp1/src/Entity/Promo.php
> git cat-file -s 245e173e4ea9b1beb03c86b553d8e8e1bf4b805c
> git show --textconv :src/Entity/User.php
> git ls-files --stage -- /opt/lampp/htdocs/file_rouge_gp1/src/Entity/User.php
> git cat-file -s c0c2bf64276d627b0154460d66fb4894432178e0
> git log --format=%H%n%aN%n%aE%n%at%n%ct%n%P%n%B -z -n21 -- /opt/lampp/htdocs/file_rouge_gp1/src/Entity/User.php
> git check-ignore -v -z --stdin
> git show --textconv :migrations/Version20200806182251.php
> git ls-files --stage -- /opt/lampp/htdocs/file_rouge_gp1/migrations/Version20200806182251.php
> git cat-file -s dd0524fc0fde22f61ca1141ae5ff415ad85555af
> git show --textconv :src/Security/Voter/CompetenceVoter.php
> git ls-files --stage -- /opt/lampp/htdocs/file_rouge_gp1/src/Security/Voter/CompetenceVoter.php
> git cat-file -s c538e72bdd27d800d673f3c9ef0ddf846492fd10
> git show --textconv :src/DataFixtures/AppFixtures.php
> git ls-files --stage -- /opt/lampp/htdocs/file_rouge_gp1/src/DataFixtures/AppFixtures.php
> git cat-file -s f34aaa7070db2bf4e819c54ae3d9ab1c9fcc1b26
> git show --textconv :config/services.yaml
> git ls-files --stage -- /opt/lampp/htdocs/file_rouge_gp1/config/services.yaml
> git cat-file -s e7379383dd0f5c0f780c21a3c31cc4c0f6196896
> git show --textconv :config/packages/security.yaml
> git ls-files --stage -- /opt/lampp/htdocs/file_rouge_gp1/config/packages/security.yaml
> git cat-file -s 80e602f3170162e39b097acfa6db0d887e62fb4a
> git show --textconv :src/DataFixtures/AppFixtures.php
> git ls-files --stage -- /opt/lampp/htdocs/file_rouge_gp1/src/DataFixtures/AppFixtures.php
> git cat-file -s f34aaa7070db2bf4e819c54ae3d9ab1c9fcc1b26
> git show --textconv :src/Entity/Promo.php
> git ls-files --stage -- /opt/lampp/htdocs/file_rouge_gp1/src/Entity/Promo.php
> git cat-file -s 245e173e4ea9b1beb03c86b553d8e8e1bf4b805c
> git show --textconv :src/Entity/Profil.php
> git ls-files --stage -- /opt/lampp/htdocs/file_rouge_gp1/src/Entity/Profil.php
> git cat-file -s 940f3b294c4c8f018484fa223852d1fd0099d7a2
> git show --textconv :src/Entity/Promo.php
> git ls-files --stage -- /opt/lampp/htdocs/file_rouge_gp1/src/Entity/Promo.php
> git cat-file -s 245e173e4ea9b1beb03c86b553d8e8e1bf4b805c
> git check-ignore -v -z --stdin
> git show --textconv :src/Controller/PromoController.php
> git ls-files --stage -- /opt/lampp/htdocs/file_rouge_gp1/src/Controller/PromoController.php
> git show --textconv :src/Security/Voter/GroupecompetenceVoter.php
> git ls-files --stage -- /opt/lampp/htdocs/file_rouge_gp1/src/Security/Voter/GroupecompetenceVoter.php
> git cat-file -s c51ff1fa996e627e0824b594f61d24a9a06527dc
> git show --textconv :src/Controller/GroupecompetenceController.php
> git ls-files --stage -- /opt/lampp/htdocs/file_rouge_gp1/src/Controller/GroupecompetenceController.php
> git cat-file -s 87561ddd796280a1e7251cf6fd183d7c376f7044
> git show --textconv :src/Controller/PromoController.php
> git ls-files --stage -- /opt/lampp/htdocs/file_rouge_gp1/src/Controller/PromoController.php
> git show --textconv :src/Controller/GroupecompetenceController.php
> git ls-files --stage -- /opt/lampp/htdocs/file_rouge_gp1/src/Controller/GroupecompetenceController.php
> git cat-file -s 87561ddd796280a1e7251cf6fd183d7c376f7044
> git show --textconv :src/Controller/PromoController.php
> git ls-files --stage -- /opt/lampp/htdocs/file_rouge_gp1/src/Controller/PromoController.php
> git show --textconv :src/Entity/Promo.php
> git ls-files --stage -- /opt/lampp/htdocs/file_rouge_gp1/src/Entity/Promo.php
> git cat-file -s 245e173e4ea9b1beb03c86b553d8e8e1bf4b805c
> git show --textconv :src/Entity/User.php
> git ls-files --stage -- /opt/lampp/htdocs/file_rouge_gp1/src/Entity/User.php
> git cat-file -s c0c2bf64276d627b0154460d66fb4894432178e0
> git show --textconv :src/Controller/PromoController.php
> git ls-files --stage -- /opt/lampp/htdocs/file_rouge_gp1/src/Controller/PromoController.php
> git show --textconv :src/Entity/Groupecompetence.php
> git ls-files --stage -- /opt/lampp/htdocs/file_rouge_gp1/src/Entity/Groupecompetence.php
> git cat-file -s bd2957ff454bae66c7cebae9c0f012bbce5600ae
> git show --textconv :src/Entity/Promo.php
> git ls-files --stage -- /opt/lampp/htdocs/file_rouge_gp1/src/Entity/Promo.php
> git cat-file -s 245e173e4ea9b1beb03c86b553d8e8e1bf4b805c
> git show --textconv :src/Controller/PromoController.php
> git ls-files --stage -- /opt/lampp/htdocs/file_rouge_gp1/src/Controller/PromoController.php
> git show --textconv :src/Entity/User.php
> git ls-files --stage -- /opt/lampp/htdocs/file_rouge_gp1/src/Entity/User.php
> git cat-file -s c0c2bf64276d627b0154460d66fb4894432178e0
> git show --textconv :src/Controller/PromoController.php
> git ls-files --stage -- /opt/lampp/htdocs/file_rouge_gp1/src/Controller/PromoController.php
> git show --textconv :src/Controller/CompetenceController.php
> git ls-files --stage -- /opt/lampp/htdocs/file_rouge_gp1/src/Controller/CompetenceController.php
> git cat-file -s 4a039c5cc6cb08c82b930aa9046e3d0d6a2d99e6
> git show --textconv :src/Controller/PromoController.php
> git ls-files --stage -- /opt/lampp/htdocs/file_rouge_gp1/src/Controller/PromoController.php
> git show --textconv :src/Entity/Promo.php
> git ls-files --stage -- /opt/lampp/htdocs/file_rouge_gp1/src/Entity/Promo.php
> git cat-file -s 245e173e4ea9b1beb03c86b553d8e8e1bf4b805c
> git show --textconv :src/Controller/PromoController.php
> git ls-files --stage -- /opt/lampp/htdocs/file_rouge_gp1/src/Controller/PromoController.php
> git show --textconv :src/Entity/Promo.php
> git ls-files --stage -- /opt/lampp/htdocs/file_rouge_gp1/src/Entity/Promo.php
> git cat-file -s 245e173e4ea9b1beb03c86b553d8e8e1bf4b805c
> git show --textconv :src/Controller/PromoController.php
> git ls-files --stage -- /opt/lampp/htdocs/file_rouge_gp1/src/Controller/PromoController.php
> git show --textconv :src/Entity/Promo.php
> git ls-files --stage -- /opt/lampp/htdocs/file_rouge_gp1/src/Entity/Promo.php
> git cat-file -s 245e173e4ea9b1beb03c86b553d8e8e1bf4b805c
> git show --textconv :src/Controller/PromoController.php
> git ls-files --stage -- /opt/lampp/htdocs/file_rouge_gp1/src/Controller/PromoController.php
> git show --textconv :src/Entity/Promo.php
> git ls-files --stage -- /opt/lampp/htdocs/file_rouge_gp1/src/Entity/Promo.php
> git cat-file -s 245e173e4ea9b1beb03c86b553d8e8e1bf4b805c
> git show --textconv :src/Controller/PromoController.php
> git ls-files --stage -- /opt/lampp/htdocs/file_rouge_gp1/src/Controller/PromoController.php
> git show --textconv :src/Entity/Promo.php
> git ls-files --stage -- /opt/lampp/htdocs/file_rouge_gp1/src/Entity/Promo.php
> git cat-file -s 245e173e4ea9b1beb03c86b553d8e8e1bf4b805c
> git show --textconv :src/Controller/PromoController.php
> git ls-files --stage -- /opt/lampp/htdocs/file_rouge_gp1/src/Controller/PromoController.php
> git show --textconv :src/Entity/Promo.php
> git ls-files --stage -- /opt/lampp/htdocs/file_rouge_gp1/src/Entity/Promo.php
> git cat-file -s 245e173e4ea9b1beb03c86b553d8e8e1bf4b805c
> git show --textconv :src/Controller/PromoController.php
> git ls-files --stage -- /opt/lampp/htdocs/file_rouge_gp1/src/Controller/PromoController.php
> git show --textconv :src/Entity/Promo.php
> git ls-files --stage -- /opt/lampp/htdocs/file_rouge_gp1/src/Entity/Promo.php
> git cat-file -s 245e173e4ea9b1beb03c86b553d8e8e1bf4b805c
> git show --textconv :src/Controller/PromoController.php
> git ls-files --stage -- /opt/lampp/htdocs/file_rouge_gp1/src/Controller/PromoController.php
> git show --textconv :src/Entity/Promo.php
> git ls-files --stage -- /opt/lampp/htdocs/file_rouge_gp1/src/Entity/Promo.php
> git cat-file -s 245e173e4ea9b1beb03c86b553d8e8e1bf4b805c
> git show --textconv :src/Controller/PromoController.php
> git ls-files --stage -- /opt/lampp/htdocs/file_rouge_gp1/src/Controller/PromoController.php
> git show --textconv :src/Entity/Promo.php
> git ls-files --stage -- /opt/lampp/htdocs/file_rouge_gp1/src/Entity/Promo.php
> git cat-file -s 245e173e4ea9b1beb03c86b553d8e8e1bf4b805c
> git show --textconv :src/Controller/PromoController.php
> git ls-files --stage -- /opt/lampp/htdocs/file_rouge_gp1/src/Controller/PromoController.php
> git show --textconv :src/Entity/User.php
> git ls-files --stage -- /opt/lampp/htdocs/file_rouge_gp1/src/Entity/User.php
> git cat-file -s c0c2bf64276d627b0154460d66fb4894432178e0
> git show --textconv :src/Entity/Profil.php
> git ls-files --stage -- /opt/lampp/htdocs/file_rouge_gp1/src/Entity/Profil.php
> git cat-file -s 940f3b294c4c8f018484fa223852d1fd0099d7a2
> git show --textconv :src/Entity/Promo.php
> git ls-files --stage -- /opt/lampp/htdocs/file_rouge_gp1/src/Entity/Promo.php
> git cat-file -s 245e173e4ea9b1beb03c86b553d8e8e1bf4b805c
> git show --textconv :src/Controller/PromoController.php
> git ls-files --stage -- /opt/lampp/htdocs/file_rouge_gp1/src/Controller/PromoController.php
> git show --textconv :src/Entity/Competence.php
> git ls-files --stage -- /opt/lampp/htdocs/file_rouge_gp1/src/Entity/Competence.php
> git cat-file -s a4c3fb11b3d54f1f59e8a24e012347e9bd941bb0
> git show --textconv :src/Controller/PromoController.php
> git ls-files --stage -- /opt/lampp/htdocs/file_rouge_gp1/src/Controller/PromoController.php
> git show --textconv :src/Controller/GroupecompetenceController.php
> git ls-files --stage -- /opt/lampp/htdocs/file_rouge_gp1/src/Controller/GroupecompetenceController.php
> git cat-file -s 87561ddd796280a1e7251cf6fd183d7c376f7044
> git show --textconv :src/Controller/PromoController.php
> git ls-files --stage -- /opt/lampp/htdocs/file_rouge_gp1/src/Controller/PromoController.php
> git show --textconv :src/Controller/GroupecompetenceController.php
> git ls-files --stage -- /opt/lampp/htdocs/file_rouge_gp1/src/Controller/GroupecompetenceController.php
> git cat-file -s 87561ddd796280a1e7251cf6fd183d7c376f7044
> git show --textconv :src/Controller/PromoController.php
> git ls-files --stage -- /opt/lampp/htdocs/file_rouge_gp1/src/Controller/PromoController.php
> git show --textconv :src/Controller/GroupecompetenceController.php
> git ls-files --stage -- /opt/lampp/htdocs/file_rouge_gp1/src/Controller/GroupecompetenceController.php
> git cat-file -s 87561ddd796280a1e7251cf6fd183d7c376f7044
> git show --textconv :src/Controller/PromoController.php
> git ls-files --stage -- /opt/lampp/htdocs/file_rouge_gp1/src/Controller/PromoController.php
> git show --textconv :src/Entity/Promo.php
> git ls-files --stage -- /opt/lampp/htdocs/file_rouge_gp1/src/Entity/Promo.php
> git cat-file -s 245e173e4ea9b1beb03c86b553d8e8e1bf4b805c
> git show --textconv :src/Controller/PromoController.php
> git ls-files --stage -- /opt/lampp/htdocs/file_rouge_gp1/src/Controller/PromoController.php
> git show --textconv :src/Entity/Promo.php
> git ls-files --stage -- /opt/lampp/htdocs/file_rouge_gp1/src/Entity/Promo.php
> git cat-file -s 245e173e4ea9b1beb03c86b553d8e8e1bf4b805c
> git show --textconv :src/Controller/PromoController.php
> git ls-files --stage -- /opt/lampp/htdocs/file_rouge_gp1/src/Controller/PromoController.php
> git show --textconv :src/Entity/Promo.php
> git ls-files --stage -- /opt/lampp/htdocs/file_rouge_gp1/src/Entity/Promo.php
> git cat-file -s 245e173e4ea9b1beb03c86b553d8e8e1bf4b805c
> git show --textconv :src/Controller/PromoController.php
> git ls-files --stage -- /opt/lampp/htdocs/file_rouge_gp1/src/Controller/PromoController.php
> git show --textconv :src/Entity/Groupe.php
> git ls-files --stage -- /opt/lampp/htdocs/file_rouge_gp1/src/Entity/Groupe.php
> git cat-file -s 15792083e1045dbae3da7ade2b833961f851ba9c
> git show --textconv :src/Controller/PromoController.php
> git ls-files --stage -- /opt/lampp/htdocs/file_rouge_gp1/src/Controller/PromoController.php
> git show --textconv :src/Controller/FormateurController.php
> git ls-files --stage -- /opt/lampp/htdocs/file_rouge_gp1/src/Controller/FormateurController.php
> git cat-file -s 919127f0aace73332bee43af91ea380eac6fbe81
> git show --textconv :src/Entity/Profil.php
> git ls-files --stage -- /opt/lampp/htdocs/file_rouge_gp1/src/Entity/Profil.php
> git cat-file -s 940f3b294c4c8f018484fa223852d1fd0099d7a2
> git show --textconv :src/Entity/Promo.php
> git ls-files --stage -- /opt/lampp/htdocs/file_rouge_gp1/src/Entity/Promo.php
> git cat-file -s 245e173e4ea9b1beb03c86b553d8e8e1bf4b805c
> git show --textconv :src/Controller/PromoController.php
> git ls-files --stage -- /opt/lampp/htdocs/file_rouge_gp1/src/Controller/PromoController.php
> git show --textconv :src/Entity/Profil.php
> git ls-files --stage -- /opt/lampp/htdocs/file_rouge_gp1/src/Entity/Profil.php
> git cat-file -s 940f3b294c4c8f018484fa223852d1fd0099d7a2
> git show --textconv :src/Controller/PromoController.php
> git ls-files --stage -- /opt/lampp/htdocs/file_rouge_gp1/src/Controller/PromoController.php
> git show --textconv :src/Entity/Promo.php
> git ls-files --stage -- /opt/lampp/htdocs/file_rouge_gp1/src/Entity/Promo.php
> git cat-file -s 245e173e4ea9b1beb03c86b553d8e8e1bf4b805c
> git show --textconv :src/Controller/PromoController.php
> git ls-files --stage -- /opt/lampp/htdocs/file_rouge_gp1/src/Controller/PromoController.php
> git show --textconv :src/Entity/Promo.php
> git ls-files --stage -- /opt/lampp/htdocs/file_rouge_gp1/src/Entity/Promo.php
> git cat-file -s 245e173e4ea9b1beb03c86b553d8e8e1bf4b805c
> git show --textconv :src/Entity/Groupe.php
> git ls-files --stage -- /opt/lampp/htdocs/file_rouge_gp1/src/Entity/Groupe.php
> git cat-file -s 15792083e1045dbae3da7ade2b833961f851ba9c
> git show --textconv :src/Controller/PromoController.php
> git ls-files --stage -- /opt/lampp/htdocs/file_rouge_gp1/src/Controller/PromoController.php
> git show --textconv :src/Entity/Groupe.php
> git ls-files --stage -- /opt/lampp/htdocs/file_rouge_gp1/src/Entity/Groupe.php
> git cat-file -s 15792083e1045dbae3da7ade2b833961f851ba9c
> git show --textconv :src/Controller/PromoController.php
> git ls-files --stage -- /opt/lampp/htdocs/file_rouge_gp1/src/Controller/PromoController.php
> git show --textconv :src/Entity/Groupe.php
> git ls-files --stage -- /opt/lampp/htdocs/file_rouge_gp1/src/Entity/Groupe.php
> git cat-file -s 15792083e1045dbae3da7ade2b833961f851ba9c
> git show --textconv :src/Controller/PromoController.php
> git ls-files --stage -- /opt/lampp/htdocs/file_rouge_gp1/src/Controller/PromoController.php
> git show --textconv :src/Entity/Groupe.php
> git ls-files --stage -- /opt/lampp/htdocs/file_rouge_gp1/src/Entity/Groupe.php
> git cat-file -s 15792083e1045dbae3da7ade2b833961f851ba9c
> git show --textconv :src/Controller/PromoController.php
> git ls-files --stage -- /opt/lampp/htdocs/file_rouge_gp1/src/Controller/PromoController.php
> git show --textconv :src/Entity/Groupe.php
> git ls-files --stage -- /opt/lampp/htdocs/file_rouge_gp1/src/Entity/Groupe.php
> git cat-file -s 15792083e1045dbae3da7ade2b833961f851ba9c
> git show --textconv :src/Controller/PromoController.php
> git ls-files --stage -- /opt/lampp/htdocs/file_rouge_gp1/src/Controller/PromoController.php
> git show --textconv :src/Entity/Groupe.php
> git ls-files --stage -- /opt/lampp/htdocs/file_rouge_gp1/src/Entity/Groupe.php
> git cat-file -s 15792083e1045dbae3da7ade2b833961f851ba9c
> git show --textconv :src/Controller/PromoController.php
> git ls-files --stage -- /opt/lampp/htdocs/file_rouge_gp1/src/Controller/PromoController.php
> git show --textconv :src/Entity/Groupe.php
> git ls-files --stage -- /opt/lampp/htdocs/file_rouge_gp1/src/Entity/Groupe.php
> git cat-file -s 15792083e1045dbae3da7ade2b833961f851ba9c
> git show --textconv :src/Controller/PromoController.php
> git ls-files --stage -- /opt/lampp/htdocs/file_rouge_gp1/src/Controller/PromoController.php
> git show --textconv :src/Entity/Promo.php
> git ls-files --stage -- /opt/lampp/htdocs/file_rouge_gp1/src/Entity/Promo.php
> git cat-file -s 245e173e4ea9b1beb03c86b553d8e8e1bf4b805c
> git show --textconv :src/Controller/PromoController.php
> git ls-files --stage -- /opt/lampp/htdocs/file_rouge_gp1/src/Controller/PromoController.php
> git show --textconv :src/Entity/Groupe.php
> git ls-files --stage -- /opt/lampp/htdocs/file_rouge_gp1/src/Entity/Groupe.php
> git cat-file -s 15792083e1045dbae3da7ade2b833961f851ba9c
> git show --textconv :src/Entity/Promo.php
> git ls-files --stage -- /opt/lampp/htdocs/file_rouge_gp1/src/Entity/Promo.php
> git cat-file -s 245e173e4ea9b1beb03c86b553d8e8e1bf4b805c
> git show --textconv :src/Controller/PromoController.php
> git ls-files --stage -- /opt/lampp/htdocs/file_rouge_gp1/src/Controller/PromoController.php
> git show --textconv :src/Entity/Formateur.php
> git ls-files --stage -- /opt/lampp/htdocs/file_rouge_gp1/src/Entity/Formateur.php
> git cat-file -s 228d864572c68506aae0fd2d1539b688dc6e85bf
> git show --textconv :src/Controller/PromoController.php
> git ls-files --stage -- /opt/lampp/htdocs/file_rouge_gp1/src/Controller/PromoController.php
> git show --textconv :src/Entity/Competence.php
> git ls-files --stage -- /opt/lampp/htdocs/file_rouge_gp1/src/Entity/Competence.php
> git cat-file -s a4c3fb11b3d54f1f59e8a24e012347e9bd941bb0
> git show --textconv :src/Entity/Promo.php
> git ls-files --stage -- /opt/lampp/htdocs/file_rouge_gp1/src/Entity/Promo.php
> git cat-file -s 245e173e4ea9b1beb03c86b553d8e8e1bf4b805c
> git show --textconv :src/Controller/PromoController.php
> git ls-files --stage -- /opt/lampp/htdocs/file_rouge_gp1/src/Controller/PromoController.php
> git show --textconv :src/Entity/Formateur.php
> git ls-files --stage -- /opt/lampp/htdocs/file_rouge_gp1/src/Entity/Formateur.php
> git cat-file -s 228d864572c68506aae0fd2d1539b688dc6e85bf
> git show --textconv :src/Controller/PromoController.php
> git ls-files --stage -- /opt/lampp/htdocs/file_rouge_gp1/src/Controller/PromoController.php
> git show --textconv :src/Entity/Formateur.php
> git ls-files --stage -- /opt/lampp/htdocs/file_rouge_gp1/src/Entity/Formateur.php
> git cat-file -s 228d864572c68506aae0fd2d1539b688dc6e85bf
> git show --textconv :src/Entity/Promo.php
> git ls-files --stage -- /opt/lampp/htdocs/file_rouge_gp1/src/Entity/Promo.php
> git cat-file -s 245e173e4ea9b1beb03c86b553d8e8e1bf4b805c
> git show --textconv :src/Controller/PromoController.php
> git ls-files --stage -- /opt/lampp/htdocs/file_rouge_gp1/src/Controller/PromoController.php
> git show --textconv :src/Entity/Promo.php
> git ls-files --stage -- /opt/lampp/htdocs/file_rouge_gp1/src/Entity/Promo.php
> git cat-file -s 245e173e4ea9b1beb03c86b553d8e8e1bf4b805c
> git show --textconv :src/Controller/GroupecompetenceController.php
> git ls-files --stage -- /opt/lampp/htdocs/file_rouge_gp1/src/Controller/GroupecompetenceController.php
> git cat-file -s 87561ddd796280a1e7251cf6fd183d7c376f7044
> git show --textconv :src/Entity/Groupecompetence.php
> git ls-files --stage -- /opt/lampp/htdocs/file_rouge_gp1/src/Entity/Groupecompetence.php
> git cat-file -s bd2957ff454bae66c7cebae9c0f012bbce5600ae
> git show --textconv :src/Entity/Promo.php
> git ls-files --stage -- /opt/lampp/htdocs/file_rouge_gp1/src/Entity/Promo.php
> git cat-file -s 245e173e4ea9b1beb03c86b553d8e8e1bf4b805c
> git show --textconv :src/Entity/Groupecompetence.php
> git ls-files --stage -- /opt/lampp/htdocs/file_rouge_gp1/src/Entity/Groupecompetence.php
> git cat-file -s bd2957ff454bae66c7cebae9c0f012bbce5600ae
> git show --textconv :src/Entity/Competence.php
> git ls-files --stage -- /opt/lampp/htdocs/file_rouge_gp1/src/Entity/Competence.php
> git cat-file -s a4c3fb11b3d54f1f59e8a24e012347e9bd941bb0
> git show --textconv :src/Entity/Promo.php
> git ls-files --stage -- /opt/lampp/htdocs/file_rouge_gp1/src/Entity/Promo.php
> git cat-file -s 245e173e4ea9b1beb03c86b553d8e8e1bf4b805c
> git show --textconv :src/Entity/Competence.php
> git ls-files --stage -- /opt/lampp/htdocs/file_rouge_gp1/src/Entity/Competence.php
> git cat-file -s a4c3fb11b3d54f1f59e8a24e012347e9bd941bb0
> git show --textconv :src/Entity/Promo.php
> git ls-files --stage -- /opt/lampp/htdocs/file_rouge_gp1/src/Entity/Promo.php
> git cat-file -s 245e173e4ea9b1beb03c86b553d8e8e1bf4b805c
> git show --textconv :src/Controller/PromoController.php
> git ls-files --stage -- /opt/lampp/htdocs/file_rouge_gp1/src/Controller/PromoController.php
> git show --textconv :src/Entity/Formateur.php
> git ls-files --stage -- /opt/lampp/htdocs/file_rouge_gp1/src/Entity/Formateur.php
> git cat-file -s 228d864572c68506aae0fd2d1539b688dc6e85bf
> git show --textconv :src/Controller/PromoController.php
> git ls-files --stage -- /opt/lampp/htdocs/file_rouge_gp1/src/Controller/PromoController.php
> git show --textconv :src/Controller/GroupecompetenceController.php
> git ls-files --stage -- /opt/lampp/htdocs/file_rouge_gp1/src/Controller/GroupecompetenceController.php
> git cat-file -s 87561ddd796280a1e7251cf6fd183d7c376f7044
> git show --textconv :src/Entity/Groupecompetence.php
> git ls-files --stage -- /opt/lampp/htdocs/file_rouge_gp1/src/Entity/Groupecompetence.php
> git cat-file -s bd2957ff454bae66c7cebae9c0f012bbce5600ae
> git show --textconv :src/Entity/Promo.php
> git ls-files --stage -- /opt/lampp/htdocs/file_rouge_gp1/src/Entity/Promo.php
> git cat-file -s 245e173e4ea9b1beb03c86b553d8e8e1bf4b805c
> git show --textconv :src/Entity/Formateur.php
> git ls-files --stage -- /opt/lampp/htdocs/file_rouge_gp1/src/Entity/Formateur.php
> git cat-file -s 228d864572c68506aae0fd2d1539b688dc6e85bf
> git show --textconv :src/Entity/Groupecompetence.php
> git ls-files --stage -- /opt/lampp/htdocs/file_rouge_gp1/src/Entity/Groupecompetence.php
> git cat-file -s bd2957ff454bae66c7cebae9c0f012bbce5600ae
> git show --textconv :src/Controller/PromoController.php
> git ls-files --stage -- /opt/lampp/htdocs/file_rouge_gp1/src/Controller/PromoController.php
> git show --textconv :src/Entity/Promo.php
> git ls-files --stage -- /opt/lampp/htdocs/file_rouge_gp1/src/Entity/Promo.php
> git cat-file -s 245e173e4ea9b1beb03c86b553d8e8e1bf4b805c
> git show --textconv :src/Controller/PromoController.php
> git ls-files --stage -- /opt/lampp/htdocs/file_rouge_gp1/src/Controller/PromoController.php
> git show --textconv :src/Controller/GroupecompetenceController.php
> git ls-files --stage -- /opt/lampp/htdocs/file_rouge_gp1/src/Controller/GroupecompetenceController.php
> git cat-file -s 87561ddd796280a1e7251cf6fd183d7c376f7044
> git show --textconv :src/Entity/Promo.php
> git ls-files --stage -- /opt/lampp/htdocs/file_rouge_gp1/src/Entity/Promo.php
> git cat-file -s 245e173e4ea9b1beb03c86b553d8e8e1bf4b805c
> git show --textconv :src/Controller/PromoController.php
> git ls-files --stage -- /opt/lampp/htdocs/file_rouge_gp1/src/Controller/PromoController.php
> git show --textconv :src/Controller/GroupecompetenceController.php
> git ls-files --stage -- /opt/lampp/htdocs/file_rouge_gp1/src/Controller/GroupecompetenceController.php
> git cat-file -s 87561ddd796280a1e7251cf6fd183d7c376f7044
> git show --textconv :src/Controller/PromoController.php
> git ls-files --stage -- /opt/lampp/htdocs/file_rouge_gp1/src/Controller/PromoController.php
> git show --textconv :var/log/dev.log
> git ls-files --stage -- /opt/lampp/htdocs/file_rouge_gp1/var/log/dev.log
> git cat-file -s 8232b8ec39a5c655273afdd5208ce30ba552a7d3
> git show --textconv :src/Controller/PromoController.php
> git ls-files --stage -- /opt/lampp/htdocs/file_rouge_gp1/src/Controller/PromoController.php
> git show --textconv :src/Entity/Formateur.php
> git ls-files --stage -- /opt/lampp/htdocs/file_rouge_gp1/src/Entity/Formateur.php
> git cat-file -s 228d864572c68506aae0fd2d1539b688dc6e85bf
> git show --textconv :src/Controller/PromoController.php
> git ls-files --stage -- /opt/lampp/htdocs/file_rouge_gp1/src/Controller/PromoController.php
> git show --textconv :src/Entity/Formateur.php
> git ls-files --stage -- /opt/lampp/htdocs/file_rouge_gp1/src/Entity/Formateur.php
> git cat-file -s 228d864572c68506aae0fd2d1539b688dc6e85bf
> git show --textconv :src/Controller/PromoController.php
> git ls-files --stage -- /opt/lampp/htdocs/file_rouge_gp1/src/Controller/PromoController.php
> git show --textconv :src/Controller/GroupecompetenceController.php
> git ls-files --stage -- /opt/lampp/htdocs/file_rouge_gp1/src/Controller/GroupecompetenceController.php
> git cat-file -s 87561ddd796280a1e7251cf6fd183d7c376f7044
> git show --textconv :src/Controller/PromoController.php
> git ls-files --stage -- /opt/lampp/htdocs/file_rouge_gp1/src/Controller/PromoController.php
> git show --textconv :src/Entity/Formateur.php
> git ls-files --stage -- /opt/lampp/htdocs/file_rouge_gp1/src/Entity/Formateur.php
> git cat-file -s 228d864572c68506aae0fd2d1539b688dc6e85bf
> git show --textconv :src/Controller/PromoController.php
> git ls-files --stage -- /opt/lampp/htdocs/file_rouge_gp1/src/Controller/PromoController.php
> git check-ignore -v -z --stdin
> git show --textconv :src/Repository/ApprenantRepository.php
> git ls-files --stage -- /opt/lampp/htdocs/file_rouge_gp1/src/Repository/ApprenantRepository.php
> git cat-file -s 21850bc4295bcf51a77965c2c2c86fa18da0790c
> git show --textconv :src/Entity/Formateur.php
> git ls-files --stage -- /opt/lampp/htdocs/file_rouge_gp1/src/Entity/Formateur.php
> git cat-file -s 228d864572c68506aae0fd2d1539b688dc6e85bf
> git show --textconv :src/Controller/ApprenantController.php
> git ls-files --stage -- /opt/lampp/htdocs/file_rouge_gp1/src/Controller/ApprenantController.php
> git cat-file -s 92a02fe881428ee272fef6c19ef57d772e212deb
> git show --textconv :src/Controller/UserController.php
> git ls-files --stage -- /opt/lampp/htdocs/file_rouge_gp1/src/Controller/UserController.php
> git cat-file -s 813271e97f35d496fa6120461e37f9cd62e24cef
> git show --textconv :src/Controller/FormateurController.php
> git ls-files --stage -- /opt/lampp/htdocs/file_rouge_gp1/src/Controller/FormateurController.php
> git cat-file -s 919127f0aace73332bee43af91ea380eac6fbe81
> git show --textconv :src/Repository/UserRepository.php
> git ls-files --stage -- /opt/lampp/htdocs/file_rouge_gp1/src/Repository/UserRepository.php
> git cat-file -s 11d8291d8c8b6a411196901849b728dca54230f7
> git show --textconv :src/Repository/ApprenantRepository.php
> git ls-files --stage -- /opt/lampp/htdocs/file_rouge_gp1/src/Repository/ApprenantRepository.php
> git cat-file -s 21850bc4295bcf51a77965c2c2c86fa18da0790c
> git show --textconv :src/Repository/UserRepository.php
> git ls-files --stage -- /opt/lampp/htdocs/file_rouge_gp1/src/Repository/UserRepository.php
> git cat-file -s 11d8291d8c8b6a411196901849b728dca54230f7
> git show --textconv :src/Controller/PromoController.php
> git ls-files --stage -- /opt/lampp/htdocs/file_rouge_gp1/src/Controller/PromoController.php
> git show --textconv :src/Repository/UserRepository.php
> git ls-files --stage -- /opt/lampp/htdocs/file_rouge_gp1/src/Repository/UserRepository.php
> git cat-file -s 11d8291d8c8b6a411196901849b728dca54230f7
> git show --textconv :src/Controller/PromoController.php
> git ls-files --stage -- /opt/lampp/htdocs/file_rouge_gp1/src/Controller/PromoController.php
> git show --textconv :src/Repository/UserRepository.php
> git ls-files --stage -- /opt/lampp/htdocs/file_rouge_gp1/src/Repository/UserRepository.php
> git cat-file -s 11d8291d8c8b6a411196901849b728dca54230f7
> git show --textconv :src/Controller/PromoController.php
> git ls-files --stage -- /opt/lampp/htdocs/file_rouge_gp1/src/Controller/PromoController.php
> git show --textconv :src/Repository/UserRepository.php
> git ls-files --stage -- /opt/lampp/htdocs/file_rouge_gp1/src/Repository/UserRepository.php
> git cat-file -s 11d8291d8c8b6a411196901849b728dca54230f7
> git show --textconv :src/Controller/PromoController.php
> git ls-files --stage -- /opt/lampp/htdocs/file_rouge_gp1/src/Controller/PromoController.php
> git show --textconv :src/Repository/UserRepository.php
> git ls-files --stage -- /opt/lampp/htdocs/file_rouge_gp1/src/Repository/UserRepository.php
> git cat-file -s 11d8291d8c8b6a411196901849b728dca54230f7
> git show --textconv :src/Controller/PromoController.php
> git ls-files --stage -- /opt/lampp/htdocs/file_rouge_gp1/src/Controller/PromoController.php
> git show --textconv :src/Repository/UserRepository.php
> git ls-files --stage -- /opt/lampp/htdocs/file_rouge_gp1/src/Repository/UserRepository.php
> git cat-file -s 11d8291d8c8b6a411196901849b728dca54230f7
> git show --textconv :src/Controller/PromoController.php
> git ls-files --stage -- /opt/lampp/htdocs/file_rouge_gp1/src/Controller/PromoController.php
> git show --textconv :src/Repository/UserRepository.php
> git ls-files --stage -- /opt/lampp/htdocs/file_rouge_gp1/src/Repository/UserRepository.php
> git cat-file -s 11d8291d8c8b6a411196901849b728dca54230f7
> git show --textconv :src/Controller/PromoController.php
> git ls-files --stage -- /opt/lampp/htdocs/file_rouge_gp1/src/Controller/PromoController.php
> git show --textconv :src/Entity/Promo.php
> git ls-files --stage -- /opt/lampp/htdocs/file_rouge_gp1/src/Entity/Promo.php
> git cat-file -s 245e173e4ea9b1beb03c86b553d8e8e1bf4b805c
> git show --textconv :src/Controller/PromoController.php
> git ls-files --stage -- /opt/lampp/htdocs/file_rouge_gp1/src/Controller/PromoController.php
> git check-ignore -v -z --stdin
> git show --textconv :src/Security/Voter/PromoVoter.php
> git ls-files --stage -- /opt/lampp/htdocs/file_rouge_gp1/src/Security/Voter/PromoVoter.php
> git show --textconv :src/Security/Voter/GroupecompetenceVoter.php
> git ls-files --stage -- /opt/lampp/htdocs/file_rouge_gp1/src/Security/Voter/GroupecompetenceVoter.php
> git cat-file -s c51ff1fa996e627e0824b594f61d24a9a06527dc
> git show --textconv :src/Security/Voter/ProfilVoter.php
> git ls-files --stage -- /opt/lampp/htdocs/file_rouge_gp1/src/Security/Voter/ProfilVoter.php
> git cat-file -s c3b714889794d2010704be11a61451d94313c42f
> git show --textconv :src/Security/Voter/PromoVoter.php
> git ls-files --stage -- /opt/lampp/htdocs/file_rouge_gp1/src/Security/Voter/PromoVoter.php
> git show --textconv :src/Entity/Promo.php
> git ls-files --stage -- /opt/lampp/htdocs/file_rouge_gp1/src/Entity/Promo.php
> git cat-file -s 245e173e4ea9b1beb03c86b553d8e8e1bf4b805c
> git show --textconv :src/Controller/PromoController.php
> git ls-files --stage -- /opt/lampp/htdocs/file_rouge_gp1/src/Controller/PromoController.php
> git show --textconv :src/Entity/Promo.php
> git ls-files --stage -- /opt/lampp/htdocs/file_rouge_gp1/src/Entity/Promo.php
> git cat-file -s 245e173e4ea9b1beb03c86b553d8e8e1bf4b805c
> git show --textconv :src/Controller/PromoController.php
> git ls-files --stage -- /opt/lampp/htdocs/file_rouge_gp1/src/Controller/PromoController.php
> git show --textconv :src/Entity/Promo.php
> git ls-files --stage -- /opt/lampp/htdocs/file_rouge_gp1/src/Entity/Promo.php
> git cat-file -s 245e173e4ea9b1beb03c86b553d8e8e1bf4b805c
> git show --textconv :src/Entity/Apprenant.php
> git ls-files --stage -- /opt/lampp/htdocs/file_rouge_gp1/src/Entity/Apprenant.php
> git cat-file -s 26ea06085b0f034ce9016f514fef343328b692bc
> git show --textconv :src/Controller/PromoController.php
> git ls-files --stage -- /opt/lampp/htdocs/file_rouge_gp1/src/Controller/PromoController.php
> git show --textconv :src/Entity/Groupe.php
> git ls-files --stage -- /opt/lampp/htdocs/file_rouge_gp1/src/Entity/Groupe.php
> git cat-file -s 15792083e1045dbae3da7ade2b833961f851ba9c
> git show --textconv :src/Entity/Apprenant.php
> git ls-files --stage -- /opt/lampp/htdocs/file_rouge_gp1/src/Entity/Apprenant.php
> git cat-file -s 26ea06085b0f034ce9016f514fef343328b692bc
> git show --textconv :src/Entity/Groupe.php
> git ls-files --stage -- /opt/lampp/htdocs/file_rouge_gp1/src/Entity/Groupe.php
> git cat-file -s 15792083e1045dbae3da7ade2b833961f851ba9c
> git show --textconv :src/Controller/PromoController.php
> git ls-files --stage -- /opt/lampp/htdocs/file_rouge_gp1/src/Controller/PromoController.php
> git show --textconv :src/Entity/Promo.php
> git ls-files --stage -- /opt/lampp/htdocs/file_rouge_gp1/src/Entity/Promo.php
> git cat-file -s 245e173e4ea9b1beb03c86b553d8e8e1bf4b805c
> git show --textconv :src/Controller/PromoController.php
> git ls-files --stage -- /opt/lampp/htdocs/file_rouge_gp1/src/Controller/PromoController.php
> git show --textconv :src/Entity/Promo.php
> git ls-files --stage -- /opt/lampp/htdocs/file_rouge_gp1/src/Entity/Promo.php
> git cat-file -s 245e173e4ea9b1beb03c86b553d8e8e1bf4b805c
> git show --textconv :src/Controller/PromoController.php
> git ls-files --stage -- /opt/lampp/htdocs/file_rouge_gp1/src/Controller/PromoController.php
> git show --textconv :src/Entity/Promo.php
> git ls-files --stage -- /opt/lampp/htdocs/file_rouge_gp1/src/Entity/Promo.php
> git cat-file -s 245e173e4ea9b1beb03c86b553d8e8e1bf4b805c
> git show --textconv :src/Controller/GroupecompetenceController.php
> git ls-files --stage -- /opt/lampp/htdocs/file_rouge_gp1/src/Controller/GroupecompetenceController.php
> git cat-file -s 87561ddd796280a1e7251cf6fd183d7c376f7044
> git show --textconv :src/Entity/Groupecompetence.php
> git ls-files --stage -- /opt/lampp/htdocs/file_rouge_gp1/src/Entity/Groupecompetence.php
> git cat-file -s bd2957ff454bae66c7cebae9c0f012bbce5600ae
> git show --textconv :src/Controller/GroupecompetenceController.php
> git ls-files --stage -- /opt/lampp/htdocs/file_rouge_gp1/src/Controller/GroupecompetenceController.php
> git cat-file -s 87561ddd796280a1e7251cf6fd183d7c376f7044
> git show --textconv :src/Security/Voter/GroupecompetenceVoter.php
> git ls-files --stage -- /opt/lampp/htdocs/file_rouge_gp1/src/Security/Voter/GroupecompetenceVoter.php
> git cat-file -s c51ff1fa996e627e0824b594f61d24a9a06527dc
> git show --textconv :src/Entity/Groupecompetence.php
> git ls-files --stage -- /opt/lampp/htdocs/file_rouge_gp1/src/Entity/Groupecompetence.php
> git cat-file -s bd2957ff454bae66c7cebae9c0f012bbce5600ae
> git show --textconv :src/Controller/GroupecompetenceController.php
> git ls-files --stage -- /opt/lampp/htdocs/file_rouge_gp1/src/Controller/GroupecompetenceController.php
> git cat-file -s 87561ddd796280a1e7251cf6fd183d7c376f7044
> git show --textconv :src/Entity/Promo.php
> git ls-files --stage -- /opt/lampp/htdocs/file_rouge_gp1/src/Entity/Promo.php
> git cat-file -s 245e173e4ea9b1beb03c86b553d8e8e1bf4b805c
> git show --textconv :src/Controller/PromoController.php
> git ls-files --stage -- /opt/lampp/htdocs/file_rouge_gp1/src/Controller/PromoController.php
> git show --textconv :src/Entity/Promo.php
> git ls-files --stage -- /opt/lampp/htdocs/file_rouge_gp1/src/Entity/Promo.php
> git cat-file -s 245e173e4ea9b1beb03c86b553d8e8e1bf4b805c
> git show --textconv :src/Entity/Groupe.php
> git ls-files --stage -- /opt/lampp/htdocs/file_rouge_gp1/src/Entity/Groupe.php
> git cat-file -s 15792083e1045dbae3da7ade2b833961f851ba9c
> git show --textconv :src/Entity/Promo.php
> git ls-files --stage -- /opt/lampp/htdocs/file_rouge_gp1/src/Entity/Promo.php
> git cat-file -s 245e173e4ea9b1beb03c86b553d8e8e1bf4b805c
> git show --textconv :src/Entity/Groupe.php
> git ls-files --stage -- /opt/lampp/htdocs/file_rouge_gp1/src/Entity/Groupe.php
> git cat-file -s 15792083e1045dbae3da7ade2b833961f851ba9c
> git show --textconv :src/Entity/Formateur.php
> git ls-files --stage -- /opt/lampp/htdocs/file_rouge_gp1/src/Entity/Formateur.php
> git cat-file -s 228d864572c68506aae0fd2d1539b688dc6e85bf
> git show --textconv :src/Entity/User.php
> git ls-files --stage -- /opt/lampp/htdocs/file_rouge_gp1/src/Entity/User.php
> git cat-file -s c0c2bf64276d627b0154460d66fb4894432178e0
> git show --textconv :src/Controller/PromoController.php
> git ls-files --stage -- /opt/lampp/htdocs/file_rouge_gp1/src/Controller/PromoController.php
> git check-ignore -v -z --stdin
> git check-ignore -v -z --stdin
> git check-ignore -v -z --stdin
> git check-ignore -v -z --stdin
> git check-ignore -v -z --stdin
> git check-ignore -v -z --stdin
> git check-ignore -v -z --stdin
> git status -z -u
> git ls-files --stage -- /opt/lampp/htdocs/file_rouge_gp1/src/Controller/PromoController.php
> git cat-file -s 210d4851356ed0a768fd23ac33a6a8879d8e10ca
> git show --textconv :src/Controller/PromoController.php
> git symbolic-ref --short HEAD
> git rev-parse ldab
> git rev-parse --symbolic-full-name ldab@{u}
> git rev-list --left-right ldab...refs/remotes/origin/ldab
> git for-each-ref --sort -committerdate --format %(refname) %(objectname)
> git remote --verbose
> git config --get commit.template
> git status -z -u
> git symbolic-ref --short HEAD
> git rev-parse ldab
> git rev-parse --symbolic-full-name ldab@{u}
> git rev-list --left-right ldab...refs/remotes/origin/ldab
> git for-each-ref --sort -committerdate --format %(refname) %(objectname)
> git remote --verbose
> git config --get commit.template
> git check-ignore -v -z --stdin
> git show --textconv :vendor/autoload.php
> git ls-files --stage -- /opt/lampp/htdocs/file_rouge_gp1/vendor/autoload.php
> git cat-file -s 76a690b877d166e72f9e23fc9631f1960151e027
> git show --textconv :src/Controller/PromoController.php
> git ls-files --stage -- /opt/lampp/htdocs/file_rouge_gp1/src/Controller/PromoController.php
> git cat-file -s 210d4851356ed0a768fd23ac33a6a8879d8e10ca
