Looking for git in: git
Using git 2.17.1 from git
> git rev-parse --show-toplevel
> git rev-parse --git-dir
Open repository: /opt/lampp/htdocs/file_rouge_gp1
> git status -z -u
> git symbolic-ref --short HEAD
> git rev-parse ldab
> git rev-parse --symbolic-full-name ldab@{u}
> git rev-list --left-right ldab...refs/remotes/origin/ldab
> git for-each-ref --sort -committerdate --format %(refname) %(objectname)
> git remote --verbose
> git config --get commit.template
> git show --textconv :src/Entity/Apprenant.php
> git ls-files --stage -- /opt/lampp/htdocs/file_rouge_gp1/src/Entity/Apprenant.php
> git cat-file -s 22dc3b937794027ee642bcd3fa5bd9ac3c19b5a5
> git check-ignore -v -z --stdin
> git status -z -u
> git symbolic-ref --short HEAD
> git rev-parse ldab
> git rev-parse --symbolic-full-name ldab@{u}
> git rev-list --left-right ldab...refs/remotes/origin/ldab
> git for-each-ref --sort -committerdate --format %(refname) %(objectname)
> git remote --verbose
> git config --get commit.template
> git show --textconv :src/Entity/Apprenant.php
> git ls-files --stage -- /opt/lampp/htdocs/file_rouge_gp1/src/Entity/Apprenant.php
> git cat-file -s 22dc3b937794027ee642bcd3fa5bd9ac3c19b5a5
> git show --textconv :config/services.yaml
> git ls-files --stage -- /opt/lampp/htdocs/file_rouge_gp1/config/services.yaml
> git cat-file -s 337b2b0847c9e74c18177d24ed4861466eccb110
> git log --format=%H%n%aN%n%aE%n%at%n%ct%n%P%n%B -z -n21 -- /opt/lampp/htdocs/file_rouge_gp1/config/services.yaml
> git check-ignore -v -z --stdin
> git show --textconv :src/EventListener/LoginListener
> git ls-files --stage -- /opt/lampp/htdocs/file_rouge_gp1/src/EventListener/LoginListener
> git check-ignore -v -z --stdin
> git show --textconv :src/EventListener/LoginListener.php
> git ls-files --stage -- /opt/lampp/htdocs/file_rouge_gp1/src/EventListener/LoginListener.php
> git check-ignore -v -z --stdin
> git show --textconv :config/packages/security.yaml
> git ls-files --stage -- /opt/lampp/htdocs/file_rouge_gp1/config/packages/security.yaml
> git cat-file -s aa24ae0f34470aeba902fcac3f21b2e6f57567b9
> git show --textconv :config/services.yaml
> git ls-files --stage -- /opt/lampp/htdocs/file_rouge_gp1/config/services.yaml
> git cat-file -s 337b2b0847c9e74c18177d24ed4861466eccb110
> git show --textconv :config/packages/security.yaml
> git ls-files --stage -- /opt/lampp/htdocs/file_rouge_gp1/config/packages/security.yaml
> git cat-file -s aa24ae0f34470aeba902fcac3f21b2e6f57567b9
> git show --textconv :src/Entity/User.php
> git ls-files --stage -- /opt/lampp/htdocs/file_rouge_gp1/src/Entity/User.php
> git cat-file -s e7c117139a286497e246adb3524634311dcb9440
> git show --textconv :src/Controller/FormateurController.php
> git ls-files --stage -- /opt/lampp/htdocs/file_rouge_gp1/src/Controller/FormateurController.php
> git cat-file -s bd33d7eddbcf700a755ff9c1afe8160da817a8e1
> git show --textconv :src/EventListener/LoginListener.php
> git ls-files --stage -- /opt/lampp/htdocs/file_rouge_gp1/src/EventListener/LoginListener.php
> git show --textconv :src/Entity/User.php
> git ls-files --stage -- /opt/lampp/htdocs/file_rouge_gp1/src/Entity/User.php
> git cat-file -s e7c117139a286497e246adb3524634311dcb9440
> git show --textconv :src/Entity/Profil.php
> git ls-files --stage -- /opt/lampp/htdocs/file_rouge_gp1/src/Entity/Profil.php
> git cat-file -s 012beb7f966dcfc4fc0d83c46c6e8e900888e251
> git show --textconv :src/EventListener/LoginListener.php
> git ls-files --stage -- /opt/lampp/htdocs/file_rouge_gp1/src/EventListener/LoginListener.php
> git show --textconv :src/Entity/User.php
> git ls-files --stage -- /opt/lampp/htdocs/file_rouge_gp1/src/Entity/User.php
> git cat-file -s e7c117139a286497e246adb3524634311dcb9440
> git show --textconv :src/Controller/FormateurController.php
> git ls-files --stage -- /opt/lampp/htdocs/file_rouge_gp1/src/Controller/FormateurController.php
> git cat-file -s bd33d7eddbcf700a755ff9c1afe8160da817a8e1
> git show --textconv :src/Entity/Formateur.php
> git ls-files --stage -- /opt/lampp/htdocs/file_rouge_gp1/src/Entity/Formateur.php
> git cat-file -s 13fbc9e0f7d70ffbfc464c5876a1481890095c0d
> git show --textconv :src/Entity/Apprenant.php
> git ls-files --stage -- /opt/lampp/htdocs/file_rouge_gp1/src/Entity/Apprenant.php
> git cat-file -s 22dc3b937794027ee642bcd3fa5bd9ac3c19b5a5
> git show --textconv :src/Entity/Formateur.php
> git ls-files --stage -- /opt/lampp/htdocs/file_rouge_gp1/src/Entity/Formateur.php
> git cat-file -s 13fbc9e0f7d70ffbfc464c5876a1481890095c0d
> git show --textconv :src/Entity/Apprenant.php
> git ls-files --stage -- /opt/lampp/htdocs/file_rouge_gp1/src/Entity/Apprenant.php
> git cat-file -s 22dc3b937794027ee642bcd3fa5bd9ac3c19b5a5
> git show --textconv :src/Entity/Formateur.php
> git ls-files --stage -- /opt/lampp/htdocs/file_rouge_gp1/src/Entity/Formateur.php
> git cat-file -s 13fbc9e0f7d70ffbfc464c5876a1481890095c0d
> git show --textconv :src/Entity/Apprenant.php
> git ls-files --stage -- /opt/lampp/htdocs/file_rouge_gp1/src/Entity/Apprenant.php
> git cat-file -s 22dc3b937794027ee642bcd3fa5bd9ac3c19b5a5
> git show --textconv :src/Entity/Formateur.php
> git ls-files --stage -- /opt/lampp/htdocs/file_rouge_gp1/src/Entity/Formateur.php
> git cat-file -s 13fbc9e0f7d70ffbfc464c5876a1481890095c0d
> git show --textconv :src/Entity/Apprenant.php
> git ls-files --stage -- /opt/lampp/htdocs/file_rouge_gp1/src/Entity/Apprenant.php
> git cat-file -s 22dc3b937794027ee642bcd3fa5bd9ac3c19b5a5
> git show --textconv :src/Entity/User.php
> git ls-files --stage -- /opt/lampp/htdocs/file_rouge_gp1/src/Entity/User.php
> git cat-file -s e7c117139a286497e246adb3524634311dcb9440
> git show --textconv :src/Entity/Apprenant.php
> git ls-files --stage -- /opt/lampp/htdocs/file_rouge_gp1/src/Entity/Apprenant.php
> git cat-file -s 22dc3b937794027ee642bcd3fa5bd9ac3c19b5a5
> git show --textconv :src/Entity/User.php
> git ls-files --stage -- /opt/lampp/htdocs/file_rouge_gp1/src/Entity/User.php
> git cat-file -s e7c117139a286497e246adb3524634311dcb9440
> git show --textconv :src/Entity/Apprenant.php
> git ls-files --stage -- /opt/lampp/htdocs/file_rouge_gp1/src/Entity/Apprenant.php
> git cat-file -s 22dc3b937794027ee642bcd3fa5bd9ac3c19b5a5
> git show --textconv :src/Entity/User.php
> git ls-files --stage -- /opt/lampp/htdocs/file_rouge_gp1/src/Entity/User.php
> git cat-file -s e7c117139a286497e246adb3524634311dcb9440
> git log --format=%H%n%aN%n%aE%n%at%n%ct%n%P%n%B -z -n21 -- /opt/lampp/htdocs/file_rouge_gp1/src/Entity/User.php
> git show --textconv :src/Entity/Promo.php
> git ls-files --stage -- /opt/lampp/htdocs/file_rouge_gp1/src/Entity/Promo.php
> git cat-file -s 653a18f9c9eadd532140b4c9294add4acebd2d19
> git show --textconv :src/Entity/User.php
> git ls-files --stage -- /opt/lampp/htdocs/file_rouge_gp1/src/Entity/User.php
> git cat-file -s e7c117139a286497e246adb3524634311dcb9440
> git show --textconv :src/Entity/Promo.php
> git ls-files --stage -- /opt/lampp/htdocs/file_rouge_gp1/src/Entity/Promo.php
> git cat-file -s 653a18f9c9eadd532140b4c9294add4acebd2d19
> git show --textconv :src/Entity/Groupe.php
> git ls-files --stage -- /opt/lampp/htdocs/file_rouge_gp1/src/Entity/Groupe.php
> git cat-file -s 15792083e1045dbae3da7ade2b833961f851ba9c
> git show --textconv :src/Entity/Promo.php
> git ls-files --stage -- /opt/lampp/htdocs/file_rouge_gp1/src/Entity/Promo.php
> git cat-file -s 653a18f9c9eadd532140b4c9294add4acebd2d19
> git show --textconv :src/Entity/Formateur.php
> git ls-files --stage -- /opt/lampp/htdocs/file_rouge_gp1/src/Entity/Formateur.php
> git cat-file -s 13fbc9e0f7d70ffbfc464c5876a1481890095c0d
> git show --textconv :src/Entity/User.php
> git ls-files --stage -- /opt/lampp/htdocs/file_rouge_gp1/src/Entity/User.php
> git cat-file -s e7c117139a286497e246adb3524634311dcb9440
> git show --textconv :src/Entity/Promo.php
> git ls-files --stage -- /opt/lampp/htdocs/file_rouge_gp1/src/Entity/Promo.php
> git cat-file -s 653a18f9c9eadd532140b4c9294add4acebd2d19
> git show --textconv :src/Entity/User.php
> git ls-files --stage -- /opt/lampp/htdocs/file_rouge_gp1/src/Entity/User.php
> git cat-file -s e7c117139a286497e246adb3524634311dcb9440
> git show --textconv :src/Controller/AdminController.php
> git ls-files --stage -- /opt/lampp/htdocs/file_rouge_gp1/src/Controller/AdminController.php
> git cat-file -s 2fd62e02991eccbae82f95f16c64d18666845cc1
> git show --textconv :src/Controller/UserController.php
> git ls-files --stage -- /opt/lampp/htdocs/file_rouge_gp1/src/Controller/UserController.php
> git cat-file -s 26081a0375f7a121723bfab32c1a00476094a39f
> git show --textconv :src/Entity/User.php
> git ls-files --stage -- /opt/lampp/htdocs/file_rouge_gp1/src/Entity/User.php
> git cat-file -s e7c117139a286497e246adb3524634311dcb9440
> git show --textconv :var/log/dev.log
> git ls-files --stage -- /opt/lampp/htdocs/file_rouge_gp1/var/log/dev.log
> git cat-file -s 413dc69a2c51be011a09745bcced0c7360e74d8a
> git show --textconv :src/Entity/User.php
> git ls-files --stage -- /opt/lampp/htdocs/file_rouge_gp1/src/Entity/User.php
> git cat-file -s e7c117139a286497e246adb3524634311dcb9440
> git show --textconv :src/Entity/Formateur.php
> git ls-files --stage -- /opt/lampp/htdocs/file_rouge_gp1/src/Entity/Formateur.php
> git cat-file -s 13fbc9e0f7d70ffbfc464c5876a1481890095c0d
> git show --textconv :src/Entity/User.php
> git ls-files --stage -- /opt/lampp/htdocs/file_rouge_gp1/src/Entity/User.php
> git cat-file -s e7c117139a286497e246adb3524634311dcb9440
> git show --textconv :src/Entity/Formateur.php
> git ls-files --stage -- /opt/lampp/htdocs/file_rouge_gp1/src/Entity/Formateur.php
> git cat-file -s 13fbc9e0f7d70ffbfc464c5876a1481890095c0d
> git show --textconv :src/Entity/Apprenant.php
> git ls-files --stage -- /opt/lampp/htdocs/file_rouge_gp1/src/Entity/Apprenant.php
> git cat-file -s 22dc3b937794027ee642bcd3fa5bd9ac3c19b5a5
> git show --textconv :src/Entity/Formateur.php
> git ls-files --stage -- /opt/lampp/htdocs/file_rouge_gp1/src/Entity/Formateur.php
> git cat-file -s 13fbc9e0f7d70ffbfc464c5876a1481890095c0d
> git show --textconv :src/Entity/User.php
> git ls-files --stage -- /opt/lampp/htdocs/file_rouge_gp1/src/Entity/User.php
> git cat-file -s e7c117139a286497e246adb3524634311dcb9440
