Recherche de git dans : git
Utilisation de git 2.17.1 à partir de git
> git rev-parse --git-dir
Open repository: /opt/lampp/htdocs/file_rouge_gp1
> git status -z -u
> git check-ignore -v -z --stdin
> git symbolic-ref --short HEAD
> git rev-parse ldab
> git rev-parse --symbolic-full-name ldab@{u}
> git rev-list --left-right ldab...refs/remotes/origin/ldab
> git for-each-ref --sort -committerdate --format %(refname) %(objectname)
> git remote --verbose
Warning: Failed to watch ref '/opt/lampp/htdocs/file_rouge_gp1/.git/refs/remotes/origin/ldab', is most likely packed.
> git config --get commit.template
> git show --textconv :src/Controller/BriefController.php
> git ls-files --stage -- /opt/lampp/htdocs/file_rouge_gp1/src/Controller/BriefController.php
> git cat-file -s 911e6f4f14a5fc38141e42cae9805efe86c07953
> git check-ignore -v -z --stdin
> git show --textconv :src/Entity/Brief.php
> git ls-files --stage -- /opt/lampp/htdocs/file_rouge_gp1/src/Entity/Brief.php
> git cat-file -s f29a67939aafa742c23f9003229bb2e1840f8a03
> git show --textconv :src/Controller/BriefController.php
> git ls-files --stage -- /opt/lampp/htdocs/file_rouge_gp1/src/Controller/BriefController.php
> git cat-file -s 911e6f4f14a5fc38141e42cae9805efe86c07953
> git show --textconv :src/Entity/Brief.php
> git ls-files --stage -- /opt/lampp/htdocs/file_rouge_gp1/src/Entity/Brief.php
> git cat-file -s f29a67939aafa742c23f9003229bb2e1840f8a03
> git show --textconv :src/Controller/BriefController.php
> git ls-files --stage -- /opt/lampp/htdocs/file_rouge_gp1/src/Controller/BriefController.php
> git cat-file -s 911e6f4f14a5fc38141e42cae9805efe86c07953
> git show --textconv :src/Entity/Brief.php
> git ls-files --stage -- /opt/lampp/htdocs/file_rouge_gp1/src/Entity/Brief.php
> git cat-file -s f29a67939aafa742c23f9003229bb2e1840f8a03
> git show --textconv :src/Controller/BriefController.php
> git ls-files --stage -- /opt/lampp/htdocs/file_rouge_gp1/src/Controller/BriefController.php
> git cat-file -s 911e6f4f14a5fc38141e42cae9805efe86c07953
> git show --textconv :src/Entity/Brief.php
> git ls-files --stage -- /opt/lampp/htdocs/file_rouge_gp1/src/Entity/Brief.php
> git cat-file -s f29a67939aafa742c23f9003229bb2e1840f8a03
> git show --textconv :src/Controller/BriefController.php
> git ls-files --stage -- /opt/lampp/htdocs/file_rouge_gp1/src/Controller/BriefController.php
> git cat-file -s 911e6f4f14a5fc38141e42cae9805efe86c07953
> git show --textconv :src/Entity/Brief.php
> git ls-files --stage -- /opt/lampp/htdocs/file_rouge_gp1/src/Entity/Brief.php
> git cat-file -s f29a67939aafa742c23f9003229bb2e1840f8a03
> git show --textconv :src/Entity/PromoBrief.php
> git ls-files --stage -- /opt/lampp/htdocs/file_rouge_gp1/src/Entity/PromoBrief.php
> git cat-file -s 6e6abf0f7f9a70b2e234958d6cc1651a56e882ed
> git show --textconv :src/Controller/BriefController.php
> git ls-files --stage -- /opt/lampp/htdocs/file_rouge_gp1/src/Controller/BriefController.php
> git cat-file -s 911e6f4f14a5fc38141e42cae9805efe86c07953
> git show --textconv :src/Entity/Brief.php
> git ls-files --stage -- /opt/lampp/htdocs/file_rouge_gp1/src/Entity/Brief.php
> git cat-file -s f29a67939aafa742c23f9003229bb2e1840f8a03
> git show --textconv :src/Controller/BriefController.php
> git ls-files --stage -- /opt/lampp/htdocs/file_rouge_gp1/src/Controller/BriefController.php
> git cat-file -s 911e6f4f14a5fc38141e42cae9805efe86c07953
> git show --textconv :src/Entity/Brief.php
> git ls-files --stage -- /opt/lampp/htdocs/file_rouge_gp1/src/Entity/Brief.php
> git cat-file -s f29a67939aafa742c23f9003229bb2e1840f8a03
> git show --textconv :src/Controller/BriefController.php
> git ls-files --stage -- /opt/lampp/htdocs/file_rouge_gp1/src/Controller/BriefController.php
> git cat-file -s 911e6f4f14a5fc38141e42cae9805efe86c07953
> git show --textconv :src/Entity/Brief.php
> git ls-files --stage -- /opt/lampp/htdocs/file_rouge_gp1/src/Entity/Brief.php
> git cat-file -s f29a67939aafa742c23f9003229bb2e1840f8a03
> git show --textconv :src/Controller/BriefController.php
> git ls-files --stage -- /opt/lampp/htdocs/file_rouge_gp1/src/Controller/BriefController.php
> git cat-file -s 911e6f4f14a5fc38141e42cae9805efe86c07953
> git show --textconv :src/Entity/Brief.php
> git ls-files --stage -- /opt/lampp/htdocs/file_rouge_gp1/src/Entity/Brief.php
> git cat-file -s f29a67939aafa742c23f9003229bb2e1840f8a03
> git show --textconv :src/Controller/BriefController.php
> git ls-files --stage -- /opt/lampp/htdocs/file_rouge_gp1/src/Controller/BriefController.php
> git cat-file -s 911e6f4f14a5fc38141e42cae9805efe86c07953
> git show --textconv :src/Entity/Brief.php
> git ls-files --stage -- /opt/lampp/htdocs/file_rouge_gp1/src/Entity/Brief.php
> git cat-file -s f29a67939aafa742c23f9003229bb2e1840f8a03
> git show --textconv :src/Entity/LivrableAttendu.php
> git ls-files --stage -- /opt/lampp/htdocs/file_rouge_gp1/src/Entity/LivrableAttendu.php
> git cat-file -s ad131c104a3dd89b506aa3ca5ccbf81466616c0f
> git show --textconv :src/Entity/Livrable.php
> git ls-files --stage -- /opt/lampp/htdocs/file_rouge_gp1/src/Entity/Livrable.php
> git cat-file -s b4cafdaba8381176d2c98c10f937a4b4fd96f7d9
> git show --textconv :src/Entity/LivrableAttendu.php
> git ls-files --stage -- /opt/lampp/htdocs/file_rouge_gp1/src/Entity/LivrableAttendu.php
> git cat-file -s ad131c104a3dd89b506aa3ca5ccbf81466616c0f
> git show --textconv :src/Entity/Brief.php
> git ls-files --stage -- /opt/lampp/htdocs/file_rouge_gp1/src/Entity/Brief.php
> git cat-file -s f29a67939aafa742c23f9003229bb2e1840f8a03
> git show --textconv :src/Entity/Apprenant.php
> git ls-files --stage -- /opt/lampp/htdocs/file_rouge_gp1/src/Entity/Apprenant.php
> git cat-file -s def280d9720f394dcea974655d6c98cbfce82bed
> git show --textconv :src/Entity/Profilsortie.php
> git ls-files --stage -- /opt/lampp/htdocs/file_rouge_gp1/src/Entity/Profilsortie.php
> git cat-file -s 086f984a57dd7ef97d5a654b13051c9bc75b7778
> git show --textconv :src/Entity/Apprenant.php
> git ls-files --stage -- /opt/lampp/htdocs/file_rouge_gp1/src/Entity/Apprenant.php
> git cat-file -s def280d9720f394dcea974655d6c98cbfce82bed
> git show --textconv :src/Entity/Profilsortie.php
> git ls-files --stage -- /opt/lampp/htdocs/file_rouge_gp1/src/Entity/Profilsortie.php
> git cat-file -s 086f984a57dd7ef97d5a654b13051c9bc75b7778
> git show --textconv :src/Entity/Brief.php
> git ls-files --stage -- /opt/lampp/htdocs/file_rouge_gp1/src/Entity/Brief.php
> git cat-file -s f29a67939aafa742c23f9003229bb2e1840f8a03
> git show --textconv :src/Entity/Ressource.php
> git ls-files --stage -- /opt/lampp/htdocs/file_rouge_gp1/src/Entity/Ressource.php
> git cat-file -s 02f13bd5c32b151588e41499a6dc58a6e2d077ff
> git show --textconv :src/Entity/Brief.php
> git ls-files --stage -- /opt/lampp/htdocs/file_rouge_gp1/src/Entity/Brief.php
> git cat-file -s f29a67939aafa742c23f9003229bb2e1840f8a03
> git show --textconv :src/Entity/PromoBrief.php
> git ls-files --stage -- /opt/lampp/htdocs/file_rouge_gp1/src/Entity/PromoBrief.php
> git cat-file -s 6e6abf0f7f9a70b2e234958d6cc1651a56e882ed
> git show --textconv :src/Entity/Competence.php
> git ls-files --stage -- /opt/lampp/htdocs/file_rouge_gp1/src/Entity/Competence.php
> git cat-file -s 5f22a4ce272d3dabe6d787ec73daf5e8d5f6d701
> git show --textconv :src/Entity/PromoBrief.php
> git ls-files --stage -- /opt/lampp/htdocs/file_rouge_gp1/src/Entity/PromoBrief.php
> git cat-file -s 6e6abf0f7f9a70b2e234958d6cc1651a56e882ed
> git show --textconv :src/Entity/Brief.php
> git ls-files --stage -- /opt/lampp/htdocs/file_rouge_gp1/src/Entity/Brief.php
> git cat-file -s f29a67939aafa742c23f9003229bb2e1840f8a03
> git show --textconv :src/Entity/PromoBrief.php
> git ls-files --stage -- /opt/lampp/htdocs/file_rouge_gp1/src/Entity/PromoBrief.php
> git cat-file -s 6e6abf0f7f9a70b2e234958d6cc1651a56e882ed
> git show --textconv :src/Entity/Promo.php
> git ls-files --stage -- /opt/lampp/htdocs/file_rouge_gp1/src/Entity/Promo.php
> git cat-file -s 2d79f15f97390fe0e79fdb853bfd2b21903ec505
> git show --textconv :src/Entity/PromoBrief.php
> git ls-files --stage -- /opt/lampp/htdocs/file_rouge_gp1/src/Entity/PromoBrief.php
> git cat-file -s 6e6abf0f7f9a70b2e234958d6cc1651a56e882ed
> git show --textconv :src/Entity/Promo.php
> git ls-files --stage -- /opt/lampp/htdocs/file_rouge_gp1/src/Entity/Promo.php
> git cat-file -s 2d79f15f97390fe0e79fdb853bfd2b21903ec505
> git show --textconv :src/Entity/Brief.php
> git ls-files --stage -- /opt/lampp/htdocs/file_rouge_gp1/src/Entity/Brief.php
> git cat-file -s f29a67939aafa742c23f9003229bb2e1840f8a03
> git show --textconv :src/Entity/Referentiel.php
> git ls-files --stage -- /opt/lampp/htdocs/file_rouge_gp1/src/Entity/Referentiel.php
> git cat-file -s 6ea15bb9f43a3aec61b93f569c26e07ad61c1730
> git show --textconv :src/Entity/Brief.php
> git ls-files --stage -- /opt/lampp/htdocs/file_rouge_gp1/src/Entity/Brief.php
> git cat-file -s f29a67939aafa742c23f9003229bb2e1840f8a03
> git show --textconv :src/Entity/Referentiel.php
> git ls-files --stage -- /opt/lampp/htdocs/file_rouge_gp1/src/Entity/Referentiel.php
> git cat-file -s 6ea15bb9f43a3aec61b93f569c26e07ad61c1730
> git show --textconv :src/Entity/Brief.php
> git ls-files --stage -- /opt/lampp/htdocs/file_rouge_gp1/src/Entity/Brief.php
> git cat-file -s f29a67939aafa742c23f9003229bb2e1840f8a03
> git show --textconv :src/Entity/Referentiel.php
> git ls-files --stage -- /opt/lampp/htdocs/file_rouge_gp1/src/Entity/Referentiel.php
> git cat-file -s 6ea15bb9f43a3aec61b93f569c26e07ad61c1730
> git show --textconv :src/Entity/Brief.php
> git ls-files --stage -- /opt/lampp/htdocs/file_rouge_gp1/src/Entity/Brief.php
> git cat-file -s f29a67939aafa742c23f9003229bb2e1840f8a03
> git show --textconv :src/Entity/Niveau.php
> git ls-files --stage -- /opt/lampp/htdocs/file_rouge_gp1/src/Entity/Niveau.php
> git cat-file -s 479ae12bcd94ccb1bc1f494d386d4850cef23b62
> git show --textconv :src/Entity/Competence.php
> git ls-files --stage -- /opt/lampp/htdocs/file_rouge_gp1/src/Entity/Competence.php
> git cat-file -s 5f22a4ce272d3dabe6d787ec73daf5e8d5f6d701
> git show --textconv :src/Entity/Brief.php
> git ls-files --stage -- /opt/lampp/htdocs/file_rouge_gp1/src/Entity/Brief.php
> git cat-file -s f29a67939aafa742c23f9003229bb2e1840f8a03
> git show --textconv :src/Entity/Tag.php
> git ls-files --stage -- /opt/lampp/htdocs/file_rouge_gp1/src/Entity/Tag.php
> git cat-file -s 1df71cc81e006b9e988b7a9c47371ab4b567ca21
> git show --textconv :src/Entity/Brief.php
> git ls-files --stage -- /opt/lampp/htdocs/file_rouge_gp1/src/Entity/Brief.php
> git cat-file -s f29a67939aafa742c23f9003229bb2e1840f8a03
> git show --textconv :src/Entity/Formateur.php
> git ls-files --stage -- /opt/lampp/htdocs/file_rouge_gp1/src/Entity/Formateur.php
> git cat-file -s 921ea2a92b4047765abd7681d0c6eabf66cf0293
> git show --textconv :src/Entity/User.php
> git ls-files --stage -- /opt/lampp/htdocs/file_rouge_gp1/src/Entity/User.php
> git cat-file -s 10602a515d13fc8e15c00e700fadf12e18c40c2c
> git show --textconv :src/Entity/Brief.php
> git ls-files --stage -- /opt/lampp/htdocs/file_rouge_gp1/src/Entity/Brief.php
> git cat-file -s f29a67939aafa742c23f9003229bb2e1840f8a03
> git show --textconv :src/Entity/Groupe.php
> git ls-files --stage -- /opt/lampp/htdocs/file_rouge_gp1/src/Entity/Groupe.php
> git cat-file -s 7ab35efe6be4fdf7ace203257c48974798ff8afe
> git show --textconv :src/Entity/User.php
> git ls-files --stage -- /opt/lampp/htdocs/file_rouge_gp1/src/Entity/User.php
> git cat-file -s 10602a515d13fc8e15c00e700fadf12e18c40c2c
> git show --textconv :src/Entity/Groupe.php
> git ls-files --stage -- /opt/lampp/htdocs/file_rouge_gp1/src/Entity/Groupe.php
> git cat-file -s 7ab35efe6be4fdf7ace203257c48974798ff8afe
> git show --textconv :src/Entity/User.php
> git ls-files --stage -- /opt/lampp/htdocs/file_rouge_gp1/src/Entity/User.php
> git cat-file -s 10602a515d13fc8e15c00e700fadf12e18c40c2c
> git show --textconv :src/Entity/Brief.php
> git ls-files --stage -- /opt/lampp/htdocs/file_rouge_gp1/src/Entity/Brief.php
> git cat-file -s f29a67939aafa742c23f9003229bb2e1840f8a03
> git show --textconv :src/Controller/BriefController.php
> git ls-files --stage -- /opt/lampp/htdocs/file_rouge_gp1/src/Controller/BriefController.php
> git cat-file -s 911e6f4f14a5fc38141e42cae9805efe86c07953
> git show --textconv :src/Entity/Brief.php
> git ls-files --stage -- /opt/lampp/htdocs/file_rouge_gp1/src/Entity/Brief.php
> git cat-file -s f29a67939aafa742c23f9003229bb2e1840f8a03
> git show --textconv :src/Controller/BriefController.php
> git ls-files --stage -- /opt/lampp/htdocs/file_rouge_gp1/src/Controller/BriefController.php
> git cat-file -s 911e6f4f14a5fc38141e42cae9805efe86c07953
> git show --textconv :src/Entity/Brief.php
> git ls-files --stage -- /opt/lampp/htdocs/file_rouge_gp1/src/Entity/Brief.php
> git cat-file -s f29a67939aafa742c23f9003229bb2e1840f8a03
> git show --textconv :src/Controller/BriefController.php
> git ls-files --stage -- /opt/lampp/htdocs/file_rouge_gp1/src/Controller/BriefController.php
> git cat-file -s 911e6f4f14a5fc38141e42cae9805efe86c07953
> git show --textconv :src/Entity/Brief.php
> git ls-files --stage -- /opt/lampp/htdocs/file_rouge_gp1/src/Entity/Brief.php
> git cat-file -s f29a67939aafa742c23f9003229bb2e1840f8a03
> git show --textconv :src/Controller/BriefController.php
> git ls-files --stage -- /opt/lampp/htdocs/file_rouge_gp1/src/Controller/BriefController.php
> git cat-file -s 911e6f4f14a5fc38141e42cae9805efe86c07953
> git show --textconv :src/Entity/Brief.php
> git ls-files --stage -- /opt/lampp/htdocs/file_rouge_gp1/src/Entity/Brief.php
> git cat-file -s f29a67939aafa742c23f9003229bb2e1840f8a03
> git show --textconv :src/Controller/BriefController.php
> git ls-files --stage -- /opt/lampp/htdocs/file_rouge_gp1/src/Controller/BriefController.php
> git cat-file -s 911e6f4f14a5fc38141e42cae9805efe86c07953
> git show --textconv :src/Entity/Brief.php
> git ls-files --stage -- /opt/lampp/htdocs/file_rouge_gp1/src/Entity/Brief.php
> git cat-file -s f29a67939aafa742c23f9003229bb2e1840f8a03
> git show --textconv :src/Entity/LivrablePartiel.php
> git ls-files --stage -- /opt/lampp/htdocs/file_rouge_gp1/src/Entity/LivrablePartiel.php
> git cat-file -s f6fb5b635abd6a79950d455c0215d0160249f80d
> git show --textconv :src/Entity/Brief.php
> git ls-files --stage -- /opt/lampp/htdocs/file_rouge_gp1/src/Entity/Brief.php
> git cat-file -s f29a67939aafa742c23f9003229bb2e1840f8a03
> git show --textconv :src/Entity/LivrablePartiel.php
> git ls-files --stage -- /opt/lampp/htdocs/file_rouge_gp1/src/Entity/LivrablePartiel.php
> git cat-file -s f6fb5b635abd6a79950d455c0215d0160249f80d
> git show --textconv :src/Entity/PromoBrief.php
> git ls-files --stage -- /opt/lampp/htdocs/file_rouge_gp1/src/Entity/PromoBrief.php
> git cat-file -s 6e6abf0f7f9a70b2e234958d6cc1651a56e882ed
> git show --textconv :src/Entity/LivrablePartiel.php
> git ls-files --stage -- /opt/lampp/htdocs/file_rouge_gp1/src/Entity/LivrablePartiel.php
> git cat-file -s f6fb5b635abd6a79950d455c0215d0160249f80d
> git show --textconv :src/Entity/LivrableRendu.php
> git ls-files --stage -- /opt/lampp/htdocs/file_rouge_gp1/src/Entity/LivrableRendu.php
> git cat-file -s a624a1fd3f5d1b83b63b9e840f85d663af1885c8
> git show --textconv :src/Entity/.gitignore
> git ls-files --stage -- /opt/lampp/htdocs/file_rouge_gp1/src/Entity/.gitignore
> git cat-file -s e69de29bb2d1d6434b8b29ae775ad8c2e48c5391
> git show --textconv :src/Entity/Brief.php
> git ls-files --stage -- /opt/lampp/htdocs/file_rouge_gp1/src/Entity/Brief.php
> git cat-file -s f29a67939aafa742c23f9003229bb2e1840f8a03
> git show --textconv :src/Entity/Apprenant.php
> git ls-files --stage -- /opt/lampp/htdocs/file_rouge_gp1/src/Entity/Apprenant.php
> git cat-file -s def280d9720f394dcea974655d6c98cbfce82bed
> git show --textconv :src/Controller/BriefController.php
> git ls-files --stage -- /opt/lampp/htdocs/file_rouge_gp1/src/Controller/BriefController.php
> git cat-file -s 911e6f4f14a5fc38141e42cae9805efe86c07953
> git check-ignore -v -z --stdin
> git show --textconv :src/Security/Voter/BriefVoter.php
> git ls-files --stage -- /opt/lampp/htdocs/file_rouge_gp1/src/Security/Voter/BriefVoter.php
> git show --textconv :src/Security/Voter/CompetenceVoter.php
> git ls-files --stage -- /opt/lampp/htdocs/file_rouge_gp1/src/Security/Voter/CompetenceVoter.php
> git cat-file -s c538e72bdd27d800d673f3c9ef0ddf846492fd10
> git show --textconv :src/Security/Voter/BriefVoter.php
> git ls-files --stage -- /opt/lampp/htdocs/file_rouge_gp1/src/Security/Voter/BriefVoter.php
> git show --textconv :src/Controller/CompetenceController.php
> git ls-files --stage -- /opt/lampp/htdocs/file_rouge_gp1/src/Controller/CompetenceController.php
> git cat-file -s 364929ba13cbd86ca6245cf8a9ed8d4e867575b7
> git show --textconv :src/Controller/BriefController.php
> git ls-files --stage -- /opt/lampp/htdocs/file_rouge_gp1/src/Controller/BriefController.php
> git cat-file -s 911e6f4f14a5fc38141e42cae9805efe86c07953
