Looking for git in: git
Using git 2.17.1 from git
> git rev-parse --show-toplevel
> git rev-parse --git-dir
Open repository: /opt/lampp/htdocs/file_rouge_gp1
> git status -z -u
> git symbolic-ref --short HEAD
> git rev-parse ldab
> git rev-parse --symbolic-full-name ldab@{u}
> git rev-list --left-right ldab...refs/remotes/origin/ldab
> git for-each-ref --sort -committerdate --format %(refname) %(objectname)
> git remote --verbose
> git config --get commit.template
> git show --textconv :src/Controller/UserController.php
> git ls-files --stage -- /opt/lampp/htdocs/file_rouge_gp1/src/Controller/UserController.php
> git cat-file -s ea40c998d134acd5af1c9a578789cddf73699f5b
> git check-ignore -v -z --stdin
> git status -z -u
> git symbolic-ref --short HEAD
> git rev-parse ldab
> git rev-parse --symbolic-full-name ldab@{u}
> git rev-list --left-right ldab...refs/remotes/origin/ldab
> git for-each-ref --sort -committerdate --format %(refname) %(objectname)
> git remote --verbose
> git config --get commit.template
> git show --textconv :src/Controller/ApprenantController.php
> git ls-files --stage -- /opt/lampp/htdocs/file_rouge_gp1/src/Controller/ApprenantController.php
> git cat-file -s f559c62e126dcfd68dfd0eeb315856debac38dd6
> git check-ignore -v -z --stdin
> git show --textconv :src/Controller/UserController.php
> git ls-files --stage -- /opt/lampp/htdocs/file_rouge_gp1/src/Controller/UserController.php
> git cat-file -s ea40c998d134acd5af1c9a578789cddf73699f5b
> git status -z -u
> git symbolic-ref --short HEAD
> git rev-parse ldab
> git rev-parse --symbolic-full-name ldab@{u}
> git rev-list --left-right ldab...refs/remotes/origin/ldab
> git for-each-ref --sort -committerdate --format %(refname) %(objectname)
> git remote --verbose
> git config --get commit.template
> git status -z -u
> git symbolic-ref --short HEAD
> git rev-parse ldab
> git rev-parse --symbolic-full-name ldab@{u}
> git rev-list --left-right ldab...refs/remotes/origin/ldab
> git for-each-ref --sort -committerdate --format %(refname) %(objectname)
> git remote --verbose
> git config --get commit.template
> git status -z -u
> git symbolic-ref --short HEAD
> git rev-parse ldab
> git rev-parse --symbolic-full-name ldab@{u}
> git rev-list --left-right ldab...refs/remotes/origin/ldab
> git for-each-ref --sort -committerdate --format %(refname) %(objectname)
> git remote --verbose
> git config --get commit.template
> git status -z -u
> git symbolic-ref --short HEAD
> git rev-parse ldab
> git rev-parse --symbolic-full-name ldab@{u}
> git rev-list --left-right ldab...refs/remotes/origin/ldab
> git for-each-ref --sort -committerdate --format %(refname) %(objectname)
> git remote --verbose
> git config --get commit.template
> git show --textconv :src/Controller/ApprenantController.php
> git ls-files --stage -- /opt/lampp/htdocs/file_rouge_gp1/src/Controller/ApprenantController.php
> git cat-file -s f559c62e126dcfd68dfd0eeb315856debac38dd6
> git show --textconv :src/Entity/User.php
> git ls-files --stage -- /opt/lampp/htdocs/file_rouge_gp1/src/Entity/User.php
> git cat-file -s b9889f7bebe8d06fdeb900815d52a84008d1602b
> git check-ignore -v -z --stdin
> git show --textconv :src/Controller/UserController.php
> git ls-files --stage -- /opt/lampp/htdocs/file_rouge_gp1/src/Controller/UserController.php
> git cat-file -s ea40c998d134acd5af1c9a578789cddf73699f5b
> git show --textconv :src/Controller/FormateurController.php
> git ls-files --stage -- /opt/lampp/htdocs/file_rouge_gp1/src/Controller/FormateurController.php
> git cat-file -s 4b5729d3c8f438e339b85b62e2f401f50ab4d483
> git check-ignore -v -z --stdin
> git show --textconv :src/Entity/User.php
> git ls-files --stage -- /opt/lampp/htdocs/file_rouge_gp1/src/Entity/User.php
> git cat-file -s b9889f7bebe8d06fdeb900815d52a84008d1602b
> git show --textconv :src/Repository/UserRepository.php
> git ls-files --stage -- /opt/lampp/htdocs/file_rouge_gp1/src/Repository/UserRepository.php
> git cat-file -s 11d8291d8c8b6a411196901849b728dca54230f7
> git check-ignore -v -z --stdin
> git show --textconv :src/Controller/AdminController.php
> git ls-files --stage -- /opt/lampp/htdocs/file_rouge_gp1/src/Controller/AdminController.php
> git cat-file -s bee6e375862f275cb0977c5a26f078136b1b5ed2
> git check-ignore -v -z --stdin
> git show --textconv :src/Repository/UserRepository.php
> git ls-files --stage -- /opt/lampp/htdocs/file_rouge_gp1/src/Repository/UserRepository.php
> git cat-file -s 11d8291d8c8b6a411196901849b728dca54230f7
> git show --textconv :src/Controller/UserController.php
> git ls-files --stage -- /opt/lampp/htdocs/file_rouge_gp1/src/Controller/UserController.php
> git cat-file -s ea40c998d134acd5af1c9a578789cddf73699f5b
> git show --textconv :src/Entity/User.php
> git ls-files --stage -- /opt/lampp/htdocs/file_rouge_gp1/src/Entity/User.php
> git cat-file -s b9889f7bebe8d06fdeb900815d52a84008d1602b
> git show --textconv :src/Controller/UserController.php
> git ls-files --stage -- /opt/lampp/htdocs/file_rouge_gp1/src/Controller/UserController.php
> git cat-file -s ea40c998d134acd5af1c9a578789cddf73699f5b
> git show --textconv :src/Entity/User.php
> git ls-files --stage -- /opt/lampp/htdocs/file_rouge_gp1/src/Entity/User.php
> git cat-file -s b9889f7bebe8d06fdeb900815d52a84008d1602b
> git show --textconv :src/Controller/UserController.php
> git ls-files --stage -- /opt/lampp/htdocs/file_rouge_gp1/src/Controller/UserController.php
> git cat-file -s ea40c998d134acd5af1c9a578789cddf73699f5b
> git show --textconv :src/Entity/User.php
> git ls-files --stage -- /opt/lampp/htdocs/file_rouge_gp1/src/Entity/User.php
> git cat-file -s b9889f7bebe8d06fdeb900815d52a84008d1602b
> git show --textconv :src/Controller/UserController.php
> git ls-files --stage -- /opt/lampp/htdocs/file_rouge_gp1/src/Controller/UserController.php
> git cat-file -s ea40c998d134acd5af1c9a578789cddf73699f5b
> git show --textconv :src/Entity/User.php
> git ls-files --stage -- /opt/lampp/htdocs/file_rouge_gp1/src/Entity/User.php
> git cat-file -s b9889f7bebe8d06fdeb900815d52a84008d1602b
> git check-ignore -v -z --stdin
> git show --textconv :src/Entity/Formateur.php
> git ls-files --stage -- /opt/lampp/htdocs/file_rouge_gp1/src/Entity/Formateur.php
> git show --textconv :src/Entity/Apprenant.php
> git ls-files --stage -- /opt/lampp/htdocs/file_rouge_gp1/src/Entity/Apprenant.php
> git show --textconv :src/Entity/Profil.php
> git ls-files --stage -- /opt/lampp/htdocs/file_rouge_gp1/src/Entity/Profil.php
> git cat-file -s a9f2982ecbb3896f3cce61ea02a3dfcc7bb34ff6
> git show --textconv :src/Entity/Formateur.php
> git ls-files --stage -- /opt/lampp/htdocs/file_rouge_gp1/src/Entity/Formateur.php
> git show --textconv :src/Entity/User.php
> git ls-files --stage -- /opt/lampp/htdocs/file_rouge_gp1/src/Entity/User.php
> git cat-file -s b9889f7bebe8d06fdeb900815d52a84008d1602b
> git show --textconv :src/Entity/Profil.php
> git ls-files --stage -- /opt/lampp/htdocs/file_rouge_gp1/src/Entity/Profil.php
> git cat-file -s a9f2982ecbb3896f3cce61ea02a3dfcc7bb34ff6
> git show --textconv :src/Entity/Formateur.php
> git ls-files --stage -- /opt/lampp/htdocs/file_rouge_gp1/src/Entity/Formateur.php
> git show --textconv :src/Controller/ApprenantController.php
> git ls-files --stage -- /opt/lampp/htdocs/file_rouge_gp1/src/Controller/ApprenantController.php
> git cat-file -s f559c62e126dcfd68dfd0eeb315856debac38dd6
> git show --textconv :src/Controller/UserController.php
> git ls-files --stage -- /opt/lampp/htdocs/file_rouge_gp1/src/Controller/UserController.php
> git cat-file -s ea40c998d134acd5af1c9a578789cddf73699f5b
> git show --textconv :src/Controller/FormateurController.php
> git ls-files --stage -- /opt/lampp/htdocs/file_rouge_gp1/src/Controller/FormateurController.php
> git cat-file -s 4b5729d3c8f438e339b85b62e2f401f50ab4d483
> git show --textconv :src/Controller/AdminController.php
> git ls-files --stage -- /opt/lampp/htdocs/file_rouge_gp1/src/Controller/AdminController.php
> git cat-file -s bee6e375862f275cb0977c5a26f078136b1b5ed2
> git show --textconv :src/Entity/Formateur.php
> git ls-files --stage -- /opt/lampp/htdocs/file_rouge_gp1/src/Entity/Formateur.php
> git show --textconv :src/Entity/Apprenant.php
> git ls-files --stage -- /opt/lampp/htdocs/file_rouge_gp1/src/Entity/Apprenant.php
> git show --textconv :src/Entity/Formateur.php
> git ls-files --stage -- /opt/lampp/htdocs/file_rouge_gp1/src/Entity/Formateur.php
> git show --textconv :src/Entity/Apprenant.php
> git ls-files --stage -- /opt/lampp/htdocs/file_rouge_gp1/src/Entity/Apprenant.php
> git show --textconv :src/Entity/Profil.php
> git ls-files --stage -- /opt/lampp/htdocs/file_rouge_gp1/src/Entity/Profil.php
> git cat-file -s a9f2982ecbb3896f3cce61ea02a3dfcc7bb34ff6
> git show --textconv :src/Entity/User.php
> git ls-files --stage -- /opt/lampp/htdocs/file_rouge_gp1/src/Entity/User.php
> git cat-file -s b9889f7bebe8d06fdeb900815d52a84008d1602b
> git show --textconv :src/Entity/Formateur.php
> git ls-files --stage -- /opt/lampp/htdocs/file_rouge_gp1/src/Entity/Formateur.php
> git show --textconv :src/Entity/Apprenant.php
> git ls-files --stage -- /opt/lampp/htdocs/file_rouge_gp1/src/Entity/Apprenant.php
> git check-ignore -v -z --stdin
> git check-ignore -v -z --stdin
> git check-ignore -v -z --stdin
> git show --textconv :src/Entity/Groupe.php
> git ls-files --stage -- /opt/lampp/htdocs/file_rouge_gp1/src/Entity/Groupe.php
> git show --textconv :src/Entity/Niveau.php
> git ls-files --stage -- /opt/lampp/htdocs/file_rouge_gp1/src/Entity/Niveau.php
> git show --textconv :src/Entity/Profilsortie.php
> git ls-files --stage -- /opt/lampp/htdocs/file_rouge_gp1/src/Entity/Profilsortie.php
> git show --textconv :src/Entity/Groupe.php
> git ls-files --stage -- /opt/lampp/htdocs/file_rouge_gp1/src/Entity/Groupe.php
> git show --textconv :src/Entity/Apprenant.php
> git ls-files --stage -- /opt/lampp/htdocs/file_rouge_gp1/src/Entity/Apprenant.php
> git show --textconv :src/Entity/User.php
> git ls-files --stage -- /opt/lampp/htdocs/file_rouge_gp1/src/Entity/User.php
> git cat-file -s b9889f7bebe8d06fdeb900815d52a84008d1602b
> git show --textconv :src/Entity/Apprenant.php
> git ls-files --stage -- /opt/lampp/htdocs/file_rouge_gp1/src/Entity/Apprenant.php
> git show --textconv :src/Entity/Formateur.php
> git ls-files --stage -- /opt/lampp/htdocs/file_rouge_gp1/src/Entity/Formateur.php
> git show --textconv :src/Entity/Apprenant.php
> git ls-files --stage -- /opt/lampp/htdocs/file_rouge_gp1/src/Entity/Apprenant.php
> git show --textconv :src/Entity/Formateur.php
> git ls-files --stage -- /opt/lampp/htdocs/file_rouge_gp1/src/Entity/Formateur.php
> git check-ignore -v -z --stdin
> git show --textconv :migrations/Version20200726012544.php
> git ls-files --stage -- /opt/lampp/htdocs/file_rouge_gp1/migrations/Version20200726012544.php
> git show --textconv :migrations/Version20200726003757.php
> git ls-files --stage -- /opt/lampp/htdocs/file_rouge_gp1/migrations/Version20200726003757.php
> git show --textconv :migrations/Version20200724174548.php
> git ls-files --stage -- /opt/lampp/htdocs/file_rouge_gp1/migrations/Version20200724174548.php
> git show --textconv :src/Entity/Formateur.php
> git ls-files --stage -- /opt/lampp/htdocs/file_rouge_gp1/src/Entity/Formateur.php
