[Info] /root/.ssh/config: ENOENT: no such file or directory, open '/root/.ssh/config'
[Info] Looking for git repository
[Info] Git repository found, initializing review manager and pr tree view.
[Info] Review> Validate state in progress
[Info] Review> Validating state...
[Info] No remote with name 'upstream' found. Please update your 'githubPullRequests.remotes' setting.
[Info] Found GitHub remote
[Info] Review> no matching pull request metadata found for current branch ldab
[Info] Error signing in to GitHub: Error: network error
[Info] Error: network error
	at t.GitHubServer.getUserInfo (/snap/code/41/usr/share/code/resources/app/extensions/github-authentication/dist/extension.js:1:27683)
	at processTicksAndRejections (internal/process/task_queues.js:85:5)
	at async t.GitHubAuthenticationProvider.tokenToSession (/snap/code/41/usr/share/code/resources/app/extensions/github-authentication/dist/extension.js:1:43767)
	at async t.GitHubAuthenticationProvider.login (/snap/code/41/usr/share/code/resources/app/extensions/github-authentication/dist/extension.js:1:43588)
	at async Object.login (/snap/code/41/usr/share/code/resources/app/extensions/github-authentication/dist/extension.js:1:41317)
	at async t.ExtHostAuthentication.getSession (/snap/code/41/usr/share/code/resources/app/out/vs/workbench/services/extensions/node/extensionHostProcess.js:637:580)
[Info] Error signing in to GitHub: Error: network error
[Info] Error: network error
	at t.GitHubServer.getUserInfo (/snap/code/41/usr/share/code/resources/app/extensions/github-authentication/dist/extension.js:1:27683)
	at processTicksAndRejections (internal/process/task_queues.js:85:5)
	at async t.GitHubAuthenticationProvider.tokenToSession (/snap/code/41/usr/share/code/resources/app/extensions/github-authentication/dist/extension.js:1:43767)
	at async t.GitHubAuthenticationProvider.login (/snap/code/41/usr/share/code/resources/app/extensions/github-authentication/dist/extension.js:1:43588)
	at async Object.login (/snap/code/41/usr/share/code/resources/app/extensions/github-authentication/dist/extension.js:1:41317)
	at async t.ExtHostAuthentication.getSession (/snap/code/41/usr/share/code/resources/app/out/vs/workbench/services/extensions/node/extensionHostProcess.js:637:580)
[Info] Error signing in to GitHub: Error: network error
[Info] Error: network error
	at t.GitHubServer.getUserInfo (/snap/code/41/usr/share/code/resources/app/extensions/github-authentication/dist/extension.js:1:27683)
	at processTicksAndRejections (internal/process/task_queues.js:85:5)
	at async t.GitHubAuthenticationProvider.tokenToSession (/snap/code/41/usr/share/code/resources/app/extensions/github-authentication/dist/extension.js:1:43767)
	at async t.GitHubAuthenticationProvider.login (/snap/code/41/usr/share/code/resources/app/extensions/github-authentication/dist/extension.js:1:43588)
	at async Object.login (/snap/code/41/usr/share/code/resources/app/extensions/github-authentication/dist/extension.js:1:41317)
	at async t.ExtHostAuthentication.getSession (/snap/code/41/usr/share/code/resources/app/out/vs/workbench/services/extensions/node/extensionHostProcess.js:637:580)
[Info] Error signing in to GitHub: Error: network error
[Info] Error: network error
	at t.GitHubServer.getUserInfo (/snap/code/41/usr/share/code/resources/app/extensions/github-authentication/dist/extension.js:1:27683)
	at processTicksAndRejections (internal/process/task_queues.js:85:5)
	at async t.GitHubAuthenticationProvider.tokenToSession (/snap/code/41/usr/share/code/resources/app/extensions/github-authentication/dist/extension.js:1:43767)
	at async t.GitHubAuthenticationProvider.login (/snap/code/41/usr/share/code/resources/app/extensions/github-authentication/dist/extension.js:1:43588)
	at async Object.login (/snap/code/41/usr/share/code/resources/app/extensions/github-authentication/dist/extension.js:1:41317)
	at async t.ExtHostAuthentication.getSession (/snap/code/41/usr/share/code/resources/app/out/vs/workbench/services/extensions/node/extensionHostProcess.js:637:580)
[Info] Error signing in to GitHub: Error: network error
[Info] Error: network error
	at t.GitHubServer.getUserInfo (/snap/code/41/usr/share/code/resources/app/extensions/github-authentication/dist/extension.js:1:27683)
	at runMicrotasks (<anonymous>)
	at processTicksAndRejections (internal/process/task_queues.js:85:5)
	at async t.GitHubAuthenticationProvider.tokenToSession (/snap/code/41/usr/share/code/resources/app/extensions/github-authentication/dist/extension.js:1:43767)
	at async t.GitHubAuthenticationProvider.login (/snap/code/41/usr/share/code/resources/app/extensions/github-authentication/dist/extension.js:1:43588)
	at async Object.login (/snap/code/41/usr/share/code/resources/app/extensions/github-authentication/dist/extension.js:1:41317)
	at async t.ExtHostAuthentication.getSession (/snap/code/41/usr/share/code/resources/app/out/vs/workbench/services/extensions/node/extensionHostProcess.js:637:580)
