Recherche de git dans : git
Utilisation de git 2.17.1 à partir de git
> git rev-parse --git-dir
Open repository: /opt/lampp/htdocs/file_rouge_gp1
> git status -z -u
> git symbolic-ref --short HEAD
> git rev-parse ldab
> git rev-parse --symbolic-full-name ldab@{u}
> git rev-list --left-right ldab...refs/remotes/origin/ldab
> git for-each-ref --sort -committerdate --format %(refname) %(objectname)
> git remote --verbose
> git config --get commit.template
> git show --textconv :src/Controller/BriefController.php
> git ls-files --stage -- /opt/lampp/htdocs/file_rouge_gp1/src/Controller/BriefController.php
> git cat-file -s 32b7628525ec322ebff0654918b9e303bf8c5742
> git check-ignore -v -z --stdin
> git show --textconv :src/Controller/BriefController.php
> git ls-files --stage -- /opt/lampp/htdocs/file_rouge_gp1/src/Controller/BriefController.php
> git cat-file -s 32b7628525ec322ebff0654918b9e303bf8c5742
> git show --textconv 960ccae1~:src/Controller/BriefController.php
> git show --textconv 960ccae1:src/Controller/BriefController.php
> git ls-tree -l 960ccae1~ -- /opt/lampp/htdocs/file_rouge_gp1/src/Controller/BriefController.php
> git ls-tree -l 960ccae1 -- /opt/lampp/htdocs/file_rouge_gp1/src/Controller/BriefController.php
> git check-ignore -v -z --stdin
> git show --textconv 960ccae1~:src/Entity/Niveau.php
> git show --textconv 960ccae1:src/Entity/Niveau.php
> git ls-tree -l 960ccae1~ -- /opt/lampp/htdocs/file_rouge_gp1/src/Entity/Niveau.php
> git ls-tree -l 960ccae1 -- /opt/lampp/htdocs/file_rouge_gp1/src/Entity/Niveau.php
> git check-ignore -v -z --stdin
> git show --textconv 960ccae1~:src/Entity/Ressource.php
> git show --textconv 960ccae1:src/Entity/Ressource.php
> git ls-tree -l 960ccae1~ -- /opt/lampp/htdocs/file_rouge_gp1/src/Entity/Ressource.php
> git ls-tree -l 960ccae1 -- /opt/lampp/htdocs/file_rouge_gp1/src/Entity/Ressource.php
> git check-ignore -v -z --stdin
> git check-ignore -v -z --stdin
> git show --textconv :src/Controller/BriefController.php
> git ls-files --stage -- /opt/lampp/htdocs/file_rouge_gp1/src/Controller/BriefController.php
> git cat-file -s 32b7628525ec322ebff0654918b9e303bf8c5742
> git log --format=%H%n%aN%n%aE%n%at%n%ct%n%P%n%B -z -n21 -- /opt/lampp/htdocs/file_rouge_gp1/src/Controller/BriefController.php
> git show --textconv :src/Controller/PromoController.php
> git ls-files --stage -- /opt/lampp/htdocs/file_rouge_gp1/src/Controller/PromoController.php
> git cat-file -s 0215489fb83d3d128fa188802b44e99e536e36e4
> git show --textconv :src/Controller/BriefController.php
> git ls-files --stage -- /opt/lampp/htdocs/file_rouge_gp1/src/Controller/BriefController.php
> git cat-file -s 32b7628525ec322ebff0654918b9e303bf8c5742
> git check-ignore -v -z --stdin
> git check-ignore -v -z --stdin
> git check-ignore -v -z --stdin
> git check-ignore -v -z --stdin
> git show --textconv :src/Entity/Brief.php
> git ls-files --stage -- /opt/lampp/htdocs/file_rouge_gp1/src/Entity/Brief.php
> git cat-file -s b076e1af8d1f402a7d9bf816d187c5828d2c02e9
> git show --textconv :src/Entity/Promo.php
> git ls-files --stage -- /opt/lampp/htdocs/file_rouge_gp1/src/Entity/Promo.php
> git cat-file -s f5a7c24084d99c93550391f35032879f135a6c36
> git show --textconv :src/Entity/Brief.php
> git ls-files --stage -- /opt/lampp/htdocs/file_rouge_gp1/src/Entity/Brief.php
> git cat-file -s b076e1af8d1f402a7d9bf816d187c5828d2c02e9
> git show --textconv :src/Controller/BriefController.php
> git ls-files --stage -- /opt/lampp/htdocs/file_rouge_gp1/src/Controller/BriefController.php
> git cat-file -s 32b7628525ec322ebff0654918b9e303bf8c5742
> git show --textconv :src/Entity/Profil.php
> git ls-files --stage -- /opt/lampp/htdocs/file_rouge_gp1/src/Entity/Profil.php
> git cat-file -s 940f3b294c4c8f018484fa223852d1fd0099d7a2
> git show --textconv :src/Entity/Brief.php
> git ls-files --stage -- /opt/lampp/htdocs/file_rouge_gp1/src/Entity/Brief.php
> git cat-file -s b076e1af8d1f402a7d9bf816d187c5828d2c02e9
> git show --textconv :src/Controller/BriefController.php
> git ls-files --stage -- /opt/lampp/htdocs/file_rouge_gp1/src/Controller/BriefController.php
> git cat-file -s 32b7628525ec322ebff0654918b9e303bf8c5742
> git show --textconv :src/Entity/Brief.php
> git ls-files --stage -- /opt/lampp/htdocs/file_rouge_gp1/src/Entity/Brief.php
> git cat-file -s b076e1af8d1f402a7d9bf816d187c5828d2c02e9
> git show --textconv :src/Entity/Promo.php
> git ls-files --stage -- /opt/lampp/htdocs/file_rouge_gp1/src/Entity/Promo.php
> git cat-file -s f5a7c24084d99c93550391f35032879f135a6c36
> git show --textconv :src/Entity/Brief.php
> git ls-files --stage -- /opt/lampp/htdocs/file_rouge_gp1/src/Entity/Brief.php
> git cat-file -s b076e1af8d1f402a7d9bf816d187c5828d2c02e9
> git log --format=%H%n%aN%n%aE%n%at%n%ct%n%P%n%B -z -n21 -- /opt/lampp/htdocs/file_rouge_gp1/src/Entity/Brief.php
> git show --textconv :src/Entity/Brief.php
> git ls-files --stage -- /opt/lampp/htdocs/file_rouge_gp1/src/Entity/Brief.php
> git cat-file -s b076e1af8d1f402a7d9bf816d187c5828d2c02e9
> git show --textconv :src/Controller/BriefController.php
> git ls-files --stage -- /opt/lampp/htdocs/file_rouge_gp1/src/Controller/BriefController.php
> git cat-file -s 32b7628525ec322ebff0654918b9e303bf8c5742
> git show --textconv :src/Entity/Promo.php
> git ls-files --stage -- /opt/lampp/htdocs/file_rouge_gp1/src/Entity/Promo.php
> git cat-file -s f5a7c24084d99c93550391f35032879f135a6c36
> git show --textconv :src/Entity/Brief.php
> git ls-files --stage -- /opt/lampp/htdocs/file_rouge_gp1/src/Entity/Brief.php
> git cat-file -s b076e1af8d1f402a7d9bf816d187c5828d2c02e9
> git show --textconv :src/Controller/BriefController.php
> git ls-files --stage -- /opt/lampp/htdocs/file_rouge_gp1/src/Controller/BriefController.php
> git cat-file -s 32b7628525ec322ebff0654918b9e303bf8c5742
> git show --textconv :src/Controller/PromoController.php
> git ls-files --stage -- /opt/lampp/htdocs/file_rouge_gp1/src/Controller/PromoController.php
> git cat-file -s 0215489fb83d3d128fa188802b44e99e536e36e4
> git show --textconv :src/Controller/BriefController.php
> git ls-files --stage -- /opt/lampp/htdocs/file_rouge_gp1/src/Controller/BriefController.php
> git cat-file -s 32b7628525ec322ebff0654918b9e303bf8c5742
> git show --textconv :src/Controller/PromoController.php
> git ls-files --stage -- /opt/lampp/htdocs/file_rouge_gp1/src/Controller/PromoController.php
> git cat-file -s 0215489fb83d3d128fa188802b44e99e536e36e4
> git show --textconv :src/Controller/BriefController.php
> git ls-files --stage -- /opt/lampp/htdocs/file_rouge_gp1/src/Controller/BriefController.php
> git cat-file -s 32b7628525ec322ebff0654918b9e303bf8c5742
> git show --textconv :src/Controller/PromoController.php
> git ls-files --stage -- /opt/lampp/htdocs/file_rouge_gp1/src/Controller/PromoController.php
> git cat-file -s 0215489fb83d3d128fa188802b44e99e536e36e4
> git show --textconv :src/Controller/BriefController.php
> git ls-files --stage -- /opt/lampp/htdocs/file_rouge_gp1/src/Controller/BriefController.php
> git cat-file -s 32b7628525ec322ebff0654918b9e303bf8c5742
> git show --textconv :src/Entity/Brief.php
> git ls-files --stage -- /opt/lampp/htdocs/file_rouge_gp1/src/Entity/Brief.php
> git cat-file -s b076e1af8d1f402a7d9bf816d187c5828d2c02e9
> git show --textconv :src/Controller/BriefController.php
> git ls-files --stage -- /opt/lampp/htdocs/file_rouge_gp1/src/Controller/BriefController.php
> git cat-file -s 32b7628525ec322ebff0654918b9e303bf8c5742
> git show --textconv :src/Entity/Brief.php
> git ls-files --stage -- /opt/lampp/htdocs/file_rouge_gp1/src/Entity/Brief.php
> git cat-file -s b076e1af8d1f402a7d9bf816d187c5828d2c02e9
> git show --textconv :src/Controller/BriefController.php
> git ls-files --stage -- /opt/lampp/htdocs/file_rouge_gp1/src/Controller/BriefController.php
> git cat-file -s 32b7628525ec322ebff0654918b9e303bf8c5742
> git show --textconv :src/Controller/PromoController.php
> git ls-files --stage -- /opt/lampp/htdocs/file_rouge_gp1/src/Controller/PromoController.php
> git cat-file -s 0215489fb83d3d128fa188802b44e99e536e36e4
> git show --textconv :src/Controller/BriefController.php
> git ls-files --stage -- /opt/lampp/htdocs/file_rouge_gp1/src/Controller/BriefController.php
> git cat-file -s 32b7628525ec322ebff0654918b9e303bf8c5742
> git show --textconv :src/Controller/PromoController.php
> git ls-files --stage -- /opt/lampp/htdocs/file_rouge_gp1/src/Controller/PromoController.php
> git cat-file -s 0215489fb83d3d128fa188802b44e99e536e36e4
> git show --textconv :src/Entity/Promo.php
> git ls-files --stage -- /opt/lampp/htdocs/file_rouge_gp1/src/Entity/Promo.php
> git cat-file -s f5a7c24084d99c93550391f35032879f135a6c36
> git show --textconv :src/Entity/Brief.php
> git ls-files --stage -- /opt/lampp/htdocs/file_rouge_gp1/src/Entity/Brief.php
> git cat-file -s b076e1af8d1f402a7d9bf816d187c5828d2c02e9
> git show --textconv :src/Entity/Profil.php
> git ls-files --stage -- /opt/lampp/htdocs/file_rouge_gp1/src/Entity/Profil.php
> git cat-file -s 940f3b294c4c8f018484fa223852d1fd0099d7a2
> git show --textconv :src/Entity/Groupecompetence.php
> git ls-files --stage -- /opt/lampp/htdocs/file_rouge_gp1/src/Entity/Groupecompetence.php
> git cat-file -s d6d7f5104faeaa8a55c84bc4236c96f61b12d728
> git show --textconv :src/Entity/Promo.php
> git ls-files --stage -- /opt/lampp/htdocs/file_rouge_gp1/src/Entity/Promo.php
> git cat-file -s f5a7c24084d99c93550391f35032879f135a6c36
> git show --textconv :src/Entity/Brief.php
> git ls-files --stage -- /opt/lampp/htdocs/file_rouge_gp1/src/Entity/Brief.php
> git cat-file -s b076e1af8d1f402a7d9bf816d187c5828d2c02e9
> git show --textconv :src/Controller/BriefController.php
> git ls-files --stage -- /opt/lampp/htdocs/file_rouge_gp1/src/Controller/BriefController.php
> git cat-file -s 32b7628525ec322ebff0654918b9e303bf8c5742
> git show --textconv :src/Controller/PromoController.php
> git ls-files --stage -- /opt/lampp/htdocs/file_rouge_gp1/src/Controller/PromoController.php
> git cat-file -s 0215489fb83d3d128fa188802b44e99e536e36e4
> git show --textconv :src/Controller/BriefController.php
> git ls-files --stage -- /opt/lampp/htdocs/file_rouge_gp1/src/Controller/BriefController.php
> git cat-file -s 32b7628525ec322ebff0654918b9e303bf8c5742
> git show --textconv :src/Entity/Brief.php
> git ls-files --stage -- /opt/lampp/htdocs/file_rouge_gp1/src/Entity/Brief.php
> git cat-file -s b076e1af8d1f402a7d9bf816d187c5828d2c02e9
> git show --textconv :src/Controller/BriefController.php
> git ls-files --stage -- /opt/lampp/htdocs/file_rouge_gp1/src/Controller/BriefController.php
> git cat-file -s 32b7628525ec322ebff0654918b9e303bf8c5742
> git show --textconv :src/Controller/FormateurController.php
> git ls-files --stage -- /opt/lampp/htdocs/file_rouge_gp1/src/Controller/FormateurController.php
> git cat-file -s 919127f0aace73332bee43af91ea380eac6fbe81
> git show --textconv :src/Controller/BriefController.php
> git ls-files --stage -- /opt/lampp/htdocs/file_rouge_gp1/src/Controller/BriefController.php
> git cat-file -s 32b7628525ec322ebff0654918b9e303bf8c5742
> git show --textconv :src/Controller/FormateurController.php
> git ls-files --stage -- /opt/lampp/htdocs/file_rouge_gp1/src/Controller/FormateurController.php
> git cat-file -s 919127f0aace73332bee43af91ea380eac6fbe81
> git show --textconv :src/Entity/Formateur.php
> git ls-files --stage -- /opt/lampp/htdocs/file_rouge_gp1/src/Entity/Formateur.php
> git cat-file -s 08eebe97592d23f174263178e60e5e2a43f0564d
> git show --textconv :src/Entity/Brief.php
> git ls-files --stage -- /opt/lampp/htdocs/file_rouge_gp1/src/Entity/Brief.php
> git cat-file -s b076e1af8d1f402a7d9bf816d187c5828d2c02e9
> git show --textconv :src/Entity/Formateur.php
> git ls-files --stage -- /opt/lampp/htdocs/file_rouge_gp1/src/Entity/Formateur.php
> git cat-file -s 08eebe97592d23f174263178e60e5e2a43f0564d
> git show --textconv :src/Controller/FormateurController.php
> git ls-files --stage -- /opt/lampp/htdocs/file_rouge_gp1/src/Controller/FormateurController.php
> git cat-file -s 919127f0aace73332bee43af91ea380eac6fbe81
> git show --textconv :src/Entity/Formateur.php
> git ls-files --stage -- /opt/lampp/htdocs/file_rouge_gp1/src/Entity/Formateur.php
> git cat-file -s 08eebe97592d23f174263178e60e5e2a43f0564d
> git show --textconv :src/Entity/CM.php
> git ls-files --stage -- /opt/lampp/htdocs/file_rouge_gp1/src/Entity/CM.php
> git cat-file -s 7a50b69ad53ec9e85f37af984f9c440e216a198a
> git show --textconv :src/Entity/Brief.php
> git ls-files --stage -- /opt/lampp/htdocs/file_rouge_gp1/src/Entity/Brief.php
> git cat-file -s b076e1af8d1f402a7d9bf816d187c5828d2c02e9
> git show --textconv :src/Controller/FormateurController.php
> git ls-files --stage -- /opt/lampp/htdocs/file_rouge_gp1/src/Controller/FormateurController.php
> git cat-file -s 919127f0aace73332bee43af91ea380eac6fbe81
> git show --textconv :src/Entity/Formateur.php
> git ls-files --stage -- /opt/lampp/htdocs/file_rouge_gp1/src/Entity/Formateur.php
> git cat-file -s 08eebe97592d23f174263178e60e5e2a43f0564d
> git show --textconv :src/Entity/Brief.php
> git ls-files --stage -- /opt/lampp/htdocs/file_rouge_gp1/src/Entity/Brief.php
> git cat-file -s b076e1af8d1f402a7d9bf816d187c5828d2c02e9
> git show --textconv :src/Entity/Formateur.php
> git ls-files --stage -- /opt/lampp/htdocs/file_rouge_gp1/src/Entity/Formateur.php
> git cat-file -s 08eebe97592d23f174263178e60e5e2a43f0564d
> git show --textconv :src/Entity/Brief.php
> git ls-files --stage -- /opt/lampp/htdocs/file_rouge_gp1/src/Entity/Brief.php
> git cat-file -s b076e1af8d1f402a7d9bf816d187c5828d2c02e9
> git show --textconv :src/Entity/Formateur.php
> git ls-files --stage -- /opt/lampp/htdocs/file_rouge_gp1/src/Entity/Formateur.php
> git cat-file -s 08eebe97592d23f174263178e60e5e2a43f0564d
> git show --textconv :src/Entity/Brief.php
> git ls-files --stage -- /opt/lampp/htdocs/file_rouge_gp1/src/Entity/Brief.php
> git cat-file -s b076e1af8d1f402a7d9bf816d187c5828d2c02e9
> git show --textconv :src/Entity/Promo.php
> git ls-files --stage -- /opt/lampp/htdocs/file_rouge_gp1/src/Entity/Promo.php
> git cat-file -s f5a7c24084d99c93550391f35032879f135a6c36
> git show --textconv :src/Entity/Brief.php
> git ls-files --stage -- /opt/lampp/htdocs/file_rouge_gp1/src/Entity/Brief.php
> git cat-file -s b076e1af8d1f402a7d9bf816d187c5828d2c02e9
> git show --textconv :src/Entity/LivrableAttendu.php
> git ls-files --stage -- /opt/lampp/htdocs/file_rouge_gp1/src/Entity/LivrableAttendu.php
> git cat-file -s 1f77dcb2a01bae86c4bc5291f16cfba3b2d0763f
> git show --textconv :src/Entity/Brief.php
> git ls-files --stage -- /opt/lampp/htdocs/file_rouge_gp1/src/Entity/Brief.php
> git cat-file -s b076e1af8d1f402a7d9bf816d187c5828d2c02e9
> git show --textconv :src/Entity/LivrableAttendu.php
> git ls-files --stage -- /opt/lampp/htdocs/file_rouge_gp1/src/Entity/LivrableAttendu.php
> git cat-file -s 1f77dcb2a01bae86c4bc5291f16cfba3b2d0763f
> git show --textconv :src/Entity/Livrable.php
> git ls-files --stage -- /opt/lampp/htdocs/file_rouge_gp1/src/Entity/Livrable.php
> git cat-file -s 8a8a0391268ac3cc0ac840bb6d6786ed2cbd570a
> git show --textconv :src/Entity/LivrablePartiel.php
> git ls-files --stage -- /opt/lampp/htdocs/file_rouge_gp1/src/Entity/LivrablePartiel.php
> git cat-file -s 7fe8af112b5075f83de8a3815b085d905a30f808
> git show --textconv :src/Entity/LivrableAttendu.php
> git ls-files --stage -- /opt/lampp/htdocs/file_rouge_gp1/src/Entity/LivrableAttendu.php
> git cat-file -s 1f77dcb2a01bae86c4bc5291f16cfba3b2d0763f
> git show --textconv :src/Entity/Livrable.php
> git ls-files --stage -- /opt/lampp/htdocs/file_rouge_gp1/src/Entity/Livrable.php
> git cat-file -s 8a8a0391268ac3cc0ac840bb6d6786ed2cbd570a
> git show --textconv :src/Entity/Formateur.php
> git ls-files --stage -- /opt/lampp/htdocs/file_rouge_gp1/src/Entity/Formateur.php
> git cat-file -s 08eebe97592d23f174263178e60e5e2a43f0564d
> git show --textconv :src/Entity/Promo.php
> git ls-files --stage -- /opt/lampp/htdocs/file_rouge_gp1/src/Entity/Promo.php
> git cat-file -s f5a7c24084d99c93550391f35032879f135a6c36
> git show --textconv :src/Entity/Formateur.php
> git ls-files --stage -- /opt/lampp/htdocs/file_rouge_gp1/src/Entity/Formateur.php
> git cat-file -s 08eebe97592d23f174263178e60e5e2a43f0564d
> git show --textconv :src/Controller/FormateurController.php
> git ls-files --stage -- /opt/lampp/htdocs/file_rouge_gp1/src/Controller/FormateurController.php
> git cat-file -s 919127f0aace73332bee43af91ea380eac6fbe81
> git show --textconv :src/Controller/BriefController.php
> git ls-files --stage -- /opt/lampp/htdocs/file_rouge_gp1/src/Controller/BriefController.php
> git cat-file -s 32b7628525ec322ebff0654918b9e303bf8c5742
> git show --textconv :src/Controller/FormateurController.php
> git ls-files --stage -- /opt/lampp/htdocs/file_rouge_gp1/src/Controller/FormateurController.php
> git cat-file -s 919127f0aace73332bee43af91ea380eac6fbe81
> git show --textconv :src/Entity/Formateur.php
> git ls-files --stage -- /opt/lampp/htdocs/file_rouge_gp1/src/Entity/Formateur.php
> git cat-file -s 08eebe97592d23f174263178e60e5e2a43f0564d
> git check-ignore -v -z --stdin
> git show --textconv :src/EventListener/LoginListener.php
> git ls-files --stage -- /opt/lampp/htdocs/file_rouge_gp1/src/EventListener/LoginListener.php
> git cat-file -s 3e7020c12628e172ec23916293f3d33d632735d8
> git show --textconv :src/Entity/PromoBriefApprenant.php
> git ls-files --stage -- /opt/lampp/htdocs/file_rouge_gp1/src/Entity/PromoBriefApprenant.php
> git cat-file -s b4a2108e91ad2ae16d6c816207509ccab89eecad
> git show --textconv :src/Security/Voter/CompetenceVoter.php
> git ls-files --stage -- /opt/lampp/htdocs/file_rouge_gp1/src/Security/Voter/CompetenceVoter.php
> git cat-file -s c538e72bdd27d800d673f3c9ef0ddf846492fd10
> git check-ignore -v -z --stdin
> git show --textconv :src/Controller/FormateurController.php
> git ls-files --stage -- /opt/lampp/htdocs/file_rouge_gp1/src/Controller/FormateurController.php
> git cat-file -s 919127f0aace73332bee43af91ea380eac6fbe81
> git show --textconv :src/Security/Voter/CompetenceVoter.php
> git ls-files --stage -- /opt/lampp/htdocs/file_rouge_gp1/src/Security/Voter/CompetenceVoter.php
> git cat-file -s c538e72bdd27d800d673f3c9ef0ddf846492fd10
> git show --textconv :src/Controller/FormateurController.php
> git ls-files --stage -- /opt/lampp/htdocs/file_rouge_gp1/src/Controller/FormateurController.php
> git cat-file -s 919127f0aace73332bee43af91ea380eac6fbe81
> git show --textconv :src/Security/Voter/ProfilVoter.php
> git ls-files --stage -- /opt/lampp/htdocs/file_rouge_gp1/src/Security/Voter/ProfilVoter.php
> git cat-file -s 4b6e12f65d2c03b06849e56f2f48bc1ba08d70f0
> git show --textconv :src/Controller/FormateurController.php
> git ls-files --stage -- /opt/lampp/htdocs/file_rouge_gp1/src/Controller/FormateurController.php
> git cat-file -s 919127f0aace73332bee43af91ea380eac6fbe81
> git show --textconv :src/Controller/PromoController.php
> git ls-files --stage -- /opt/lampp/htdocs/file_rouge_gp1/src/Controller/PromoController.php
> git cat-file -s 0215489fb83d3d128fa188802b44e99e536e36e4
> git show --textconv :src/Controller/FormateurController.php
> git ls-files --stage -- /opt/lampp/htdocs/file_rouge_gp1/src/Controller/FormateurController.php
> git cat-file -s 919127f0aace73332bee43af91ea380eac6fbe81
> git show --textconv :src/Security/Voter/ReferentielVoter.php
> git ls-files --stage -- /opt/lampp/htdocs/file_rouge_gp1/src/Security/Voter/ReferentielVoter.php
> git cat-file -s c7c0eb385445c0c43dcc26869b8689ae71475b15
> git show --textconv :src/Controller/FormateurController.php
> git ls-files --stage -- /opt/lampp/htdocs/file_rouge_gp1/src/Controller/FormateurController.php
> git cat-file -s 919127f0aace73332bee43af91ea380eac6fbe81
> git show --textconv :src/Entity/Formateur.php
> git ls-files --stage -- /opt/lampp/htdocs/file_rouge_gp1/src/Entity/Formateur.php
> git cat-file -s 08eebe97592d23f174263178e60e5e2a43f0564d
> git show --textconv :src/Controller/FormateurController.php
> git ls-files --stage -- /opt/lampp/htdocs/file_rouge_gp1/src/Controller/FormateurController.php
> git cat-file -s 919127f0aace73332bee43af91ea380eac6fbe81
> git show --textconv :src/Entity/Formateur.php
> git ls-files --stage -- /opt/lampp/htdocs/file_rouge_gp1/src/Entity/Formateur.php
> git cat-file -s 08eebe97592d23f174263178e60e5e2a43f0564d
> git show --textconv :config/packages/security.yaml
> git ls-files --stage -- /opt/lampp/htdocs/file_rouge_gp1/config/packages/security.yaml
> git cat-file -s 80e602f3170162e39b097acfa6db0d887e62fb4a
> git check-ignore -v -z --stdin
> git show --textconv :src/Entity/Brief.php
> git ls-files --stage -- /opt/lampp/htdocs/file_rouge_gp1/src/Entity/Brief.php
> git cat-file -s b076e1af8d1f402a7d9bf816d187c5828d2c02e9
> git show --textconv :src/Entity/LivrableAttendu.php
> git ls-files --stage -- /opt/lampp/htdocs/file_rouge_gp1/src/Entity/LivrableAttendu.php
> git cat-file -s 1f77dcb2a01bae86c4bc5291f16cfba3b2d0763f
> git show --textconv :src/Entity/LivrablePartiel.php
> git ls-files --stage -- /opt/lampp/htdocs/file_rouge_gp1/src/Entity/LivrablePartiel.php
> git cat-file -s 7fe8af112b5075f83de8a3815b085d905a30f808
> git show --textconv :src/Entity/LivrableRendu.php
> git ls-files --stage -- /opt/lampp/htdocs/file_rouge_gp1/src/Entity/LivrableRendu.php
> git cat-file -s a624a1fd3f5d1b83b63b9e840f85d663af1885c8
> git show --textconv :src/Entity/Niveau.php
> git ls-files --stage -- /opt/lampp/htdocs/file_rouge_gp1/src/Entity/Niveau.php
> git cat-file -s 82efbe64184ecd9c91f41284c60cbcc749c1329b
> git show --textconv :src/Entity/LivrableAttendu.php
> git ls-files --stage -- /opt/lampp/htdocs/file_rouge_gp1/src/Entity/LivrableAttendu.php
> git cat-file -s 1f77dcb2a01bae86c4bc5291f16cfba3b2d0763f
> git show --textconv :src/Entity/Referentiel.php
> git ls-files --stage -- /opt/lampp/htdocs/file_rouge_gp1/src/Entity/Referentiel.php
> git cat-file -s 7404a0dda30c2a5fb7ba1005bac473ee6042a5f6
> git show --textconv :src/Entity/Ressource.php
> git ls-files --stage -- /opt/lampp/htdocs/file_rouge_gp1/src/Entity/Ressource.php
> git cat-file -s cffd711a6759a1cf1dac0e264bdde9518c8f6d92
> git show --textconv :src/Entity/Formateur.php
> git ls-files --stage -- /opt/lampp/htdocs/file_rouge_gp1/src/Entity/Formateur.php
> git cat-file -s 08eebe97592d23f174263178e60e5e2a43f0564d
> git show --textconv :config/packages/security.yaml
> git ls-files --stage -- /opt/lampp/htdocs/file_rouge_gp1/config/packages/security.yaml
> git cat-file -s 80e602f3170162e39b097acfa6db0d887e62fb4a
> git show --textconv :src/Entity/Formateur.php
> git ls-files --stage -- /opt/lampp/htdocs/file_rouge_gp1/src/Entity/Formateur.php
> git cat-file -s 08eebe97592d23f174263178e60e5e2a43f0564d
> git show --textconv :src/Entity/Brief.php
> git ls-files --stage -- /opt/lampp/htdocs/file_rouge_gp1/src/Entity/Brief.php
> git cat-file -s b076e1af8d1f402a7d9bf816d187c5828d2c02e9
> git show --textconv :src/Entity/Formateur.php
> git ls-files --stage -- /opt/lampp/htdocs/file_rouge_gp1/src/Entity/Formateur.php
> git cat-file -s 08eebe97592d23f174263178e60e5e2a43f0564d
> git show --textconv :src/Entity/Promo.php
> git ls-files --stage -- /opt/lampp/htdocs/file_rouge_gp1/src/Entity/Promo.php
> git cat-file -s f5a7c24084d99c93550391f35032879f135a6c36
> git show --textconv :src/Entity/Groupe.php
> git ls-files --stage -- /opt/lampp/htdocs/file_rouge_gp1/src/Entity/Groupe.php
> git cat-file -s c99981c7b88350fc3a44c498704c8f88eb984c57
> git show --textconv :src/Entity/Formateur.php
> git ls-files --stage -- /opt/lampp/htdocs/file_rouge_gp1/src/Entity/Formateur.php
> git cat-file -s 08eebe97592d23f174263178e60e5e2a43f0564d
> git show --textconv :src/Entity/PromoBrief.php
> git ls-files --stage -- /opt/lampp/htdocs/file_rouge_gp1/src/Entity/PromoBrief.php
> git cat-file -s b3c328fc4b91c9ec9da3470c937c21bcb273dac1
> git show --textconv :src/Entity/Promo.php
> git ls-files --stage -- /opt/lampp/htdocs/file_rouge_gp1/src/Entity/Promo.php
> git cat-file -s f5a7c24084d99c93550391f35032879f135a6c36
> git show --textconv :src/Entity/Formateur.php
> git ls-files --stage -- /opt/lampp/htdocs/file_rouge_gp1/src/Entity/Formateur.php
> git cat-file -s 08eebe97592d23f174263178e60e5e2a43f0564d
> git show --textconv :src/Entity/Brief.php
> git ls-files --stage -- /opt/lampp/htdocs/file_rouge_gp1/src/Entity/Brief.php
> git cat-file -s b076e1af8d1f402a7d9bf816d187c5828d2c02e9
> git show --textconv :config/packages/security.yaml
> git ls-files --stage -- /opt/lampp/htdocs/file_rouge_gp1/config/packages/security.yaml
> git cat-file -s 80e602f3170162e39b097acfa6db0d887e62fb4a
> git show --textconv :src/Entity/Formateur.php
> git ls-files --stage -- /opt/lampp/htdocs/file_rouge_gp1/src/Entity/Formateur.php
> git cat-file -s 08eebe97592d23f174263178e60e5e2a43f0564d
> git show --textconv :src/Controller/FormateurController.php
> git ls-files --stage -- /opt/lampp/htdocs/file_rouge_gp1/src/Controller/FormateurController.php
> git cat-file -s 919127f0aace73332bee43af91ea380eac6fbe81
> git show --textconv :src/Entity/Formateur.php
> git ls-files --stage -- /opt/lampp/htdocs/file_rouge_gp1/src/Entity/Formateur.php
> git cat-file -s 08eebe97592d23f174263178e60e5e2a43f0564d
> git show --textconv :src/Controller/FormateurController.php
> git ls-files --stage -- /opt/lampp/htdocs/file_rouge_gp1/src/Controller/FormateurController.php
> git cat-file -s 919127f0aace73332bee43af91ea380eac6fbe81
> git show --textconv :src/Entity/LivrableAttendu.php
> git ls-files --stage -- /opt/lampp/htdocs/file_rouge_gp1/src/Entity/LivrableAttendu.php
> git cat-file -s 1f77dcb2a01bae86c4bc5291f16cfba3b2d0763f
> git show --textconv :src/Entity/Ressource.php
> git ls-files --stage -- /opt/lampp/htdocs/file_rouge_gp1/src/Entity/Ressource.php
> git cat-file -s cffd711a6759a1cf1dac0e264bdde9518c8f6d92
> git show --textconv :src/Controller/FormateurController.php
> git ls-files --stage -- /opt/lampp/htdocs/file_rouge_gp1/src/Controller/FormateurController.php
> git cat-file -s 919127f0aace73332bee43af91ea380eac6fbe81
> git show --textconv :src/Entity/Groupe.php
> git ls-files --stage -- /opt/lampp/htdocs/file_rouge_gp1/src/Entity/Groupe.php
> git cat-file -s c99981c7b88350fc3a44c498704c8f88eb984c57
> git show --textconv :src/Entity/Formateur.php
> git ls-files --stage -- /opt/lampp/htdocs/file_rouge_gp1/src/Entity/Formateur.php
> git cat-file -s 08eebe97592d23f174263178e60e5e2a43f0564d
> git show --textconv :src/Controller/FormateurController.php
> git ls-files --stage -- /opt/lampp/htdocs/file_rouge_gp1/src/Controller/FormateurController.php
> git cat-file -s 919127f0aace73332bee43af91ea380eac6fbe81
> git show --textconv :src/Controller/ReferentielController.php
> git ls-files --stage -- /opt/lampp/htdocs/file_rouge_gp1/src/Controller/ReferentielController.php
> git cat-file -s c96fd9ae733552745f3e519c2b743446c4aacede
> git show --textconv :src/Controller/FormateurController.php
> git ls-files --stage -- /opt/lampp/htdocs/file_rouge_gp1/src/Controller/FormateurController.php
> git cat-file -s 919127f0aace73332bee43af91ea380eac6fbe81
> git show --textconv :src/Entity/Formateur.php
> git ls-files --stage -- /opt/lampp/htdocs/file_rouge_gp1/src/Entity/Formateur.php
> git cat-file -s 08eebe97592d23f174263178e60e5e2a43f0564d
> git show --textconv :src/Controller/FormateurController.php
> git ls-files --stage -- /opt/lampp/htdocs/file_rouge_gp1/src/Controller/FormateurController.php
> git cat-file -s 919127f0aace73332bee43af91ea380eac6fbe81
> git show --textconv :src/Entity/Formateur.php
> git ls-files --stage -- /opt/lampp/htdocs/file_rouge_gp1/src/Entity/Formateur.php
> git cat-file -s 08eebe97592d23f174263178e60e5e2a43f0564d
> git show --textconv :src/Controller/FormateurController.php
> git ls-files --stage -- /opt/lampp/htdocs/file_rouge_gp1/src/Controller/FormateurController.php
> git cat-file -s 919127f0aace73332bee43af91ea380eac6fbe81
> git rev-parse ldab
> git rev-parse --symbolic-full-name ldab@{u}
> git rev-list --left-right ldab...refs/remotes/origin/ldab
> git rev-parse ldab
> git rev-parse --symbolic-full-name ldab@{u}
> git rev-list --left-right ldab...refs/remotes/origin/ldab
> git rev-parse ldab
> git rev-parse --symbolic-full-name ldab@{u}
> git rev-list --left-right ldab...refs/remotes/origin/ldab
> git show --textconv :src/Controller/FormateurController.php
> git ls-files --stage -- /opt/lampp/htdocs/file_rouge_gp1/src/Controller/FormateurController.php
> git cat-file -s 919127f0aace73332bee43af91ea380eac6fbe81
> git show --textconv :src/Controller/FormateurController.php
> git ls-files --stage -- /opt/lampp/htdocs/file_rouge_gp1/src/Controller/FormateurController.php
> git cat-file -s 919127f0aace73332bee43af91ea380eac6fbe81
> git show --textconv :src/Controller/FormateurController.php
> git ls-files --stage -- /opt/lampp/htdocs/file_rouge_gp1/src/Controller/FormateurController.php
> git cat-file -s 919127f0aace73332bee43af91ea380eac6fbe81
> git show --textconv :src/Controller/UserController.php
> git ls-files --stage -- /opt/lampp/htdocs/file_rouge_gp1/src/Controller/UserController.php
> git cat-file -s d54a2d51eb7baadc0c222c19da7687c2fede513f
> git show --textconv :src/Repository/ProfilRepository.php
> git ls-files --stage -- /opt/lampp/htdocs/file_rouge_gp1/src/Repository/ProfilRepository.php
> git cat-file -s 402b31b568a63d84009af03188549ec51fd0c042
> git check-ignore -v -z --stdin
> git show --textconv :src/Repository/LivrablePartielRepository.php
> git ls-files --stage -- /opt/lampp/htdocs/file_rouge_gp1/src/Repository/LivrablePartielRepository.php
> git cat-file -s d8ed0cdc73a5fe53b57d244f488d243643fb6fce
> git show --textconv :src/Repository/CommentaireRepository.php
> git ls-files --stage -- /opt/lampp/htdocs/file_rouge_gp1/src/Repository/CommentaireRepository.php
> git cat-file -s d6806a73724d2ec8c0e2c3b6d4235378d359b628
> git show --textconv :src/Repository/LivrableAttenduRepository.php
> git ls-files --stage -- /opt/lampp/htdocs/file_rouge_gp1/src/Repository/LivrableAttenduRepository.php
> git cat-file -s f52575aad96bcb14afd5070496d70eefdaa9c29f
> git show --textconv :src/Repository/ProfilRepository.php
> git ls-files --stage -- /opt/lampp/htdocs/file_rouge_gp1/src/Repository/ProfilRepository.php
> git cat-file -s 402b31b568a63d84009af03188549ec51fd0c042
> git status -z -u
> git symbolic-ref --short HEAD
> git rev-parse ldab
> git rev-parse --symbolic-full-name ldab@{u}
> git rev-list --left-right ldab...refs/remotes/origin/ldab
> git for-each-ref --sort -committerdate --format %(refname) %(objectname)
> git remote --verbose
> git config --get commit.template
> git status -z -u
> git symbolic-ref --short HEAD
> git rev-parse ldab
> git rev-parse --symbolic-full-name ldab@{u}
> git rev-list --left-right ldab...refs/remotes/origin/ldab
> git for-each-ref --sort -committerdate --format %(refname) %(objectname)
> git remote --verbose
> git config --get commit.template
> git rev-parse ldab
> git rev-parse --symbolic-full-name ldab@{u}
> git rev-list --left-right ldab...refs/remotes/origin/ldab
> git rev-parse ldab
> git rev-parse --symbolic-full-name ldab@{u}
> git rev-list --left-right ldab...refs/remotes/origin/ldab
> git status -z -u
> git symbolic-ref --short HEAD
> git rev-parse ldab
> git rev-parse --symbolic-full-name ldab@{u}
> git rev-list --left-right ldab...refs/remotes/origin/ldab
> git for-each-ref --sort -committerdate --format %(refname) %(objectname)
> git remote --verbose
> git config --get commit.template
> git show --textconv :src/Repository/ProfilRepository.php
> git ls-files --stage -- /opt/lampp/htdocs/file_rouge_gp1/src/Repository/ProfilRepository.php
> git cat-file -s 402b31b568a63d84009af03188549ec51fd0c042
> git show --textconv :src/Repository/LivrableAttenduRepository.php
> git ls-files --stage -- /opt/lampp/htdocs/file_rouge_gp1/src/Repository/LivrableAttenduRepository.php
> git cat-file -s f52575aad96bcb14afd5070496d70eefdaa9c29f
> git show --textconv :src/Controller/FormateurController.php
> git ls-files --stage -- /opt/lampp/htdocs/file_rouge_gp1/src/Controller/FormateurController.php
> git cat-file -s 919127f0aace73332bee43af91ea380eac6fbe81
git.getSCMResource.uri file:///opt/lampp/htdocs/file_rouge_gp1/src/Controller/FormateurController.php
repo root /opt/lampp/htdocs/file_rouge_gp1
> git show --textconv HEAD:src/Controller/FormateurController.php
> git ls-tree -l HEAD -- /opt/lampp/htdocs/file_rouge_gp1/src/Controller/FormateurController.php
> git log --format=%H%n%aN%n%aE%n%at%n%ct%n%P%n%B -z -n21 -- /opt/lampp/htdocs/file_rouge_gp1/src/Controller/FormateurController.php
> git status -z -u
> git symbolic-ref --short HEAD
> git rev-parse ldab
> git rev-parse --symbolic-full-name ldab@{u}
> git rev-list --left-right ldab...refs/remotes/origin/ldab
> git for-each-ref --sort -committerdate --format %(refname) %(objectname)
> git remote --verbose
> git config --get commit.template
> git rev-parse ldab
> git rev-parse --symbolic-full-name ldab@{u}
> git rev-list --left-right ldab...refs/remotes/origin/ldab
> git rev-parse ldab
> git rev-parse --symbolic-full-name ldab@{u}
> git rev-list --left-right ldab...refs/remotes/origin/ldab
> git rev-parse ldab
> git rev-parse --symbolic-full-name ldab@{u}
> git rev-list --left-right ldab...refs/remotes/origin/ldab
> git ls-tree -l HEAD -- /opt/lampp/htdocs/file_rouge_gp1/src/Controller/FormateurController.php
> git log --format=%H%n%aN%n%aE%n%at%n%ct%n%P%n%B -z -n21 -- /opt/lampp/htdocs/file_rouge_gp1/src/Controller/FormateurController.php
> git show --textconv :src/Controller/FormateurController.php
> git ls-files --stage -- /opt/lampp/htdocs/file_rouge_gp1/src/Controller/FormateurController.php
> git cat-file -s 919127f0aace73332bee43af91ea380eac6fbe81
> git show --textconv :src/Entity/Promo.php
> git ls-files --stage -- /opt/lampp/htdocs/file_rouge_gp1/src/Entity/Promo.php
> git cat-file -s f5a7c24084d99c93550391f35032879f135a6c36
> git show --textconv :src/Controller/FormateurController.php
> git ls-files --stage -- /opt/lampp/htdocs/file_rouge_gp1/src/Controller/FormateurController.php
> git cat-file -s 919127f0aace73332bee43af91ea380eac6fbe81
> git show --textconv :src/Entity/Groupe.php
> git ls-files --stage -- /opt/lampp/htdocs/file_rouge_gp1/src/Entity/Groupe.php
> git cat-file -s c99981c7b88350fc3a44c498704c8f88eb984c57
> git show --textconv :src/Controller/FormateurController.php
> git ls-files --stage -- /opt/lampp/htdocs/file_rouge_gp1/src/Controller/FormateurController.php
> git cat-file -s 919127f0aace73332bee43af91ea380eac6fbe81
> git show --textconv :src/Controller/FormateurController.php
> git ls-files --stage -- /opt/lampp/htdocs/file_rouge_gp1/src/Controller/FormateurController.php
> git cat-file -s 919127f0aace73332bee43af91ea380eac6fbe81
> git show --textconv :src/Controller/FormateurController.php
> git ls-files --stage -- /opt/lampp/htdocs/file_rouge_gp1/src/Controller/FormateurController.php
> git cat-file -s 919127f0aace73332bee43af91ea380eac6fbe81
> git log --format=%H%n%aN%n%aE%n%at%n%ct%n%P%n%B -z -n21 -- /opt/lampp/htdocs/file_rouge_gp1/src/Controller/FormateurController.php
> git show --textconv :src/Entity/Brief.php
> git ls-files --stage -- /opt/lampp/htdocs/file_rouge_gp1/src/Entity/Brief.php
> git cat-file -s b076e1af8d1f402a7d9bf816d187c5828d2c02e9
> git show --textconv :src/Controller/FormateurController.php
> git ls-files --stage -- /opt/lampp/htdocs/file_rouge_gp1/src/Controller/FormateurController.php
> git cat-file -s 919127f0aace73332bee43af91ea380eac6fbe81
> git show --textconv :src/Entity/Formateur.php
> git ls-files --stage -- /opt/lampp/htdocs/file_rouge_gp1/src/Entity/Formateur.php
> git cat-file -s 08eebe97592d23f174263178e60e5e2a43f0564d
> git show --textconv :src/Entity/Brief.php
> git ls-files --stage -- /opt/lampp/htdocs/file_rouge_gp1/src/Entity/Brief.php
> git cat-file -s b076e1af8d1f402a7d9bf816d187c5828d2c02e9
> git show --textconv :src/Entity/Groupe.php
> git ls-files --stage -- /opt/lampp/htdocs/file_rouge_gp1/src/Entity/Groupe.php
> git cat-file -s c99981c7b88350fc3a44c498704c8f88eb984c57
> git show --textconv :src/Entity/Brief.php
> git ls-files --stage -- /opt/lampp/htdocs/file_rouge_gp1/src/Entity/Brief.php
> git cat-file -s b076e1af8d1f402a7d9bf816d187c5828d2c02e9
> git show --textconv :src/Controller/FormateurController.php
> git ls-files --stage -- /opt/lampp/htdocs/file_rouge_gp1/src/Controller/FormateurController.php
> git cat-file -s 919127f0aace73332bee43af91ea380eac6fbe81
> git show --textconv :src/Controller/BriefController.php
> git ls-files --stage -- /opt/lampp/htdocs/file_rouge_gp1/src/Controller/BriefController.php
> git cat-file -s 32b7628525ec322ebff0654918b9e303bf8c5742
> git show --textconv :src/Controller/FormateurController.php
> git ls-files --stage -- /opt/lampp/htdocs/file_rouge_gp1/src/Controller/FormateurController.php
> git cat-file -s 919127f0aace73332bee43af91ea380eac6fbe81
> git show --textconv :src/Controller/BriefController.php
> git ls-files --stage -- /opt/lampp/htdocs/file_rouge_gp1/src/Controller/BriefController.php
> git cat-file -s 32b7628525ec322ebff0654918b9e303bf8c5742
> git show --textconv :src/Controller/FormateurController.php
> git ls-files --stage -- /opt/lampp/htdocs/file_rouge_gp1/src/Controller/FormateurController.php
> git cat-file -s 919127f0aace73332bee43af91ea380eac6fbe81
> git show --textconv :config/packages/security.yaml
> git ls-files --stage -- /opt/lampp/htdocs/file_rouge_gp1/config/packages/security.yaml
> git cat-file -s 80e602f3170162e39b097acfa6db0d887e62fb4a
> git show --textconv :src/Controller/FormateurController.php
> git ls-files --stage -- /opt/lampp/htdocs/file_rouge_gp1/src/Controller/FormateurController.php
> git cat-file -s 919127f0aace73332bee43af91ea380eac6fbe81
> git show --textconv :src/Entity/Formateur.php
> git ls-files --stage -- /opt/lampp/htdocs/file_rouge_gp1/src/Entity/Formateur.php
> git cat-file -s 08eebe97592d23f174263178e60e5e2a43f0564d
> git show --textconv :src/Controller/FormateurController.php
> git ls-files --stage -- /opt/lampp/htdocs/file_rouge_gp1/src/Controller/FormateurController.php
> git cat-file -s 919127f0aace73332bee43af91ea380eac6fbe81
> git show --textconv :src/Controller/BriefController.php
> git ls-files --stage -- /opt/lampp/htdocs/file_rouge_gp1/src/Controller/BriefController.php
> git cat-file -s 32b7628525ec322ebff0654918b9e303bf8c5742
> git show --textconv :src/Entity/Promo.php
> git ls-files --stage -- /opt/lampp/htdocs/file_rouge_gp1/src/Entity/Promo.php
> git cat-file -s f5a7c24084d99c93550391f35032879f135a6c36
> git show --textconv :src/Controller/BriefController.php
> git ls-files --stage -- /opt/lampp/htdocs/file_rouge_gp1/src/Controller/BriefController.php
> git cat-file -s 32b7628525ec322ebff0654918b9e303bf8c5742
> git show --textconv :src/Entity/Brief.php
> git ls-files --stage -- /opt/lampp/htdocs/file_rouge_gp1/src/Entity/Brief.php
> git cat-file -s b076e1af8d1f402a7d9bf816d187c5828d2c02e9
> git show --textconv :src/Entity/PromoBrief.php
> git ls-files --stage -- /opt/lampp/htdocs/file_rouge_gp1/src/Entity/PromoBrief.php
> git cat-file -s b3c328fc4b91c9ec9da3470c937c21bcb273dac1
> git show --textconv :src/Controller/BriefController.php
> git ls-files --stage -- /opt/lampp/htdocs/file_rouge_gp1/src/Controller/BriefController.php
> git cat-file -s 32b7628525ec322ebff0654918b9e303bf8c5742
> git show --textconv :src/Entity/Promo.php
> git ls-files --stage -- /opt/lampp/htdocs/file_rouge_gp1/src/Entity/Promo.php
> git cat-file -s f5a7c24084d99c93550391f35032879f135a6c36
> git show --textconv :src/Controller/FormateurController.php
> git ls-files --stage -- /opt/lampp/htdocs/file_rouge_gp1/src/Controller/FormateurController.php
> git cat-file -s 919127f0aace73332bee43af91ea380eac6fbe81
> git show --textconv :src/Controller/BriefController.php
> git ls-files --stage -- /opt/lampp/htdocs/file_rouge_gp1/src/Controller/BriefController.php
> git cat-file -s 32b7628525ec322ebff0654918b9e303bf8c5742
> git show --textconv :src/Entity/Formateur.php
> git ls-files --stage -- /opt/lampp/htdocs/file_rouge_gp1/src/Entity/Formateur.php
> git cat-file -s 08eebe97592d23f174263178e60e5e2a43f0564d
> git show --textconv HEAD:src/Entity/Formateur.php
> git ls-tree -l HEAD -- /opt/lampp/htdocs/file_rouge_gp1/src/Entity/Formateur.php
> git show --textconv :src/Entity/Brief.php
> git ls-files --stage -- /opt/lampp/htdocs/file_rouge_gp1/src/Entity/Brief.php
> git cat-file -s b076e1af8d1f402a7d9bf816d187c5828d2c02e9
> git show --textconv :src/Controller/BriefController.php
> git ls-files --stage -- /opt/lampp/htdocs/file_rouge_gp1/src/Controller/BriefController.php
> git cat-file -s 32b7628525ec322ebff0654918b9e303bf8c5742
> git show --textconv :src/Entity/PromoBrief.php
> git ls-files --stage -- /opt/lampp/htdocs/file_rouge_gp1/src/Entity/PromoBrief.php
> git cat-file -s b3c328fc4b91c9ec9da3470c937c21bcb273dac1
> git show --textconv :src/Controller/BriefController.php
> git ls-files --stage -- /opt/lampp/htdocs/file_rouge_gp1/src/Controller/BriefController.php
> git cat-file -s 32b7628525ec322ebff0654918b9e303bf8c5742
> git show --textconv :src/Entity/Brief.php
> git ls-files --stage -- /opt/lampp/htdocs/file_rouge_gp1/src/Entity/Brief.php
> git cat-file -s b076e1af8d1f402a7d9bf816d187c5828d2c02e9
> git show --textconv :src/Entity/Formateur.php
> git ls-files --stage -- /opt/lampp/htdocs/file_rouge_gp1/src/Entity/Formateur.php
> git cat-file -s 08eebe97592d23f174263178e60e5e2a43f0564d
> git show --textconv :src/Entity/Groupe.php
> git ls-files --stage -- /opt/lampp/htdocs/file_rouge_gp1/src/Entity/Groupe.php
> git cat-file -s c99981c7b88350fc3a44c498704c8f88eb984c57
> git show --textconv :src/Entity/Livrable.php
> git ls-files --stage -- /opt/lampp/htdocs/file_rouge_gp1/src/Entity/Livrable.php
> git cat-file -s 8a8a0391268ac3cc0ac840bb6d6786ed2cbd570a
> git show --textconv :src/Entity/LivrableAttendu.php
> git ls-files --stage -- /opt/lampp/htdocs/file_rouge_gp1/src/Entity/LivrableAttendu.php
> git cat-file -s 1f77dcb2a01bae86c4bc5291f16cfba3b2d0763f
> git show --textconv :src/Entity/LivrablePartiel.php
> git ls-files --stage -- /opt/lampp/htdocs/file_rouge_gp1/src/Entity/LivrablePartiel.php
> git cat-file -s 7fe8af112b5075f83de8a3815b085d905a30f808
> git show --textconv :src/Entity/LivrableRendu.php
> git ls-files --stage -- /opt/lampp/htdocs/file_rouge_gp1/src/Entity/LivrableRendu.php
> git cat-file -s a624a1fd3f5d1b83b63b9e840f85d663af1885c8
> git show --textconv :src/Entity/Niveau.php
> git ls-files --stage -- /opt/lampp/htdocs/file_rouge_gp1/src/Entity/Niveau.php
> git cat-file -s 82efbe64184ecd9c91f41284c60cbcc749c1329b
> git show --textconv :src/Entity/Ressource.php
> git ls-files --stage -- /opt/lampp/htdocs/file_rouge_gp1/src/Entity/Ressource.php
> git cat-file -s cffd711a6759a1cf1dac0e264bdde9518c8f6d92
> git show --textconv :src/Entity/LivrableAttendu.php
> git ls-files --stage -- /opt/lampp/htdocs/file_rouge_gp1/src/Entity/LivrableAttendu.php
> git cat-file -s 1f77dcb2a01bae86c4bc5291f16cfba3b2d0763f
> git show --textconv :src/Entity/Brief.php
> git ls-files --stage -- /opt/lampp/htdocs/file_rouge_gp1/src/Entity/Brief.php
> git cat-file -s b076e1af8d1f402a7d9bf816d187c5828d2c02e9
> git show --textconv :src/Entity/Promo.php
> git ls-files --stage -- /opt/lampp/htdocs/file_rouge_gp1/src/Entity/Promo.php
> git cat-file -s f5a7c24084d99c93550391f35032879f135a6c36
> git show --textconv :src/Entity/Brief.php
> git ls-files --stage -- /opt/lampp/htdocs/file_rouge_gp1/src/Entity/Brief.php
> git cat-file -s b076e1af8d1f402a7d9bf816d187c5828d2c02e9
> git show --textconv :src/Entity/Promo.php
> git ls-files --stage -- /opt/lampp/htdocs/file_rouge_gp1/src/Entity/Promo.php
> git cat-file -s f5a7c24084d99c93550391f35032879f135a6c36
> git show --textconv :src/Entity/Brief.php
> git ls-files --stage -- /opt/lampp/htdocs/file_rouge_gp1/src/Entity/Brief.php
> git cat-file -s b076e1af8d1f402a7d9bf816d187c5828d2c02e9
> git log --format=%H%n%aN%n%aE%n%at%n%ct%n%P%n%B -z -n21 -- /opt/lampp/htdocs/file_rouge_gp1/src/Entity/Brief.php
> git show --textconv :src/Entity/PromoBrief.php
> git ls-files --stage -- /opt/lampp/htdocs/file_rouge_gp1/src/Entity/PromoBrief.php
> git cat-file -s b3c328fc4b91c9ec9da3470c937c21bcb273dac1
> git show --textconv :src/Entity/Brief.php
> git ls-files --stage -- /opt/lampp/htdocs/file_rouge_gp1/src/Entity/Brief.php
> git cat-file -s b076e1af8d1f402a7d9bf816d187c5828d2c02e9
> git show --textconv :src/Entity/PromoBrief.php
> git ls-files --stage -- /opt/lampp/htdocs/file_rouge_gp1/src/Entity/PromoBrief.php
> git cat-file -s b3c328fc4b91c9ec9da3470c937c21bcb273dac1
> git show --textconv :src/Entity/Brief.php
> git ls-files --stage -- /opt/lampp/htdocs/file_rouge_gp1/src/Entity/Brief.php
> git cat-file -s b076e1af8d1f402a7d9bf816d187c5828d2c02e9
> git show --textconv :src/Entity/Promo.php
> git ls-files --stage -- /opt/lampp/htdocs/file_rouge_gp1/src/Entity/Promo.php
> git cat-file -s f5a7c24084d99c93550391f35032879f135a6c36
> git show --textconv :src/Entity/Brief.php
> git ls-files --stage -- /opt/lampp/htdocs/file_rouge_gp1/src/Entity/Brief.php
> git cat-file -s b076e1af8d1f402a7d9bf816d187c5828d2c02e9
> git show --textconv :src/Entity/LivrableAttendu.php
> git ls-files --stage -- /opt/lampp/htdocs/file_rouge_gp1/src/Entity/LivrableAttendu.php
> git cat-file -s 1f77dcb2a01bae86c4bc5291f16cfba3b2d0763f
> git show --textconv :src/Entity/CM.php
> git ls-files --stage -- /opt/lampp/htdocs/file_rouge_gp1/src/Entity/CM.php
> git cat-file -s 7a50b69ad53ec9e85f37af984f9c440e216a198a
> git show --textconv :src/Entity/Brief.php
> git ls-files --stage -- /opt/lampp/htdocs/file_rouge_gp1/src/Entity/Brief.php
> git cat-file -s b076e1af8d1f402a7d9bf816d187c5828d2c02e9
> git show --textconv :src/Entity/LivrableAttendu.php
> git ls-files --stage -- /opt/lampp/htdocs/file_rouge_gp1/src/Entity/LivrableAttendu.php
> git cat-file -s 1f77dcb2a01bae86c4bc5291f16cfba3b2d0763f
> git show --textconv :src/Entity/Promo.php
> git ls-files --stage -- /opt/lampp/htdocs/file_rouge_gp1/src/Entity/Promo.php
> git cat-file -s f5a7c24084d99c93550391f35032879f135a6c36
> git show --textconv :src/Entity/Referentiel.php
> git ls-files --stage -- /opt/lampp/htdocs/file_rouge_gp1/src/Entity/Referentiel.php
> git cat-file -s 7404a0dda30c2a5fb7ba1005bac473ee6042a5f6
> git show --textconv :src/Entity/Promo.php
> git ls-files --stage -- /opt/lampp/htdocs/file_rouge_gp1/src/Entity/Promo.php
> git cat-file -s f5a7c24084d99c93550391f35032879f135a6c36
> git show --textconv :src/Entity/LivrableAttendu.php
> git ls-files --stage -- /opt/lampp/htdocs/file_rouge_gp1/src/Entity/LivrableAttendu.php
> git cat-file -s 1f77dcb2a01bae86c4bc5291f16cfba3b2d0763f
> git show --textconv :src/Entity/Niveau.php
> git ls-files --stage -- /opt/lampp/htdocs/file_rouge_gp1/src/Entity/Niveau.php
> git cat-file -s 82efbe64184ecd9c91f41284c60cbcc749c1329b
> git show --textconv :src/Entity/Tag.php
> git ls-files --stage -- /opt/lampp/htdocs/file_rouge_gp1/src/Entity/Tag.php
> git cat-file -s f2f1b8e0910f9949a25183803bb9fc4621faac4b
> git show --textconv :src/Entity/Brief.php
> git ls-files --stage -- /opt/lampp/htdocs/file_rouge_gp1/src/Entity/Brief.php
> git cat-file -s b076e1af8d1f402a7d9bf816d187c5828d2c02e9
> git show --textconv :src/Controller/BriefController.php
> git ls-files --stage -- /opt/lampp/htdocs/file_rouge_gp1/src/Controller/BriefController.php
> git cat-file -s 32b7628525ec322ebff0654918b9e303bf8c5742
> git show --textconv :src/Entity/Promo.php
> git ls-files --stage -- /opt/lampp/htdocs/file_rouge_gp1/src/Entity/Promo.php
> git cat-file -s f5a7c24084d99c93550391f35032879f135a6c36
> git show --textconv :src/Entity/Brief.php
> git ls-files --stage -- /opt/lampp/htdocs/file_rouge_gp1/src/Entity/Brief.php
> git cat-file -s b076e1af8d1f402a7d9bf816d187c5828d2c02e9
> git show --textconv :src/Entity/Promo.php
> git ls-files --stage -- /opt/lampp/htdocs/file_rouge_gp1/src/Entity/Promo.php
> git cat-file -s f5a7c24084d99c93550391f35032879f135a6c36
> git show --textconv :src/Entity/Brief.php
> git ls-files --stage -- /opt/lampp/htdocs/file_rouge_gp1/src/Entity/Brief.php
> git cat-file -s b076e1af8d1f402a7d9bf816d187c5828d2c02e9
> git show --textconv :src/Entity/Niveau.php
> git ls-files --stage -- /opt/lampp/htdocs/file_rouge_gp1/src/Entity/Niveau.php
> git cat-file -s 82efbe64184ecd9c91f41284c60cbcc749c1329b
> git show --textconv :src/Entity/Competence.php
> git ls-files --stage -- /opt/lampp/htdocs/file_rouge_gp1/src/Entity/Competence.php
> git cat-file -s 5f22a4ce272d3dabe6d787ec73daf5e8d5f6d701
> git show --textconv :src/Entity/Brief.php
> git ls-files --stage -- /opt/lampp/htdocs/file_rouge_gp1/src/Entity/Brief.php
> git cat-file -s b076e1af8d1f402a7d9bf816d187c5828d2c02e9
> git show --textconv :src/Entity/Niveau.php
> git ls-files --stage -- /opt/lampp/htdocs/file_rouge_gp1/src/Entity/Niveau.php
> git cat-file -s 82efbe64184ecd9c91f41284c60cbcc749c1329b
> git show --textconv :src/Entity/Brief.php
> git ls-files --stage -- /opt/lampp/htdocs/file_rouge_gp1/src/Entity/Brief.php
> git cat-file -s b076e1af8d1f402a7d9bf816d187c5828d2c02e9
> git show --textconv :src/Controller/BriefController.php
> git ls-files --stage -- /opt/lampp/htdocs/file_rouge_gp1/src/Controller/BriefController.php
> git cat-file -s 32b7628525ec322ebff0654918b9e303bf8c5742
> git show --textconv :src/Entity/Brief.php
> git ls-files --stage -- /opt/lampp/htdocs/file_rouge_gp1/src/Entity/Brief.php
> git cat-file -s b076e1af8d1f402a7d9bf816d187c5828d2c02e9
> git show --textconv :src/Controller/GroupetagController.php
> git ls-files --stage -- /opt/lampp/htdocs/file_rouge_gp1/src/Controller/GroupetagController.php
> git cat-file -s 450c3c2eaa8187bd804719771a439def2b2693d6
> git show --textconv :src/Entity/Niveau.php
> git ls-files --stage -- /opt/lampp/htdocs/file_rouge_gp1/src/Entity/Niveau.php
> git cat-file -s 82efbe64184ecd9c91f41284c60cbcc749c1329b
> git show --textconv :src/Entity/Competence.php
> git ls-files --stage -- /opt/lampp/htdocs/file_rouge_gp1/src/Entity/Competence.php
> git cat-file -s 5f22a4ce272d3dabe6d787ec73daf5e8d5f6d701
> git show --textconv :src/Entity/Niveau.php
> git ls-files --stage -- /opt/lampp/htdocs/file_rouge_gp1/src/Entity/Niveau.php
> git cat-file -s 82efbe64184ecd9c91f41284c60cbcc749c1329b
> git show --textconv :src/Entity/LivrableAttendu.php
> git ls-files --stage -- /opt/lampp/htdocs/file_rouge_gp1/src/Entity/LivrableAttendu.php
> git cat-file -s 1f77dcb2a01bae86c4bc5291f16cfba3b2d0763f
> git show --textconv :src/Entity/Niveau.php
> git ls-files --stage -- /opt/lampp/htdocs/file_rouge_gp1/src/Entity/Niveau.php
> git cat-file -s 82efbe64184ecd9c91f41284c60cbcc749c1329b
> git show --textconv :src/Entity/LivrableAttendu.php
> git ls-files --stage -- /opt/lampp/htdocs/file_rouge_gp1/src/Entity/LivrableAttendu.php
> git cat-file -s 1f77dcb2a01bae86c4bc5291f16cfba3b2d0763f
> git show --textconv :src/Entity/Livrable.php
> git ls-files --stage -- /opt/lampp/htdocs/file_rouge_gp1/src/Entity/Livrable.php
> git cat-file -s 8a8a0391268ac3cc0ac840bb6d6786ed2cbd570a
> git show --textconv :src/Entity/LivrableAttendu.php
> git ls-files --stage -- /opt/lampp/htdocs/file_rouge_gp1/src/Entity/LivrableAttendu.php
> git cat-file -s 1f77dcb2a01bae86c4bc5291f16cfba3b2d0763f
> git show --textconv :src/Entity/Livrable.php
> git ls-files --stage -- /opt/lampp/htdocs/file_rouge_gp1/src/Entity/Livrable.php
> git cat-file -s 8a8a0391268ac3cc0ac840bb6d6786ed2cbd570a
> git show --textconv :src/Controller/BriefController.php
> git ls-files --stage -- /opt/lampp/htdocs/file_rouge_gp1/src/Controller/BriefController.php
> git cat-file -s 32b7628525ec322ebff0654918b9e303bf8c5742
> git show --textconv :src/Entity/Promo.php
> git ls-files --stage -- /opt/lampp/htdocs/file_rouge_gp1/src/Entity/Promo.php
> git cat-file -s f5a7c24084d99c93550391f35032879f135a6c36
> git show --textconv :src/Entity/Referentiel.php
> git ls-files --stage -- /opt/lampp/htdocs/file_rouge_gp1/src/Entity/Referentiel.php
> git cat-file -s 7404a0dda30c2a5fb7ba1005bac473ee6042a5f6
> git show --textconv :src/Controller/PromoController.php
> git ls-files --stage -- /opt/lampp/htdocs/file_rouge_gp1/src/Controller/PromoController.php
> git cat-file -s 0215489fb83d3d128fa188802b44e99e536e36e4
> git show --textconv :src/Entity/Niveau.php
> git ls-files --stage -- /opt/lampp/htdocs/file_rouge_gp1/src/Entity/Niveau.php
> git cat-file -s 82efbe64184ecd9c91f41284c60cbcc749c1329b
> git show --textconv :src/Entity/Competence.php
> git ls-files --stage -- /opt/lampp/htdocs/file_rouge_gp1/src/Entity/Competence.php
> git cat-file -s 5f22a4ce272d3dabe6d787ec73daf5e8d5f6d701
> git show --textconv :src/Entity/Brief.php
> git ls-files --stage -- /opt/lampp/htdocs/file_rouge_gp1/src/Entity/Brief.php
> git cat-file -s b076e1af8d1f402a7d9bf816d187c5828d2c02e9
> git show --textconv :src/Controller/BriefController.php
> git ls-files --stage -- /opt/lampp/htdocs/file_rouge_gp1/src/Controller/BriefController.php
> git cat-file -s 32b7628525ec322ebff0654918b9e303bf8c5742
