[2020-07-23 14:45:12.961] [exthost] [info] extension host started
[2020-07-23 14:45:12.979] [exthost] [info] ExtensionService#_doActivateExtension vscode.debug-auto-launch {"startup":true,"extensionId":{"value":"vscode.debug-auto-launch","_lower":"vscode.debug-auto-launch"},"activationEvent":"*"}
[2020-07-23 14:45:12.980] [exthost] [info] ExtensionService#loadCommonJSModule file:///snap/code/38/usr/share/code/resources/app/extensions/debug-auto-launch/dist/extension
[2020-07-23 14:45:12.982] [exthost] [info] ExtensionService#_doActivateExtension vscode.emmet {"startup":true,"extensionId":{"value":"vscode.emmet","_lower":"vscode.emmet"},"activationEvent":"*"}
[2020-07-23 14:45:12.982] [exthost] [info] ExtensionService#loadCommonJSModule file:///snap/code/38/usr/share/code/resources/app/extensions/emmet/dist/extension
[2020-07-23 14:45:12.993] [exthost] [info] ExtensionService#_doActivateExtension vscode.git {"startup":true,"extensionId":{"value":"vscode.github","_lower":"vscode.github"},"activationEvent":"*"}
[2020-07-23 14:45:12.993] [exthost] [info] ExtensionService#loadCommonJSModule file:///snap/code/38/usr/share/code/resources/app/extensions/git/dist/main
[2020-07-23 14:45:13.007] [exthost] [info] ExtensionService#_doActivateExtension vscode.github-authentication {"startup":true,"extensionId":{"value":"vscode.github-authentication","_lower":"vscode.github-authentication"},"activationEvent":"*"}
[2020-07-23 14:45:13.007] [exthost] [info] ExtensionService#loadCommonJSModule file:///snap/code/38/usr/share/code/resources/app/extensions/github-authentication/dist/extension.js
[2020-07-23 14:45:13.011] [exthost] [info] ExtensionService#_doActivateExtension vscode.merge-conflict {"startup":true,"extensionId":{"value":"vscode.merge-conflict","_lower":"vscode.merge-conflict"},"activationEvent":"*"}
[2020-07-23 14:45:13.011] [exthost] [info] ExtensionService#loadCommonJSModule file:///snap/code/38/usr/share/code/resources/app/extensions/merge-conflict/dist/mergeConflictMain
[2020-07-23 14:45:13.013] [exthost] [info] ExtensionService#_doActivateExtension vscode.microsoft-authentication {"startup":true,"extensionId":{"value":"vscode.microsoft-authentication","_lower":"vscode.microsoft-authentication"},"activationEvent":"*"}
[2020-07-23 14:45:13.013] [exthost] [info] ExtensionService#loadCommonJSModule file:///snap/code/38/usr/share/code/resources/app/extensions/microsoft-authentication/dist/extension.js
[2020-07-23 14:45:13.016] [exthost] [info] ExtensionService#_doActivateExtension vscode.search-result {"startup":true,"extensionId":{"value":"vscode.search-result","_lower":"vscode.search-result"},"activationEvent":"*"}
[2020-07-23 14:45:13.016] [exthost] [info] ExtensionService#loadCommonJSModule file:///snap/code/38/usr/share/code/resources/app/extensions/search-result/dist/extension.js
[2020-07-23 14:45:13.100] [exthost] [info] ExtensionService#_doActivateExtension vscode.github {"startup":true,"extensionId":{"value":"vscode.github","_lower":"vscode.github"},"activationEvent":"*"}
[2020-07-23 14:45:13.100] [exthost] [info] ExtensionService#loadCommonJSModule file:///snap/code/38/usr/share/code/resources/app/extensions/github/dist/extension.js
[2020-07-23 14:45:13.162] [exthost] [info] eager extensions activated
[2020-07-23 14:45:25.388] [exthost] [info] ExtensionService#_doActivateExtension vscode.configuration-editing {"startup":false,"extensionId":{"value":"vscode.configuration-editing","_lower":"vscode.configuration-editing"},"activationEvent":"onLanguage:jsonc"}
[2020-07-23 14:45:25.388] [exthost] [info] ExtensionService#loadCommonJSModule file:///snap/code/38/usr/share/code/resources/app/extensions/configuration-editing/dist/configurationEditingMain
[2020-07-23 14:45:25.410] [exthost] [info] ExtensionService#_doActivateExtension vscode.json-language-features {"startup":false,"extensionId":{"value":"vscode.json-language-features","_lower":"vscode.json-language-features"},"activationEvent":"onLanguage:jsonc"}
[2020-07-23 14:45:25.411] [exthost] [info] ExtensionService#loadCommonJSModule file:///snap/code/38/usr/share/code/resources/app/extensions/json-language-features/client/dist/node/jsonClientMain
[2020-07-23 14:45:25.429] [exthost] [info] ExtensionService#_doActivateExtension vscode.typescript-language-features {"startup":false,"extensionId":{"value":"vscode.typescript-language-features","_lower":"vscode.typescript-language-features"},"activationEvent":"onLanguage:jsonc"}
[2020-07-23 14:45:25.429] [exthost] [info] ExtensionService#loadCommonJSModule file:///snap/code/38/usr/share/code/resources/app/extensions/typescript-language-features/dist/extension
[2020-07-23 15:00:17.303] [exthost] [info] ExtensionService#_doActivateExtension vscode.php-language-features {"startup":false,"extensionId":{"value":"vscode.php-language-features","_lower":"vscode.php-language-features"},"activationEvent":"onLanguage:php"}
[2020-07-23 15:00:17.303] [exthost] [info] ExtensionService#loadCommonJSModule file:///snap/code/38/usr/share/code/resources/app/extensions/php-language-features/dist/phpMain
[2020-07-23 15:00:17.327] [exthost] [info] ExtensionService#_doActivateExtension MehediDracula.php-namespace-resolver {"startup":false,"extensionId":{"value":"MehediDracula.php-namespace-resolver","_lower":"mehedidracula.php-namespace-resolver"},"activationEvent":"onLanguage:php"}
[2020-07-23 15:00:17.327] [exthost] [info] ExtensionService#loadCommonJSModule file:///root/.vscode/extensions/mehedidracula.php-namespace-resolver-1.1.8/src/extension
